---------------------------------------------
PIC ASSEMBLER LISTING
Line    Address Opcode  Instruction
---------------------------------------------
0001    0000            	org	0
0002    0000    1683    	bsf	status,5
0003    0001    0185    	clrf	trisa
0004    0002    0186    	clrf	trisb
0005    0003    3047    	movlw	b'1000111'
0006    0004    0081    	movwf	option
0007    0005    1405    	bsf	porta,0
0008    0006    1485    	bsf	porta,1
0009    0007    1505    	bsf	porta,2
0010    0008    1585    	bsf	porta,3
0011    0009    1006    	bcf	PORTB,0
0012    000A    1086    	bcf	PORTB,1
0013    000B    1106    	bcf	PORTB,2
0014    000C    1186    	bcf	PORTB,3
0015    000D    1206    	bcf	PORTB,4
0016    000E    1286    	bcf	PORTB,5
0017    000F    1306    	bcf	PORTB,6
0018    0010    1386    	bcf	PORTB,7
0019    0011    1283    	bcf	status,5
0020    0012    0185    	clrf	PORTA
0021    0013    0186    	clrf	PORTB
0022    0014    3001    	movlw	.1
0023    0015    009B    	movwf	1BH		;Permanentes
0024    0016    3002    	movlw	.2
0025    0017    009C    	movwf	1CH		;Permanentes
0026    0018    3003    	movlw	.3
0027    0019    00BA    	movwf	3AH		;Permanentes
0028    001A    3004    	movlw	.4
0029    001B    00BB    	movwf	3BH		;Permanentes
0030    001C    3005    	movlw	.5
0031    001D    00CA    	movwf	4AH		;Permanentes
0032    001E    3006    	movlw	.6
0033    001F    00CB    	movwf	4BH		;Permanentes
0034    0020    3007    	movlw	.7
0035    0021    00CC    	movwf	4CH		;Permanentes
0036    0022    3002    	movlw	.2
0037    0023    009A    	movwf	1AH		;el que varia	
0038    0024    3001    	movlw	.1
0039    0025    00AA    	movwf	2AH
0040    0026            
0041    0026    3004    	movlw	.4		;inicial	DEMORA
0042    0027    009D    	movwf	1DH
0043    0028    303D    	movlw	.61		;;inicial	TMR0
0044    0029    00AC    	movwf	2CH
0045    002A            	
0046    002A            
0047    002A    1C05    inicio	btfss	porta,0
0048    002B    282A    	goto	inicio		;NO
0049    002C    282D    	goto	traba		;SI
0050    002D            
0051    002D    1686    traba	bsf	portb,5
0052    002E    1805    	btfsc	porta,0
0053    002F    282D    	goto	traba		;NO SOLTO
0054    0030    2831    	goto	inicix		;SI SOLTO
0055    0031            	
0056    0031            inicix	
0057    0031    1D05    ra2	btfss	porta,2
0058    0032    2834    	goto	ra3		;no
0059    0033    28A2    	goto	kiss		;si
0060    0034            
0061    0034    1D85    ra3	btfss	porta,3
0062    0035    2837    	goto	ra1		;no
0063    0036    28E1    	goto	kiss2		;si
0064    0037            	
0065    0037    1C85    ra1	btfss	porta,1
0066    0038    283D    	goto	sopo		;NO (hiva noo4)
0067    0039    283A    	goto	cambio		;si
0068    003A            
0069    003A    1885    cambio	btfsc	porta,1
0070    003B    283A    	goto	cambio
0071    003C    2831    	goto	inicix
0072    003D            
0073    003D    081B    sopo	movfw	1BH		;vale 1
0074    003E    022A    	subwf	2AH,W		;variable
0075    003F    1D03    	btfss	status,2
0076    0040    2842    	goto	gogo		;no ( porque varia con ra1, que nos da z=0) IZQUIERAA
0077    0041    2872    	goto	gege		;si ( porque quedo 0) DERECHA
0078    0042            
0079    0042            gogo
0080    0042    1706    	bsf	portb,6
0081    0043    1386    	bcf	portb,7
0082    0044    1086    	bcf	portb,1
0083    0045    1106    	bcf	portb,2
0084    0046    1586    	bsf	portb,3
0085    0047    1606    	bsf	portb,4
0086    0048    210D    	call	demora
0087    0049    1486    	bsf	portb,1
0088    004A    1106    	bcf	portb,2
0089    004B    1186    	bcf	portb,3
0090    004C    1606    	bsf	portb,4
0091    004D    210D    	call	demora
0092    004E    1486    	bsf	portb,1
0093    004F    1506    	bsf	portb,2
0094    0050    1186    	bcf	portb,3
0095    0051    1206    	bcf	portb,4
0096    0052    210D    	call	demora
0097    0053    1086    	bcf	portb,1
0098    0054    1506    	bsf	portb,2
0099    0055    1586    	bsf	portb,3
0100    0056    1206    	bcf	portb,4
0101    0057    210D    	call 	demora
0102    0058            
0103    0058    1C05    	btfss	porta,0
0104    0059    285B    	goto	lono
0105    005A    2866    	goto	li7
0106    005B    1D05    lono	btfss	porta,2
0107    005C    285E    	goto	lono2
0108    005D    28A2    	goto	kiss
0109    005E            
0110    005E    1D85    lono2	btfss	porta,3
0111    005F    2861    	goto	lono3
0112    0060    28E1    	goto	kiss2
0113    0061            
0114    0061    1C85    lono3	btfss	porta,1
0115    0062    2842    	goto	gogo
0116    0063    3001    	movlw	.1		
0117    0064    00AA    	movwf	2AH
0118    0065    283A    	goto	cambio
0119    0066            
0120    0066    1086    li7	bcf	portb,1
0121    0067    1106    	bcf	portb,2
0122    0068    1186    	bcf	portb,3
0123    0069    1206    	bcf	portb,4
0124    006A    1286    	bcf	portb,5
0125    006B    1306    	bcf	portb,6
0126    006C    1386    	bcf	portb,7
0127    006D    3002    	movlw	.2
0128    006E    00AA    	movwf	2AH
0129    006F    1805    poti	btfsc	porta,0
0130    0070    286F    	goto	poti
0131    0071    282A    	goto	inicio
0132    0072            
0133    0072            gege
0134    0072    1306    	bcf	portb,6
0135    0073    1786    	bsf	portb,7
0136    0074            
0137    0074    1486    	bsf	portb,1
0138    0075    1506    	bsf	portb,2
0139    0076    1186    	bcf	portb,3
0140    0077    1206    	bcf	portb,4
0141    0078    210D    	call	demora
0142    0079    1486    	bsf	portb,1
0143    007A    1106    	bcf	portb,2
0144    007B    1186    	bcf	portb,3
0145    007C    1606    	bsf	portb,4
0146    007D    210D    	call	demora
0147    007E    1086    	bcf	portb,1
0148    007F    1106    	bcf	portb,2
0149    0080    1586    	bsf	portb,3
0150    0081    1606    	bsf	portb,4
0151    0082    210D    	call	demora
0152    0083    1086    	bcf	portb,1
0153    0084    1506    	bsf	portb,2
0154    0085    1586    	bsf	portb,3
0155    0086    1206    	bcf	portb,4
0156    0087    210D    	call 	demora
0157    0088            				;preguntando
0158    0088    1C05    	btfss	porta,0		
0159    0089    2897    	goto	noko
0160    008A    288B    	goto	li8		;quiero apagar	
0161    008B            
0162    008B    1086    li8	bcf	portb,1
0163    008C    1106    	bcf	portb,2
0164    008D    1186    	bcf	portb,3
0165    008E    1206    	bcf	portb,4
0166    008F    1286    	bcf	portb,5
0167    0090    1306    	bcf	portb,6
0168    0091    1386    	bcf	portb,7
0169    0092    3001    	movlw	.1
0170    0093    00AA    	movwf	2AH
0171    0094    1805    yu	btfsc	porta,0 
0172    0095    2894    	goto	yu
0173    0096    282A    	goto	inicio
0174    0097            
0175    0097    1D05    noko	btfss	porta,2
0176    0098    289A    	goto	noko1
0177    0099    28A2    	goto	kiss
0178    009A    1D85    noko1	btfss	porta,3
0179    009B    289D    	goto	noko2
0180    009C    28E1    	goto	kiss2
0181    009D    1C85    noko2	btfss	porta,1
0182    009E    2872    	goto	gege
0183    009F    3002    	movlw	.2		;Derecha
0184    00A0    00AA    	movwf	2AH
0185    00A1    283A    	goto	cambio
0186    00A2            
0187    00A2            
0188    00A2    1905    kiss	btfsc	porta,2
0189    00A3    28A2    	goto	kiss
0190    00A4    28A5    	goto	empiesa
0191    00A5            
0192    00A5            empiesa	
0193    00A5    081C    no1	movfw	1CH		;.2	10
0194    00A6    021A    	subwf	1AH,W
0195    00A7    1D03    	btfss	status,2
0196    00A8    28AF    	goto	no2
0197    00A9    0A9A    	incf	1AH,F
0198    00AA    3002    	movlw	.2		;inicial	DEMORA
0199    00AB    009D    	movwf	1DH
0200    00AC    303D    	movlw	.61		;;inicial	TMR0
0201    00AD    00AC    	movwf	2CH
0202    00AE    2834    	goto	ra3
0203    00AF            
0204    00AF    083A    no2	movfw	3AH		;.3	15
0205    00B0    021A    	subwf	1AH,W
0206    00B1    1D03    	btfss	status,2
0207    00B2    28BA    	goto	no3
0208    00B3    28B4    	goto	as
0209    00B4    0A9A    as	incf	1AH,F
0210    00B5    3002    	movlw	.2		;inicial	DEMORA
0211    00B6    009D    	movwf	1DH
0212    00B7    307E    	movlw	.126		;;inicial	TMR0
0213    00B8    00AC    	movwf	2CH
0214    00B9    2834    	goto	ra3
0215    00BA            
0216    00BA    083B    no3	movfw	3BH		;.4	20
0217    00BB    021A    	subwf	1AH,W
0218    00BC    1D03    	btfss	status,2
0219    00BD    28C4    	goto	no4
0220    00BE    28BF    	goto	ad
0221    00BF    0A9A    ad	incf	1AH,F
0222    00C0    3001    	movlw	.1		;inicial	DEMORA
0223    00C1    009D    	movwf	1DH
0224    00C2    303D    	movlw	.61		;;inicial	TMR0
0225    00C3    2834    	goto	ra3
0226    00C4            
0227    00C4    084A    no4	movfw	4AH		;.5	25
0228    00C5    021A    	subwf	1AH,W
0229    00C6    1D03    	btfss	status,2
0230    00C7    28CE    	goto	no5
0231    00C8    28C9    	goto	af
0232    00C9    0A9A    af	incf	1AH,F
0233    00CA    3001    	movlw	.1		;inicial	DEMORA
0234    00CB    009D    	movwf	1DH
0235    00CC    3064    	movlw	.100		;;inicial	TMR0
0236    00CD    2834    	goto	ra3
0237    00CE            
0238    00CE    084B    no5	movfw	4BH		;.6	30
0239    00CF    021A    	subwf	1AH,W
0240    00D0    1D03    	btfss	status,2
0241    00D1    28D8    	goto	gh		;no
0242    00D2    28D3    	goto	ag		;si
0243    00D3    0A9A    ag	incf	1AH,F
0244    00D4    3001    	movlw	.1		;inicial	DEMORA
0245    00D5    009D    	movwf	1DH
0246    00D6    307E    	movlw	.126		;;inicial	TMR0
0247    00D7    2834    	goto	ra3		;FIN
0248    00D8            
0249    00D8    084C    gh	movfw	4CH		;.7	35
0250    00D9    021A    	subwf	1AH,W
0251    00DA    1D03    	btfss	status,2
0252    00DB    2831    	goto	inicix
0253    00DC    0A9A    	incf	1AH,F
0254    00DD    3001    	movlw	.1		;inicial	DEMORA
0255    00DE    009D    	movwf	1DH
0256    00DF    3091    	movlw	.145		;;inicial	TMR0
0257    00E0    2834    	goto	ra3		;FIN
0258    00E1            
0259    00E1            
0260    00E1    1985    kiss2	btfsc	porta,3
0261    00E2    28E1    	goto	kiss2
0262    00E3    28E4    	goto	empies2		;EMPIESA 2
0263    00E4    084C    empies2	movfw	4CH		;.7
0264    00E5    021A    	subwf	1AH,W
0265    00E6    1D03    	btfss	status,2
0266    00E7    28EB    	goto	nope1
0267    00E8    28E9    	goto	sepe1
0268    00E9    039A    sepe1	decf	1AH,F
0269    00EA    2831    	goto	inicix
0270    00EB            
0271    00EB    084B    nope1	movfw	4BH		;.6
0272    00EC    021A    	SUBWF	1AH,W
0273    00ED    1D03    	BTFSS	status,2
0274    00EE    28F2    	GOTO	nope2
0275    00EF    28F0    	goto	sepe2
0276    00F0    039A    sepe2	decf	1AH,F
0277    00F1    2831    	GOTO	inicix
0278    00F2            
0279    00F2    084A    nope2	movfw	4AH		;.5
0280    00F3    021A    	SUBWF	1AH,W
0281    00F4    1D03    	BTFSS	status,2
0282    00F5    28F9    	GOTO	nope3
0283    00F6    28F7    	goto	sepe3
0284    00F7    039A    sepe3	DECF	1AH,F
0285    00F8    2831    	GOTO	inicix
0286    00F9            
0287    00F9    083B    nope3	movfw	3BH		;.4
0288    00FA    021A    	SUBWF	1AH,W
0289    00FB    1D03    	BTFSS	status,2
0290    00FC    2900    	GOTO	nope4
0291    00FD    28FE    	goto	sepe4
0292    00FE    039A    sepe4	DECF	1AH,F
0293    00FF    2831    	GOTO	inicix
0294    0100            
0295    0100    083A    nope4	movfw	3AH		;.3
0296    0101    021A    	SUBWF	1AH,W
0297    0102    1D03    	BTFSS	status,2
0298    0103    2907    	GOTO	nope5
0299    0104    2905    	goto	sepe5
0300    0105    039A    sepe5	DECF	1AH,F
0301    0106    2831    	GOTO	inicix
0302    0107            
0303    0107    081C    nope5	movfw	1CH		;.2
0304    0108    021A    	SUBWF	1AH,W
0305    0109    1D03    	BTFSS	status,2
0306    010A    2831    	GOTO	inicix
0307    010B    039A    	DECF	1AH,F
0308    010C    2831    	GOTO	ra2		;FIIN
0309    010D            
0310    010D            
0311    010D    0181    demora	clrf	TMR0		;TMR0=0
0312    010E    081D    	movfw	1DH		;variable (TENGO .50)
0313    010F    00BD    	movwf	3DH		;permanente
0314    0110    110B    pipa	bcf	intcon,2
0315    0111    082C    	movfw	2CH		;variable (TENGO .50)
0316    0112    0081    	movwf	TMR0		;Permanente
0317    0113    1D0B    no	btfss	intcon,2
0318    0114    2913    	goto	no
0319    0115    2916    	goto	si9
0320    0116    0BBD    si9	decfsz	3DH,F
0321    0117    2910    	goto	pipa
0322    0118    0008    	return
0323    0119            	
---------------------------------------------
Number of errors = 0
