---------------------------------------------
PIC ASSEMBLER LISTING
Line    Address Opcode  Instruction
---------------------------------------------
0001    0000            	ORG   0      	;DIRECTIVA Origen del programa
0002    0000    1683    	bsf   STATUS,5   ;CAMBIO DE BANCO para configurar el Micro
0003    0001    0185    	clrf   TRISA      ;Todo en 0(8 bit)
0004    0002    0186    	clrf   TRISB      ;Todo en 0(8 bit)
0005    0003    3047    	movlw   b'1000111'
0006    0004    0081    	movwf   option	         
0007    0005    1405    	bsf   PORTA,0      ;para precionar entradas
0008    0006    1485    	bsf   PORTA,1      ;para precionar
0009    0007    1505    	bsf   PORTA,2      ;para precionar
0010    0008    1585    	bsf   PORTA,3      ;para precionar 
0011    0009    1605    	bsf   PORTA,4      ;para precionar         
0012    000A    1006    	bcf   PORTB,0      ;Salidas
0013    000B    1086    	bcf   PORTB,1
0014    000C    1106    	bcf   PORTB,2
0015    000D    1186    	bcf   PORTB,3
0016    000E    1206    	bcf   PORTB,4   
0017    000F            
0018    000F            	;comandos para la Funcion velocidad
0019    000F    3001    	movlw   .1
0020    0010    00AA    	movwf   2ah
0021    0011    3002    	movlw   .2
0022    0012    00AB    	movwf   2bh
0023    0013    3003    	movlw   .3
0024    0014    00AC    	movwf   2ch
0025    0015    3004    	movlw   .4
0026    0016    00AD    	movwf   2dh
0027    0017    3005    	movlw   .5
0028    0018    00AE    	movwf   2eh
0029    0019            
0030    0019            	;configuraciones de los colores a prender
0031    0019    1406    	bsf   portb,0      ;Verde prende
0032    001A    0806    	movfw   portb
0033    001B    00BA    	movwf   3ah
0034    001C    0186    	clrf   PORTB      ;TODO EN 0
0035    001D             
0036    001D    1486    	bsf   portb,1      ;Amarillo prende
0037    001E    0806    	movfw   portb
0038    001F    00BB    	movwf   3bh
0039    0020    0186    	clrf   PORTB      ;TODO EN 0
0040    0021                       
0041    0021    1506    	bsf   portb,2      ;Azul prende
0042    0022    0806    	movfw   portb
0043    0023    00BC    	movwf   3ch
0044    0024    0186    	clrf   PORTB      ;TODO EN 0
0045    0025                       
0046    0025    1586    	bsf   portb,3      ;Rojo prende
0047    0026    0806    	movfw   portb
0048    0027    00BD    	movwf   3dh
0049    0028    0186    	clrf   PORTB      ;TODO EN 0
0050    0029            
0051    0029            	;cierro el terminal de datos
0052    0029    1283    	bcf   STATUS,5   ;CAMBIO DE BANCO
0053    002A    0185    	clrf   PORTA      ;TODO EN 0 
0054    002B    0186    	clrf   PORTB      ;TODO EN 0
0055    002C            	          
0056    002C            	;configuraciones de los colores a prender
0057    002C    1406    	bsf   portb,0      ;Verde prende
0058    002D    0806    	movfw   portb
0059    002E    00BA    	movwf   3ah
0060    002F    0186    	clrf   PORTB      ;TODO EN 0
0061    0030             
0062    0030    1486    	bsf   portb,1      ;Amarillo prende
0063    0031    0806    	movfw   portb
0064    0032    00BB    	movwf   3bh
0065    0033    0186    	clrf   PORTB      ;TODO EN 0
0066    0034                       
0067    0034    1506    	bsf   portb,2      ;Azul prende
0068    0035    0806    	movfw   portb
0069    0036    00BC    	movwf   3ch
0070    0037    0186    	clrf   PORTB      ;TODO EN 0
0071    0038                       
0072    0038    1586    	bsf   portb,3      ;Rojo prende
0073    0039    0806    	movfw   portb
0074    003A    00BD    	movwf   3dh
0075    003B    0186    	clrf   PORTB      ;TODO EN 0
0076    003C            	
0077    003C    1606    	bsf   portb,4      ;Blanco prende
0078    003D    0806    	movfw   portb
0079    003E    00BE    	movwf   3eh
0080    003F    0186    	clrf   PORTB      ;TODO EN 0
0081    0040            	               
0082    0040            	;Empesando con el sistema de velocidades, a elegir velocidad por colores
0083    0040                    
0084    0040    1C05    inicio  btfss   porta,0
0085    0041    2848    	goto   NO      ;Sigue preguntando por los otros      
0086    0042    2420    	call   demora1      ;Si es si va por una velocidad de 1 segundo
0087    0043    1805    no1     btfsc   porta,0      ;Pregunto si solto el boton.
0088    0044    2843    	goto   no1      ;pregunto cuando lo suelto
0089    0045    3001    	movlw   .1      ;pongo .1 para indentificar la velocidades en la funcion de velocidad
0090    0046    009A    	movwf   1AH      ;variable entre .1 a .5
0091    0047    2868    	goto   F1      ;Funcion velocidad
0092    0048            
0093    0048            	;Segunda pregunta de velocidad-----------------------------------------------    
0094    0048    1C85    NO      btfss    porta,1      ;pregunto por la segunda velocidad de 0,8 seg
0095    0049    2850    	goto   NO2
0096    004A    2420    	CALL   demora1      ;Si es si
0097    004B    1885    NO3     btfsc   porta,1
0098    004C    284B    	goto   NO3      ;pregunto cuando lo suelto
0099    004D    3002    	movlw   .2
0100    004E    009A    	movwf   1AH
0101    004F    2868    	goto   F1      ;Funcion velocidad
0102    0050            
0103    0050            	;Tercera pregunta de velocidad-----------------------------------------------
0104    0050    1D05    NO2     btfss   porta,2      ;pregunto por la tercera velocidad que es 0,6 seg
0105    0051    2858    	goto   NO4
0106    0052    2420    	call   demora1
0107    0053    1905    no5     btfsc   porta,2
0108    0054    2853    	goto   no5
0109    0055    3003    	movlw   .3
0110    0056    009A    	movwf   1AH
0111    0057    2868    	goto   F1
0112    0058            
0113    0058            	;Cuarta pregunta de velocidad------------------------------------------------
0114    0058    1D85    NO4     btfss   porta,3      ;pregunto por la tercera velocidad que es 0,5 seg   
0115    0059    2860    	goto   no6
0116    005A    2420    	call    demora1
0117    005B    1985    no7     btfsc   porta,3
0118    005C    285B    	goto   no7
0119    005D    3004    	movlw   .4
0120    005E    009A    	movwf   1AH
0121    005F    2868    	goto   F1
0122    0060            
0123    0060            	;Quinta y ultima pregunta de velocidad--------------------------------------      
0124    0060    1E05    no6   btfss   porta,4      ;pregunto por la tercera velocidad que es 0,4 seg
0125    0061    2840    	goto   inicio      ;Me vuelvo para el principio (no se toco nada)
0126    0062    2420    	call    demora1
0127    0063    1A05    no8     btfsc   porta,4
0128    0064    2863    	goto   no8
0129    0065    3005    	movlw   .5
0130    0066    009A    	movwf   1AH
0131    0067    2868    	goto   F1
0132    0068            	         
0133    0068            	;Fin de la pregunta de velocidades, empiesa el comando de velocidad--------
0134    0068    082A    F1      movfw   2AH      ;.1 - .1 deberia dar cero si se preciono porta,0
0135    0069    021A    	subwf   1AH,W
0136    006A    1D03    	btfss   status,2   ;Z = 1   el resultado dio cero
0137    006B    2871    	goto   NO9      ;Z no vale 0, pregunto por los otros
0138    006C    3014    	movlw   .20      ;.20 es que repite 20 veses 50mseg, Si el resultado da cero la velocidad es de 1seg
0139    006D    00B0    	movwf   30h      ;Donde pongo el dato de .20, variable del timer
0140    006E    303D    	movlw   .61      ;50 mseg
0141    006F    00B1    	movwf   31h      ;Donde pongo el dato de .61=50mseg, variable del timer
0142    0070    2895    	goto   juego      ;Empiesa el juego
0143    0071                           
0144    0071            	;comando de velocidad numero 2--------------------------------------------
0145    0071    082B    NO9     movfw   2BH      ;.2 - .1 deberia dar cero si se preciono porta,0
0146    0072    021A    	subwf   1AH,W
0147    0073    1D03    	btfss   status,2   ;Z = 1   el resultado dio cero
0148    0074    287A    	goto   NO10      ;Z no vale 0, pregunto por los otros
0149    0075    3010    	movlw   .16      ;.16 es que repite 16 veses 50mseg, Si el resultado da cero la velocidad es de 0,8seg
0150    0076    00B0    	movwf   30h      ;Donde pongo el dato de .16, variable del timer
0151    0077    303D    	movlw   .61      ;50 mseg
0152    0078    00B1    	movwf   31h      ;Donde pongo el dato de .61=50mseg, variable del timer
0153    0079    2895    	goto   juego      ;Empiesa el juego
0154    007A               
0155    007A            	;comando de velocidad numero 3-------------------------------------------
0156    007A    082C    NO10    movfw   2CH      ;.3 - .1 deberia dar cero si se preciono porta,0
0157    007B    021A    	subwf   1AH,W
0158    007C    1D03    	btfss   status,2   ;Z = 1   el resultado dio cero
0159    007D    2883    	goto   NO11      ;Z no vale 0, pregunto por los otros
0160    007E    300C    	movlw   .12      ;.12 es que repite 12 veses 50mseg, Si el resultado da cero la velocidad es de 0,6seg
0161    007F    00B0    	movwf   30h      ;Donde pongo el dato de .12, variable del timer
0162    0080    303D    	movlw   .61      ;50 mseg
0163    0081    00B1    	movwf   31h      ;Donde pongo el dato de .61=50mseg, variable del timer
0164    0082    2895    	goto   juego      ;Empiesa el juego
0165    0083                     
0166    0083            	;comando de velocidad numero 4-------------------------------------------
0167    0083    082D    NO11    movfw   2DH      ;.4 - .1 deberia dar cero si se preciono porta,0
0168    0084    021A    	subwf   1AH,W
0169    0085    1D03    	btfss   status,2   ;Z = 1   el resultado dio cero
0170    0086    288C    	goto   NO12      ;Z no vale 0, pregunto por los otros
0171    0087    300A    	movlw   .10      ;.10 es que repite 10 veses 50mseg, Si el resultado da cero la velocidad es de 0,5seg
0172    0088    00B0    	movwf   30h      ;Donde pongo el dato de .10, variable del timer
0173    0089    303D    	movlw   .61      ;50 mseg
0174    008A    00B1    	movwf   31h      ;Donde pongo el dato de .61=50mseg, variable del timer
0175    008B    2895    	goto   juego      ;Empiesa el juego
0176    008C                       
0177    008C            	;comando de velocidad numero 5-------------------------------------------
0178    008C    082E    NO12    movfw   2EH	;.5 - .1 deberia dar cero si se preciono porta,0
0179    008D    021A    	subwf   1AH,W
0180    008E    1D03    	btfss   status,2   ;Z = 1   el resultado dio cero
0181    008F    2840    	goto   inicio      ;Z no vale 0, pregunto por los otros
0182    0090    3008    	movlw   .8      ;.8 es que repite 8 veses 50mseg, Si el resultado da cero la velocidad es de 0,4seg
0183    0091    00B0    	movwf   30h      ;Donde pongo el dato de .8, variable del timer
0184    0092    303D    	movlw   .61      ;50 mseg
0185    0093    00B1    	movwf   31h      ;Donde pongo el dato de .61=50mseg, variable del timer
0186    0094    2895    	goto   juego      ;Empiesa el juego
0187    0095            
0188    0095                    ;EMPIESA EL JUEGO Codigo de muestreo-------------------------------------
0189    0095    0186    juego   clrf   portb      ;limpia el puerto b por las dudas
0190    0096    1406    	bsf   portb,0      ;Prende el verde
0191    0097    2414    	call   demorav      ;Demora variable
0192    0098    1006    	bcf   portb,0      ;apaga el verde
0193    0099    3001    	movlw   .1
0194    009A    00CA    	movwf   4ah
0195    009B                   
0196    009B            	;Primera pregunta--------------------------------------------------------
0197    009B    1C05    j1	btfss   porta,0		;aprete el puerto A,0?
0198    009C    28A7    	goto   no13		;si es no me voy a preguntar por los otros puertos
0199    009D    3001    	movlw   .1		;si es si
0200    009E    00C0    	movwf   40h		;variable para restar despues
0201    009F    1406    	bsf   portb,0		;Prende el color del puertob,0
0202    00A0                   	;Empiesa la funcion aleatoria--------------------------------------------
0203    00A0    2420          call   demora1		;Anti rebote de 50mseg
0204    00A1    1805    w1	btfsc   porta,0		;primera pregunta aleatoria
0205    00A2    28A4    	goto	no17
0206    00A3    28D7    	goto	R1		;es la parte donde se le resta para hacer lo de aleatorio		
0207    00A4    3001    no17	movlw	.1
0208    00A5    07C9    	addwf	49h,f		;Se le suma .1 al 49h que es una memoria
0209    00A6    28A1    	goto	w1
0210    00A7            		     
0211    00A7            	;pregunta por el otro pulsador------------------------------------------
0212    00A7    1C85    no13    btfss   porta,1      ;aprete el puerto A,1?
0213    00A8    28B3    	goto    no14      ;si es no me voy a preguntar por los otros puertos
0214    00A9    3002    	movlw   .2      ;si es si
0215    00AA    00C0    	movwf   40h      ;variable para restar despues
0216    00AB    1486    	bsf	portb,1      ;Prende el color del puertob,1
0217    00AC                  	;Primera pregunta de la funcion aleatoria-------------------------------
0218    00AC    2420          call	demora1		;Anti rebote de 50mseg
0219    00AD    1885    w2	btfsc   porta,1		;primera pregunta aleatoria
0220    00AE    28B0    	goto	no18
0221    00AF    28D7    	goto	R1
0222    00B0    3001    no18	movlw	.1
0223    00B1    07C9    	addwf	49h,f		;Se le suma .1 al 49h que es una memoria
0224    00B2    28AD    	goto	w2
0225    00B3                     
0226    00B3            	;pregunta por el otro pulsador------------------------------------------
0227    00B3    1D05    no14    btfss   porta,2      ;aprete el puerto A,2?
0228    00B4    28BF    	goto   no15      ;si es no me voy a preguntar por los otros puertos
0229    00B5    3003    	movlw   .3      ;si es si
0230    00B6    00C0    	movwf   40h      ;variable para restar despues
0231    00B7    1506    	bsf   portb,2      ;Prende el color del puertob,2
0232    00B8                  	;Primera pregunta de la funcion aleatoria-------------------------------
0233    00B8    2420          call   demora1      ;Anti rebote de 50mseg
0234    00B9    1905    w3	btfsc   porta,2      ;primera pregunta aleatoria
0235    00BA    28BC    	goto	no19
0236    00BB    28D7    	goto	R1
0237    00BC    3001    no19	movlw	.1
0238    00BD    07C9    	addwf	49h,f		;Se le suma .1 al 49h que es una memoria
0239    00BE    28B9    	goto	w3
0240    00BF            	                 
0241    00BF            	;pregunta por el otro pulsador------------------------------------------
0242    00BF    1D85    no15    btfss   porta,3      ;aprete el puerto A,3?
0243    00C0    28CB    	goto   no16      ;si es no me voy a preguntar por los otros puertos
0244    00C1    3004    	movlw   .4      ;si es si
0245    00C2    00C0    	movwf   40h      ;variable para restar despues
0246    00C3    1586    	bsf   portb,3      ;Prende el color del puertob,3         
0247    00C4            	;Primera pregunta de la funcion aleatoria-------------------------------
0248    00C4    2420          call   demora1      ;Anti rebote de 50mseg
0249    00C5    1985    w4	btfsc   porta,3      ;primera pregunta aleatoria
0250    00C6    28C8    	goto	no20
0251    00C7    28D7    	goto	R1	
0252    00C8    3001    no20	movlw	.1
0253    00C9    07C9    	addwf	49h,f		;;Se le suma .1 al 49h que es una memoria
0254    00CA    28C5    	goto	w4
0255    00CB               
0256    00CB            	;pregunta por el otro pulsador------------------------------------------
0257    00CB    1E05    no16	btfss   porta,4      ;aprete el puerto A,4?
0258    00CC    289B    	goto    j1      ;si es no me voy a preguntar por los otros puertos
0259    00CD    3005    	movlw   .5      ;si es si
0260    00CE    00C0    	movwf   40h      ;variable para restar despues
0261    00CF    1606    	bsf	portb,4      ;Prende el color del puertob,4 
0262    00D0            	;Primera pregunta de la funcion aleatoria-------------------------------
0263    00D0    2420    	call   demora1      ;Anti rebote de 50mseg
0264    00D1    1A05    w5	btfsc   porta,4      ;primera pregunta aleatoria
0265    00D2    28D4    	goto	no21
0266    00D3    28D7    	goto	R1	
0267    00D4    3001    no21	movlw	.1
0268    00D5    07C9    	addwf	49h,f		;;Se le suma .1 al 49h que es una memoria
0269    00D6    28D1    	goto	w5
0270    00D7            	
0271    00D7             	;Funcion aleatorio de desconteo de 49H---------------------------------
0272    00D7    2433    R1	call	demora3
0273    00D8    0186    	clrf	portb
0274    00D9    300F    	movlw	.15		;Repite la operacion hasta dar cero
0275    00DA    02C9    	subwf	49h,f
0276    00DB    1D03    	btfss	status,2	;pregunta si la cuenta dio cero
0277    00DC    28E2    	goto	no22
0278    00DD    083A    	movfw	3ah		;mantiene el color adentro (verde)
0279    00DE    009B    	movwf	1bh		;lo usara despues para mostrarlo en la segunda fase
0280    00DF    3001    	movlw	.1		;el .1 equivale al color
0281    00E0    00CB    	movwf	4bh		;se guardara en 4bh para luego en la resta se dira si fue correcto o no
0282    00E1    2923    	goto	P		;funcion de saber si se preciono bien o no
0283    00E2            
0284    00E2    2433    no22	call	demora3
0285    00E3    300F    	movlw	.15		;Repite la operacion hasta dar cero
0286    00E4    02C9    	subwf	49h,f
0287    00E5    1D03    	btfss	status,2	;pregunta si la cuenta dio cero
0288    00E6    28EC    	goto	no23
0289    00E7    083B    	movfw	3bh		;mantiene el color adentro (verde)
0290    00E8    009B    	movwf	1bh		;lo usara despues para mostrarlo en la segunda fase
0291    00E9    3002    	movlw	.2		;el .1 equivale al color
0292    00EA    00CB    	movwf	4bh		;se guardara en 4bh para luego en la resta se dira si fue correcto o no
0293    00EB    2923    	goto	P		;funcion de saber si se preciono bien o no
0294    00EC            	
0295    00EC    2433    no23	call	demora3
0296    00ED    300F    	movlw	.15		;Repite la operacion hasta dar cero
0297    00EE    02C9    	subwf	49h,f
0298    00EF    1D03    	btfss	status,2	;pregunta si la cuenta dio cero
0299    00F0    28F6    	goto	no24
0300    00F1    083C    	movfw	3ch		;mantiene el color adentro (verde)
0301    00F2    009B    	movwf	1bh		;lo usara despues para mostrarlo en la segunda fase
0302    00F3    3003    	movlw	.3		;el .1 equivale al color
0303    00F4    00CB    	movwf	4bh		;se guardara en 4bh para luego en la resta se dira si fue correcto o no
0304    00F5    2923    	goto	P		;funcion de saber si se preciono bien o no
0305    00F6            
0306    00F6    2433    no24	call	demora3
0307    00F7    300F    	movlw	.15		;Repite la operacion hasta dar cero
0308    00F8    02C9    	subwf	49h,f
0309    00F9    1D03    	btfss	status,2	;pregunta si la cuenta dio cero
0310    00FA    2900    	goto	no25
0311    00FB    083D    	movfw	3dh		;mantiene el color adentro (verde)
0312    00FC    009B    	movwf	1bh		;lo usara despues para mostrarlo en la segunda fase
0313    00FD    3004    	movlw	.4		;el .1 equivale al color
0314    00FE    00CB    	movwf	4bh		;se guardara en 4bh para luego en la resta se dira si fue correcto o no
0315    00FF    2923    	goto	P		;funcion de saber si se preciono bien o no
0316    0100            
0317    0100    2433    no25	call	demora3
0318    0101    300F    	movlw	.15		;Repite la operacion hasta dar cero
0319    0102    02C9    	subwf	49h,f
0320    0103    1D03    	btfss	status,2	;pregunta si la cuenta dio cero
0321    0104    28D7    	goto	R1
0322    0105    083E    	movfw	3eh		;mantiene el color adentro (verde)
0323    0106    009B    	movwf	1bh		;lo usara despues para mostrarlo en la segunda fase
0324    0107    3005    	movlw	.5		;el .1 equivale al color
0325    0108    00CB    	movwf	4bh		;se guardara en 4bh para luego en la resta se dira si fue correcto o no
0326    0109    2923    	goto	P		;funcion de saber si se preciono bien o no
0327    010A            
0328    010A            	;datos para la fase 2---------------------------------------------------
0329    010A    083A    si1     movfw   3ah      ;si sale para la prox el portb,o
0330    010B    009B    	movwf   1bh
0331    010C    3001    	movlw   .1
0332    010D    00CB    	movwf   4bh
0333    010E    2923    	goto    P
0334    010F    083B    si2	movfw   3bh      ;si sale para la prox el portb,1
0335    0110    009B    	movwf   1bh
0336    0111    3002    	movlw   .2
0337    0112    00CB    	movwf   4bh
0338    0113    2923    	goto    P
0339    0114    083C    si3   movfw     3ch      ;si sale para la prox el portb,2
0340    0115    009B    	movwf   1bh
0341    0116    3003    	movlw   .3
0342    0117    00CB    	movwf   4bh
0343    0118    2923    	goto    P
0344    0119    083D    si4	movfw   3dh      ;si sale para la prox el portb,3
0345    011A    009B    	movwf   1bh
0346    011B    3004    	movlw   .4
0347    011C    00CB    	movwf   4bh
0348    011D    2923    	goto    P
0349    011E    083E    si5	movfw   3eh      ;si sale para la prox el portb,4
0350    011F    009B    	movwf   1bh
0351    0120    3005    	movlw   .5
0352    0121    00CB    	movwf   4bh
0353    0122    2923    	goto	P
0354    0123            	;Empiesa a preguntar si el pulsador presioado es el correcto------------
0355    0123    0840    p   	movfw	40h		;varia dependiendo que boton precione (.1 deberia ser)
0356    0124    024A    	subwf	4ah,w		;mantiene en forma permanente el .1
0357    0125    1D03    	btfss	status,2	;pregunta si da cero
0358    0126    2BE8    	goto	Perdi		;MODIFICAR
0359    0127    2928    	goto	bien1		;MODIFICAR
0360    0128            	
0361    0128            	;Segunda fase, la maquina muestra los colores---------------------------
0362    0128    0186    bien1	clrf	portb		;Esta demas por las dudas
0363    0129    1406    	bsf	portb,0		;Muestre el Ra0 (ej: Verde)
0364    012A    2414    	call	demorav		;Demora variable
0365    012B    1006    	bcf	portb,0		;Apaga el Ra0
0366    012C    2427    	call	demora2
0367    012D    081B    	movfw	1bh		
0368    012E    0086    	movwf	portb
0369    012F    2414    	call	demorav
0370    0130    0186    	clrf	portb
0371    0131    3002    	movlw	.2
0372    0132    0090    	movwf	10h
0373    0133            	;configuraciones de los colores a prender-------------------------------
0374    0133    1406    	bsf   portb,0      ;Verde prende
0375    0134    0806    	movfw   portb
0376    0135    00BA    	movwf   3ah
0377    0136    0186    	clrf   PORTB      ;TODO EN 0
0378    0137    1486    	bsf   portb,1      ;Amarillo prende
0379    0138    0806    	movfw   portb
0380    0139    00BB    	movwf   3bh
0381    013A    0186    	clrf   PORTB      ;TODO EN 0           
0382    013B    1506    	bsf   portb,2      ;Azul prende
0383    013C    0806    	movfw   portb
0384    013D    00BC    	movwf   3ch
0385    013E    0186    	clrf   PORTB      ;TODO EN 0           
0386    013F    1586    	bsf   portb,3      ;Rojo prende
0387    0140    0806    	movfw   portb
0388    0141    00BD    	movwf   3dh
0389    0142    0186    	clrf   PORTB      ;TODO EN 0	
0390    0143    1606    	bsf   portb,4      ;Blanco prende
0391    0144    0806    	movfw   portb
0392    0145    00BE    	movwf   3eh
0393    0146    0186    	clrf   PORTB      ;TODO EN 0
0394    0147            	;Empiesa las preguntas-------------------------------------------------
0395    0147    1C05    j2	btfss   porta,0     	;aprete el puerto A,0?
0396    0148    2953    	goto   no27      	;si es no me voy a preguntar por los otros puertos
0397    0149    3001    	movlw   .1      	;si es si
0398    014A    00C0    	movwf   40h      	;variable para restar despues
0399    014B    1406    	bsf   portb,0      	;Prende el color del puertob,0         
0400    014C            	;Primera pregunta de la funcion aleatoria-------------------------------
0401    014C    2420          call   demora1      	;Anti rebote de 50mseg
0402    014D    1805    w6	btfsc   porta,0      	;primera pregunta aleatoria
0403    014E    2950    	goto	no31
0404    014F    2983    	goto	R2		;es la parte de la funcion aleatoria
0405    0150    3001    no31	movlw	.1		
0406    0151    07C9    	addwf	49h,f		;Se le suma .1 al 49h que es una memoria
0407    0152    294D    	goto	w6		
0408    0153            
0409    0153            no27	;Pregunta por el otro pulsador------------------------------------------
0410    0153    1C85    	btfss   porta,1     	;aprete el puerto A,1?
0411    0154    295F    	goto   no28      	;si es no me voy a preguntar por los otros puertos
0412    0155    3002    	movlw   .2      	;si es si
0413    0156    00C0    	movwf   40h      	;variable para restar despues
0414    0157    1486    	bsf   portb,1      	;Prende el color del puertob,1         
0415    0158            	;Primera pregunta de la funcion aleatoria-------------------------------
0416    0158    2420            call   demora1      	;Anti rebote de 50mseg
0417    0159    1885    w7	btfsc   porta,1      	;primera pregunta aleatoria
0418    015A    295C    	goto	no32
0419    015B    2983    	goto	R2		;es la parte de la funcion aleatoria
0420    015C    3001    no32	movlw	.1		
0421    015D    07C9    	addwf	49h,f		;Se le suma .1 al 49h que es una memoria
0422    015E    2959    	goto	w7	
0423    015F            
0424    015F            no28	;Pregunta por el otro pulsador------------------------------------------
0425    015F    1D05    	btfss   porta,2     	;aprete el puerto A,2?
0426    0160    296B    	goto   no29      	;si es no me voy a preguntar por los otros puertos
0427    0161    3003    	movlw   .3      	;si es si
0428    0162    00C0    	movwf   40h      	;variable para restar despues
0429    0163    1506    	bsf   portb,2      	;Prende el color del puertob,2         
0430    0164            	;Primera pregunta de la funcion aleatoria-------------------------------
0431    0164    2420          call   demora1      	;Anti rebote de 50mseg
0432    0165    1905    w8	btfsc   porta,2      	;primera pregunta aleatoria
0433    0166    2968    	goto	no33
0434    0167    2983    	goto	R2		;es la parte de la funcion aleatoria
0435    0168    3001    no33	movlw	.1		
0436    0169    07C9    	addwf	49h,f		;Se le suma .1 al 49h que es una memoria
0437    016A    2965    	goto	w8	
0438    016B            
0439    016B            no29	;Pregunta por el otro pulsador------------------------------------------
0440    016B    1D85    	btfss   porta,3     	;aprete el puerto A,3?
0441    016C    2977    	goto   no30     	;si es no me voy a preguntar por los otros puertos
0442    016D    3004    	movlw   .4      	;si es si
0443    016E    00C0    	movwf   40h      	;variable para restar despues
0444    016F    1586    	bsf   portb,3      	;Prende el color del puertob,3         
0445    0170            	;Primera pregunta de la funcion aleatoria-------------------------------
0446    0170    2420          call   	demora1		;Anti rebote de 50mseg
0447    0171    1985    w9	btfsc   porta,3      	;primera pregunta aleatoria
0448    0172    2974    	goto	no34
0449    0173    2983    	goto	R2		;es la parte de la funcion aleatoria
0450    0174    3001    no34	movlw	.1		
0451    0175    07C9    	addwf	49h,f		;Se le suma .1 al 49h que es una memoria
0452    0176    2971    	goto	w9
0453    0177            	
0454    0177            
0455    0177            no30	;Pregunta por el otro pulsador------------------------------------------
0456    0177    1E05    	btfss   porta,4     	;aprete el puerto A,3?
0457    0178    2947    	goto   	j2	     	;si es no me voy a preguntar por los otros puertos
0458    0179    3005    	movlw   .5      	;si es si
0459    017A    00C0    	movwf   40h      	;variable para restar despues
0460    017B    1606    	bsf   portb,4      	;Prende el color del puertob,3         
0461    017C            	;Primera pregunta de la funcion aleatoria-------------------------------
0462    017C    2420          call   demora1      	;Anti rebote de 50mseg
0463    017D    1A05    w10	btfsc   porta,4      	;primera pregunta aleatoria
0464    017E    2980    	goto	no35
0465    017F    2983    	goto	R2		;es la parte de la funcion aleatoria
0466    0180    3001    no35	movlw	.1		
0467    0181    07C9    	addwf	49h,f		;Se le suma .1 al 49h que es una memoria
0468    0182    297D    	goto	w10
0469    0183            
0470    0183            R2	;Empiesa la funcion aleatoria, pregunta cuado 49h,f da cero-------------
0471    0183    0186    	clrf	portb
0472    0184    300F    	movlw	.15		;Repite la operacion hasta dar cero
0473    0185    02C9    	subwf	49h,f
0474    0186    1D03    	btfss	status,2	;pregunta si la cuenta dio cero
0475    0187    298D    	goto	no36
0476    0188    083A    	movfw	3ah		;mantiene el color adentro (verde)
0477    0189    009C    	movwf	1ch		;lo usara despues para mostrarlo en la segunda fase
0478    018A    3001    	movlw	.1		;el .1 equivale al color
0479    018B    00CC    	movwf	4ch		;se guardara en 4bh para luego en la resta se dira si fue correcto o no
0480    018C    29B1    	goto	P2		;funcion de saber si se preciono bien o no
0481    018D            
0482    018D    300F    no36	movlw	.15		;Repite la operacion hasta dar cero
0483    018E    02C9    	subwf	49h,f
0484    018F    1D03    	btfss	status,2	;pregunta si la cuenta dio cero
0485    0190    2996    	goto	no37
0486    0191    083B    	movfw	3bh		;mantiene el color adentro (amarillo)
0487    0192    009C    	movwf	1ch		;lo usara despues para mostrarlo en la segunda fase
0488    0193    3002    	movlw	.2		;el .1 equivale al color
0489    0194    00CC    	movwf	4ch		;se guardara en 4bh para luego en la resta se dira si fue correcto o no
0490    0195    29B1    	goto	P2		;funcion de saber si se preciono bien o no
0491    0196            	
0492    0196    300F    no37	movlw	.15		;Repite la operacion hasta dar cero
0493    0197    02C9    	subwf	49h,f
0494    0198    1D03    	btfss	status,2	;pregunta si la cuenta dio cero
0495    0199    299F    	goto	no38
0496    019A    083C    	movfw	3ch		;mantiene el color adentro (azul)
0497    019B    009C    	movwf	1ch		;lo usara despues para mostrarlo en la segunda fase
0498    019C    3003    	movlw	.3		;el .1 equivale al color
0499    019D    00CC    	movwf	4ch		;se guardara en 4bh para luego en la resta se dira si fue correcto o no
0500    019E    29B1    	goto	P2		;funcion de saber si se preciono bien o no
0501    019F            
0502    019F    300F    no38	movlw	.15		;Repite la operacion hasta dar cero
0503    01A0    02C9    	subwf	49h,f
0504    01A1    1D03    	btfss	status,2	;pregunta si la cuenta dio cero
0505    01A2    29A8    	goto	no39
0506    01A3    083D    	movfw	3dh		;mantiene el color adentro (rojo)
0507    01A4    009C    	movwf	1ch		;lo usara despues para mostrarlo en la segunda fase
0508    01A5    3004    	movlw	.4		;el .1 equivale al color
0509    01A6    00CC    	movwf	4ch		;se guardara en 4bh para luego en la resta se dira si fue correcto o no
0510    01A7    29B1    	goto	P2		;funcion de saber si se preciono bien o no
0511    01A8            
0512    01A8    300F    no39	movlw	.15		;Repite la operacion hasta dar cero
0513    01A9    02C9    	subwf	49h,f
0514    01AA    1D03    	btfss	status,2	;pregunta si la cuenta dio cero
0515    01AB    2983    	goto	R2
0516    01AC    083E    	movfw	3eh		;mantiene el color adentro (blanco)
0517    01AD    009C    	movwf	1ch		;lo usara despues para mostrarlo en la segunda fase
0518    01AE    3005    	movlw	.5		;el .1 equivale al color
0519    01AF    00CC    	movwf	4ch		;se guardara en 4bh para luego en la resta se dira si fue correcto o no
0520    01B0    29B1    	goto	P2		;funcion de saber si se preciono bien o no
0521    01B1            
0522    01B1            P2	;Funcion si se preciono bien o no---------------------------------------
0523    01B1    3001    	movlw	.1
0524    01B2    0290    	subwf	10h,f
0525    01B3    1D03    	btfss	status,2	;Z = 1 osea que si dio cero la resta
0526    01B4    29BA    	goto	no40	 	;Significa que solo dio una vuelta y pregunta por el primero
0527    01B5    0840    	movfw	40h		;si es si
0528    01B6    024B    	subwf	4bh,w		;al ser ,w mantiene el valor que adquirio paras otras fases
0529    01B7    1D03    	btfss	status,2	;Z = 1 osea que si dio cero la resta
0530    01B8    2BE8    	goto	perdi
0531    01B9    29C0    	goto	bien2
0532    01BA            
0533    01BA    0840    no40	movfw	40h		;si es si
0534    01BB    024A    	subwf	4ah,w		;al ser ,w mantiene el valor que adquirido para otras fases
0535    01BC    1D03    	btfss	status,2	;Z = 1 osea que si dio cero la resta
0536    01BD    2BE8    	goto	perdi
0537    01BE    2427    	call	demora2
0538    01BF    2947    	goto	j2		;Vuelve para la segunda vuelta
0539    01C0            	;Tercera Fase del simon say---------------------------------------------
0540    01C0    0186    bien2	clrf	portb		;Esta demas por las dudas
0541    01C1    1406    	bsf	portb,0		;Muestre el Ra0 (ej: Verde)
0542    01C2    2414    	call	demorav		;Demora variable
0543    01C3    1006    	bcf	portb,0		;Apaga el Ra0
0544    01C4    2427    	call	demora2
0545    01C5    081B    	movfw	1bh		
0546    01C6    0086    	movwf	portb
0547    01C7    2414    	call	demorav
0548    01C8    0186    	clrf	portb
0549    01C9    2427    	call	demora2
0550    01CA    081C    	movfw	1ch		
0551    01CB    0086    	movwf	portb
0552    01CC    2414    	call	demorav
0553    01CD    0186    	clrf	portb	
0554    01CE    3002    	movlw	.2
0555    01CF    0090    	movwf	10h
0556    01D0    3003    	movlw	.3
0557    01D1    008C    	movwf	0ch
0558    01D2            
0559    01D2            	;configuraciones de los colores a prender
0560    01D2    1406    	bsf   portb,0      ;Verde prende
0561    01D3    0806    	movfw   portb
0562    01D4    00BA    	movwf   3ah
0563    01D5    0186    	clrf   PORTB      ;TODO EN 0
0564    01D6    1486    	bsf   portb,1      ;Amarillo prende
0565    01D7    0806    	movfw   portb
0566    01D8    00BB    	movwf   3bh
0567    01D9    0186    	clrf   PORTB      ;TODO EN 0          
0568    01DA    1506    	bsf   portb,2      ;Azul prende
0569    01DB    0806    	movfw   portb
0570    01DC    00BC    	movwf   3ch
0571    01DD    0186    	clrf   PORTB      ;TODO EN 0           
0572    01DE    1586    	bsf   portb,3      ;Rojo prende
0573    01DF    0806    	movfw   portb
0574    01E0    00BD    	movwf   3dh
0575    01E1    0186    	clrf   PORTB      ;TODO EN 0
0576    01E2    1606    	bsf   portb,4      ;Blanco prende
0577    01E3    0806    	movfw   portb
0578    01E4    00BE    	movwf   3eh
0579    01E5    0186    	clrf   PORTB      ;TODO EN 0
0580    01E6            
0581    01E6            	;Empiesa las preguntas-------------------------------------------------
0582    01E6    1C05    j3	btfss   porta,0     	;aprete el puerto A,0?
0583    01E7    29F2    	goto   no410     	;si es no me voy a preguntar por los otros puertos
0584    01E8    3001    	movlw   .1      	;si es si
0585    01E9    00C0    	movwf   40h      	;variable para restar despues
0586    01EA    1406    	bsf   portb,0      	;Prende el color del puertob,0         
0587    01EB            	;Primera pregunta de la funcion aleatoria-------------------------------
0588    01EB    2420            call   demora1      	;Anti rebote de 50mseg
0589    01EC    1805    w11	btfsc   porta,0      	;primera pregunta aleatoria
0590    01ED    29EF    	goto	no41
0591    01EE    2A22    	goto	R3		;es la parte de la funcion aleatoria
0592    01EF    3001    no41	movlw	.1		
0593    01F0    07C9    	addwf	49h,f		;Se le suma .1 al 49h que es una memoria
0594    01F1    29EC    	goto	w11
0595    01F2            
0596    01F2            no410	;Pregunta por el otro pulsador-----------------------------------------
0597    01F2    1C85    	btfss   porta,1     	;aprete el puerto A,1?
0598    01F3    29FE    	goto   no42      	;si es no me voy a preguntar por los otros puertos
0599    01F4    3002    	movlw   .2      	;si es si
0600    01F5    00C0    	movwf   40h      	;variable para restar despues
0601    01F6    1486    	bsf   portb,1      	;Prende el color del puertob,1         
0602    01F7            	;Primera pregunta de la funcion aleatoria-------------------------------
0603    01F7    2420            call   demora1      	;Anti rebote de 50mseg
0604    01F8    1885    w12	btfsc   porta,1      	;primera pregunta aleatoria
0605    01F9    29FB    	goto	no43
0606    01FA    2A22    	goto	R3		;es la parte de la funcion aleatoria
0607    01FB    3001    no43	movlw	.1		
0608    01FC    07C9    	addwf	49h,f		;Se le suma .1 al 49h que es una memoria
0609    01FD    29F8    	goto	w12
0610    01FE            
0611    01FE    1D05    no42	btfss   porta,2     	;aprete el puerto A,2?
0612    01FF    2A0A    	goto   no44     	;si es no me voy a preguntar por los otros puertos
0613    0200    3003    	movlw   .3	     	;si es si
0614    0201    00C0    	movwf   40h      	;variable para restar despues
0615    0202    1506    	bsf   portb,2      	;Prende el color del puertob,2         
0616    0203            	;Primera pregunta de la funcion aleatoria-------------------------------
0617    0203    2420            call   demora1      	;Anti rebote de 50mseg
0618    0204    1905    w13	btfsc   porta,2      	;primera pregunta aleatoria
0619    0205    2A07    	goto	no45
0620    0206    2A22    	goto	R3		;es la parte de la funcion aleatoria
0621    0207    3001    no45	movlw	.1		
0622    0208    07C9    	addwf	49h,f		;Se le suma .1 al 49h que es una memoria
0623    0209    2A04    	goto	w13
0624    020A            
0625    020A    1D85    no44	btfss   porta,3     	;aprete el puerto A,3?
0626    020B    2A16    	goto   no46     	;si es no me voy a preguntar por los otros puertos
0627    020C    3004    	movlw   .4	     	;si es si
0628    020D    00C0    	movwf   40h      	;variable para restar despues
0629    020E    1586    	bsf   	portb,3      	;Prende el color del puertob,3         
0630    020F            	;Primera pregunta de la funcion aleatoria-------------------------------
0631    020F    2420            call   demora1      	;Anti rebote de 50mseg
0632    0210    1985    w14	btfsc   porta,3      	;primera pregunta aleatoria
0633    0211    2A13    	goto	no47
0634    0212    2A22    	goto	R3		;es la parte de la funcion aleatoria
0635    0213    3001    no47	movlw	.1		
0636    0214    07C9    	addwf	49h,f		;Se le suma .1 al 49h que es una memoria
0637    0215    2A10    	goto	w14
0638    0216            
0639    0216    1E05    no46	btfss   porta,4     	;aprete el puerto A,4?
0640    0217    29E6    	goto   	j3    		;si es no me voy a preguntar por los otros puertos
0641    0218    3005    	movlw   .5	     	;si es si
0642    0219    00C0    	movwf   40h      	;variable para restar despues
0643    021A    1606    	bsf   	portb,4      	;Prende el color del puertob,4         
0644    021B            	;Primera pregunta de la funcion aleatoria-------------------------------
0645    021B    2420            call   demora1      	;Anti rebote de 50mseg
0646    021C    1A05    w15	btfsc   porta,4      	;primera pregunta aleatoria
0647    021D    2A1F    	goto	no48
0648    021E    2A22    	goto	R3		;es la parte de la funcion aleatoria
0649    021F    3001    no48	movlw	.1		
0650    0220    07C9    	addwf	49h,f		;Se le suma .1 al 49h que es una memoria
0651    0221    2A1C    	goto	w15
0652    0222            
0653    0222            	;parte aleatoria para la proxima fase con desconteo de 49h--------------
0654    0222    0186    R3	clrf	portb
0655    0223    300F    R3m	movlw	.15		;Repite la operacion hasta dar cero
0656    0224    02C9    	subwf	49h,f
0657    0225    1D03    	btfss	status,2	;pregunta si la cuenta dio cero
0658    0226    2A2C    	goto	no49
0659    0227    083A    	movfw	3ah		;mantiene el color adentro (verde)
0660    0228    009D    	movwf	1dh		;lo usara despues para mostrarlo en la segunda fase
0661    0229    3001    	movlw	.1		;el .1 equivale al color
0662    022A    00CD    	movwf	4dh		;se guardara en 4bh para luego en la resta se dira si fue correcto o no
0663    022B    2A50    	goto	P3		;funcion de saber si se preciono bien o no
0664    022C            
0665    022C    300F    no49	movlw	.15		;Repite la operacion hasta dar cero
0666    022D    02C9    	subwf	49h,f
0667    022E    1D03    	btfss	status,2	;pregunta si la cuenta dio cero
0668    022F    2A35    	goto	no50
0669    0230    083B    	movfw	3bh		;mantiene el color adentro (amarillo)
0670    0231    009D    	movwf	1dh		;lo usara despues para mostrarlo en la segunda fase
0671    0232    3002    	movlw	.2		;el .1 equivale al color
0672    0233    00CD    	movwf	4dh		;se guardara en 4bh para luego en la resta se dira si fue correcto o no
0673    0234    2A50    	goto	P3		;funcion de saber si se preciono bien o no
0674    0235            	
0675    0235    300F    no50	movlw	.15		;Repite la operacion hasta dar cero
0676    0236    02C9    	subwf	49h,f
0677    0237    1D03    	btfss	status,2	;pregunta si la cuenta dio cero
0678    0238    2A3E    	goto	no51
0679    0239    083C    	movfw	3ch		;mantiene el color adentro (azul)
0680    023A    009D    	movwf	1dh		;lo usara despues para mostrarlo en la segunda fase
0681    023B    3003    	movlw	.3		;el .1 equivale al color
0682    023C    00CD    	movwf	4dh		;se guardara en 4bh para luego en la resta se dira si fue correcto o no
0683    023D    2A50    	goto	P3		;funcion de saber si se preciono bien o no
0684    023E            
0685    023E    300F    no51	movlw	.15		;Repite la operacion hasta dar cero
0686    023F    02C9    	subwf	49h,f
0687    0240    1D03    	btfss	status,2	;pregunta si la cuenta dio cero
0688    0241    2A47    	goto	no52
0689    0242    083D    	movfw	3dh		;mantiene el color adentro (rojo)
0690    0243    009D    	movwf	1dh		;lo usara despues para mostrarlo en la segunda fase
0691    0244    3004    	movlw	.4		;el .1 equivale al color
0692    0245    00CD    	movwf	4dh		;se guardara en 4bh para luego en la resta se dira si fue correcto o no
0693    0246    2A50    	goto	P3		;funcion de saber si se preciono bien o no
0694    0247            
0695    0247    300F    no52	movlw	.15		;Repite la operacion hasta dar cero
0696    0248    02C9    	subwf	49h,f
0697    0249    1D03    	btfss	status,2	;pregunta si la cuenta dio cero
0698    024A    2A23    	goto	R3m
0699    024B    083E    	movfw	3eh		;mantiene el color adentro (blanco)
0700    024C    009D    	movwf	1dh		;lo usara despues para mostrarlo en la segunda fase
0701    024D    3005    	movlw	.5		;el .1 equivale al color
0702    024E    00CD    	movwf	4dh		;se guardara en 4bh para luego en la resta se dira si fue correcto o no
0703    024F    2A50    	goto	P3		;funcion de saber si se preciono bien o no
0704    0250            
0705    0250            	;Funcion si se preciono bien o no---------------------------------------
0706    0250    3001    P3	movlw	.1
0707    0251    028C    	subwf	0CH,f
0708    0252    1D03    	btfss	status,2
0709    0253    2A59    	goto	no53
0710    0254    0840    	movfw	40h
0711    0255    024C    	subwf	4ch,w
0712    0256    1D03    	btfss	status,2
0713    0257    2BE8    	goto	perdi
0714    0258    2A68    	goto	bien3
0715    0259            
0716    0259    3001    no53	movlw	.1
0717    025A    0290    	subwf	10h,f
0718    025B    1D03    	btfss	status,2	;Z = 1 osea que si dio cero la resta
0719    025C    2A62    	goto	no54	 	;Significa que solo dio una vuelta y pregunta por el primero
0720    025D    0840    	movfw	40h		;si es si
0721    025E    024B    	subwf	4bh,w		;al ser ,w mantiene el valor que adquirio paras otras fases
0722    025F    1D03    	btfss	status,2	;Z = 1 osea que si dio cero la resta
0723    0260    2BE8    	goto	perdi
0724    0261    29E6    	goto	j3
0725    0262            
0726    0262    0840    no54	movfw	40h		;si es si
0727    0263    024A    	subwf	4ah,w		;al ser ,w mantiene el valor que adquirido para otras fases
0728    0264    1D03    	btfss	status,2	;Z = 1 osea que si dio cero la resta
0729    0265    2BE8    	goto	perdi
0730    0266    2427    	call	demora2
0731    0267    29E6    	goto	j3		;Vuelve para la segunda vuelta
0732    0268            
0733    0268            	;Cuarta fase de simon say-----------------------------------------------
0734    0268    0186    bien3	clrf	portb		;Esta demas por las dudas
0735    0269    1406    	bsf	portb,0		;Muestre el Ra0 (ej: Verde)
0736    026A    2414    	call	demorav		;Demora variable
0737    026B    1006    	bcf	portb,0		;Apaga el Ra0
0738    026C    2427    	call	demora2
0739    026D    081B    	movfw	1bh		
0740    026E    0086    	movwf	portb
0741    026F    2414    	call	demorav
0742    0270    0186    	clrf	portb
0743    0271    2427    	call	demora2
0744    0272    081C    	movfw	1ch		
0745    0273    0086    	movwf	portb
0746    0274    2414    	call	demorav
0747    0275    0186    	clrf	portb
0748    0276    2427    	call	demora2
0749    0277    081D    	movfw	1dh		
0750    0278    0086    	movwf	portb
0751    0279    2414    	call	demorav
0752    027A    0186    	clrf	portb		
0753    027B    3002    	movlw	.2
0754    027C    0090    	movwf	10h
0755    027D    3003    	movlw	.3
0756    027E    008C    	movwf	0ch
0757    027F    3004    	movlw	.4
0758    0280    008D    	movwf	0dh
0759    0281            	;configuraciones de los colores a prender
0760    0281    1406    	bsf   portb,0      ;Verde prende
0761    0282    0806    	movfw   portb
0762    0283    00BA    	movwf   3ah
0763    0284    0186    	clrf   PORTB      ;TODO EN 0
0764    0285    1486    	bsf   portb,1      ;Amarillo prende
0765    0286    0806    	movfw   portb
0766    0287    00BB    	movwf   3bh
0767    0288    0186    	clrf   PORTB      ;TODO EN 0          
0768    0289    1506    	bsf   portb,2      ;Azul prende
0769    028A    0806    	movfw   portb
0770    028B    00BC    	movwf   3ch
0771    028C    0186    	clrf   PORTB      ;TODO EN 0           
0772    028D    1586    	bsf   portb,3      ;Rojo prende
0773    028E    0806    	movfw   portb
0774    028F    00BD    	movwf   3dh
0775    0290    0186    	clrf   PORTB      ;TODO EN 0
0776    0291    1606    	bsf   portb,4      ;Blanco prende
0777    0292    0806    	movfw   portb
0778    0293    00BE    	movwf   3eh
0779    0294    0186    	clrf   PORTB      ;TODO EN 0
0780    0295            
0781    0295            	;Empiesa las preguntas-------------------------------------------------
0782    0295    1C05    j4	btfss   porta,0     	;aprete el puerto A,0?
0783    0296    2AA1    	goto   no55     	;si es no me voy a preguntar por los otros puertos
0784    0297    3001    	movlw   .1      	;si es si
0785    0298    00C0    	movwf   40h      	;variable para restar despues
0786    0299    1406    	bsf   portb,0      	;Prende el color del puertob,0         
0787    029A            	;Primera pregunta de la funcion aleatoria-------------------------------
0788    029A    2420            call   demora1      	;Anti rebote de 50mseg
0789    029B    1805    w16	btfsc   porta,0      	;primera pregunta aleatoria
0790    029C    2A9E    	goto	no56
0791    029D    2AD1    	goto	R4		;es la parte de la funcion aleatoria
0792    029E    3001    no56	movlw	.1		
0793    029F    07C9    	addwf	49h,f		;Se le suma .1 al 49h que es una memoria
0794    02A0    2A9B    	goto	w16
0795    02A1            
0796    02A1            no55	;Pregunta por el otro--------------------------------------------------
0797    02A1    1C85    	btfss   porta,1     	;aprete el puerto A,1?
0798    02A2    2AAD    	goto   no57     	;si es no me voy a preguntar por los otros puertos
0799    02A3    3002    	movlw   .2      	;si es si
0800    02A4    00C0    	movwf   40h      	;variable para restar despues
0801    02A5    1486    	bsf   portb,1      	;Prende el color del puertob,1         
0802    02A6            	;Primera pregunta de la funcion aleatoria-------------------------------
0803    02A6    2420            call   demora1      	;Anti rebote de 50mseg
0804    02A7    1885    w17	btfsc   porta,1      	;primera pregunta aleatoria
0805    02A8    2AAA    	goto	no58
0806    02A9    2AD1    	goto	R4		;es la parte de la funcion aleatoria
0807    02AA    3001    no58	movlw	.1		
0808    02AB    07C9    	addwf	49h,f		;Se le suma .1 al 49h que es una memoria
0809    02AC    2AA7    	goto	w17
0810    02AD            
0811    02AD    1D05    no57	btfss   porta,2     	;aprete el puerto A,2?
0812    02AE    2AB9    	goto   no59     	;si es no me voy a preguntar por los otros puertos
0813    02AF    3003    	movlw   .3      	;si es si
0814    02B0    00C0    	movwf   40h      	;variable para restar despues
0815    02B1    1506    	bsf   portb,2      	;Prende el color del puertob,2         
0816    02B2            	;Primera pregunta de la funcion aleatoria-------------------------------
0817    02B2    2420            call   demora1      	;Anti rebote de 50mseg
0818    02B3    1905    w18	btfsc   porta,2      	;primera pregunta aleatoria
0819    02B4    2AB6    	goto	no60
0820    02B5    2AD1    	goto	R4		;es la parte de la funcion aleatoria
0821    02B6    3001    no60	movlw	.1		
0822    02B7    07C9    	addwf	49h,f		;Se le suma .1 al 49h que es una memoria
0823    02B8    2AB3    	goto	w18
0824    02B9            
0825    02B9    1D85    no59	btfss   porta,3     	;aprete el puerto A,3?
0826    02BA    2AC5    	goto   no61     	;si es no me voy a preguntar por los otros puertos
0827    02BB    3004    	movlw   .4      	;si es si
0828    02BC    00C0    	movwf   40h      	;variable para restar despues
0829    02BD    1586    	bsf   portb,3      	;Prende el color del puertob,3         
0830    02BE            	;Primera pregunta de la funcion aleatoria-------------------------------
0831    02BE    2420            call   demora1      	;Anti rebote de 50mseg
0832    02BF    1985    w19	btfsc   porta,3      	;primera pregunta aleatoria
0833    02C0    2AC2    	goto	no62
0834    02C1    2AD1    	goto	R4		;es la parte de la funcion aleatoria
0835    02C2    3001    no62	movlw	.1		
0836    02C3    07C9    	addwf	49h,f		;Se le suma .1 al 49h que es una memoria
0837    02C4    2ABF    	goto	w19
0838    02C5            
0839    02C5    1E05    no61	btfss   porta,4     	;aprete el puerto A,4?
0840    02C6    2A95    	goto  	j4     		;si es no me voy a preguntar por los otros puertos
0841    02C7    3005    	movlw   .5      	;si es si
0842    02C8    00C0    	movwf   40h      	;variable para restar despues
0843    02C9    1606    	bsf   portb,4      	;Prende el color del puertob,4         
0844    02CA            	;Primera pregunta de la funcion aleatoria-------------------------------
0845    02CA    2420            call   demora1      	;Anti rebote de 50mseg
0846    02CB    1A05    w20	btfsc   porta,4      	;primera pregunta aleatoria
0847    02CC    2ACE    	goto	no63
0848    02CD    2AD1    	goto	R4		;es la parte de la funcion aleatoria
0849    02CE    3001    no63	movlw	.1		
0850    02CF    07C9    	addwf	49h,f		;Se le suma .1 al 49h que es una memoria
0851    02D0    2ACB    	goto	w20
0852    02D1            
0853    02D1            R4	;parte aleatoria para la proxima fase con desconteo de 49h--------------
0854    02D1    0186    	clrf	portb
0855    02D2    300F    RAm	movlw	.15		;Repite la operacion hasta dar cero
0856    02D3    02C9    	subwf	49h,f
0857    02D4    1D03    	btfss	status,2	;pregunta si la cuenta dio cero
0858    02D5    2ADB    	goto	no64
0859    02D6    083A    	movfw	3ah		;mantiene el color adentro (verde)
0860    02D7    009E    	movwf	1eh		;lo usara despues para mostrarlo en la segunda fase
0861    02D8    3001    	movlw	.1		;el .1 equivale al color
0862    02D9    00CE    	movwf	4eh		;se guardara en 4bh para luego en la resta se dira si fue correcto o no
0863    02DA    2AFF    	goto	P4		;funcion de saber si se preciono bien o no
0864    02DB            
0865    02DB    300F    no64	movlw	.15		;Repite la operacion hasta dar cero
0866    02DC    02C9    	subwf	49h,f
0867    02DD    1D03    	btfss	status,2	;pregunta si la cuenta dio cero
0868    02DE    2AE4    	goto	no65
0869    02DF    083B    	movfw	3bh		;mantiene el color adentro (amarillo)
0870    02E0    009E    	movwf	1eh		;lo usara despues para mostrarlo en la segunda fase
0871    02E1    3002    	movlw	.2		;el .1 equivale al color
0872    02E2    00CE    	movwf	4eh		;se guardara en 4bh para luego en la resta se dira si fue correcto o no
0873    02E3    2AFF    	goto	P4		;funcion de saber si se preciono bien o no
0874    02E4            	
0875    02E4    300F    no65	movlw	.15		;Repite la operacion hasta dar cero
0876    02E5    02C9    	subwf	49h,f
0877    02E6    1D03    	btfss	status,2	;pregunta si la cuenta dio cero
0878    02E7    2AED    	goto	no66
0879    02E8    083C    	movfw	3ch		;mantiene el color adentro (azul)
0880    02E9    009E    	movwf	1eh		;lo usara despues para mostrarlo en la segunda fase
0881    02EA    3003    	movlw	.3		;el .1 equivale al color
0882    02EB    00CE    	movwf	4eh		;se guardara en 4bh para luego en la resta se dira si fue correcto o no
0883    02EC    2AFF    	goto	P4		;funcion de saber si se preciono bien o no
0884    02ED            
0885    02ED    300F    no66	movlw	.15		;Repite la operacion hasta dar cero
0886    02EE    02C9    	subwf	49h,f
0887    02EF    1D03    	btfss	status,2	;pregunta si la cuenta dio cero
0888    02F0    2AF6    	goto	no67
0889    02F1    083D    	movfw	3dh		;mantiene el color adentro (rojo)
0890    02F2    009E    	movwf	1eh		;lo usara despues para mostrarlo en la segunda fase
0891    02F3    3004    	movlw	.4		;el .1 equivale al color
0892    02F4    00CE    	movwf	4eh		;se guardara en 4bh para luego en la resta se dira si fue correcto o no
0893    02F5    2AFF    	goto	P4		;funcion de saber si se preciono bien o no
0894    02F6            
0895    02F6    300F    no67	movlw	.15		;Repite la operacion hasta dar cero
0896    02F7    02C9    	subwf	49h,f
0897    02F8    1D03    	btfss	status,2	;pregunta si la cuenta dio cero
0898    02F9    2AD2    	goto	RAm		;Vuelve para arriba
0899    02FA    083E    	movfw	3eh		;mantiene el color adentro (blanco)
0900    02FB    009E    	movwf	1eh		;lo usara despues para mostrarlo en la segunda fase
0901    02FC    3005    	movlw	.5		;el .1 equivale al color
0902    02FD    00CE    	movwf	4eh		;se guardara en 4bh para luego en la resta se dira si fue correcto o no
0903    02FE    2AFF    	goto	P4		;funcion de saber si se preciono bien o no
0904    02FF            
0905    02FF            	;Funcion si se preciono bien o no---------------------------------------
0906    02FF    3001    P4	movlw	.1
0907    0300    028D    	subwf	0dh,f
0908    0301    1D03    	btfss	status,2
0909    0302    2B08    	goto	no70
0910    0303    0840    	movfw	40h
0911    0304    024D    	subwf	4dh,w
0912    0305    1D03    	btfss	status,2
0913    0306    2BE8    	goto	perdi
0914    0307    2B20    	goto	bien4
0915    0308            	
0916    0308    3001    no70	movlw	.1
0917    0309    028C    	subwf	0CH,f
0918    030A    1D03    	btfss	status,2	;Z = 1 osea que si dio cero la resta
0919    030B    2B11    	goto	no68		;Significa que solo dio una vuelta y pregunta por el primero
0920    030C    0840    	movfw	40h
0921    030D    024C    	subwf	4ch,w		;al ser ,w mantiene el valor que adquirio paras otras fases
0922    030E    1D03    	btfss	status,2	;Z = 1 osea que si dio cero la resta
0923    030F    2BE8    	goto	perdi
0924    0310    2A95    	goto	j4
0925    0311            
0926    0311    3001    no68	movlw	.1
0927    0312    0290    	subwf	10h,f
0928    0313    1D03    	btfss	status,2	;Z = 1 osea que si dio cero la resta
0929    0314    2B1A    	goto	no69	 	;Significa que solo dio una vuelta y pregunta por el primero
0930    0315    0840    	movfw	40h		;si es si
0931    0316    024B    	subwf	4bh,w		;al ser ,w mantiene el valor que adquirio paras otras fases
0932    0317    1D03    	btfss	status,2	;Z = 1 osea que si dio cero la resta
0933    0318    2BE8    	goto	perdi
0934    0319    2A95    	goto	j4
0935    031A            
0936    031A    0840    no69	movfw	40h		;si es si
0937    031B    024A    	subwf	4ah,w		;al ser ,w mantiene el valor que adquirido para otras fases
0938    031C    1D03    	btfss	status,2	;Z = 1 osea que si dio cero la resta
0939    031D    2BE8    	goto	perdi
0940    031E    2427    	call	demora2
0941    031F    2A95    	goto	j4		;Vuelve para la segunda vuelta
0942    0320            
0943    0320            bien4	;Empiesa la quinta fase del simon say----------------------------------
0944    0320    0186    	clrf	portb		;Esta demas por las dudas
0945    0321    1406    	bsf	portb,0		;Muestre el Ra0 (ej: Verde)
0946    0322    2414    	call	demorav		;Demora variable
0947    0323    1006    	bcf	portb,0		;Apaga el Ra0
0948    0324    2427    	call	demora2
0949    0325    081B    	movfw	1bh		
0950    0326    0086    	movwf	portb
0951    0327    2414    	call	demorav
0952    0328    0186    	clrf	portb
0953    0329    2427    	call	demora2
0954    032A    081C    	movfw	1ch		
0955    032B    0086    	movwf	portb
0956    032C    2414    	call	demorav
0957    032D    0186    	clrf	portb
0958    032E    2427    	call	demora2
0959    032F    081D    	movfw	1dh		
0960    0330    0086    	movwf	portb
0961    0331    2414    	call	demorav
0962    0332    0186    	clrf	portb
0963    0333    2427    	call	demora2
0964    0334    081E    	movfw	1eh		
0965    0335    0086    	movwf	portb
0966    0336    2414    	call	demorav
0967    0337    0186    	clrf	portb			
0968    0338    3002    	movlw	.2
0969    0339    0090    	movwf	10h
0970    033A    3003    	movlw	.3
0971    033B    008C    	movwf	0ch
0972    033C    3004    	movlw	.4
0973    033D    008D    	movwf	0dh
0974    033E    3005    	movlw	.5
0975    033F    008E    	movwf	0eh
0976    0340            	;configuraciones de los colores a prender
0977    0340    1406    	bsf   portb,0      ;Verde prende
0978    0341    0806    	movfw   portb
0979    0342    00BA    	movwf   3ah
0980    0343    0186    	clrf   PORTB      ;TODO EN 0
0981    0344    1486    	bsf   portb,1      ;Amarillo prende
0982    0345    0806    	movfw   portb
0983    0346    00BB    	movwf   3bh
0984    0347    0186    	clrf   PORTB      ;TODO EN 0          
0985    0348    1506    	bsf   portb,2      ;Azul prende
0986    0349    0806    	movfw   portb
0987    034A    00BC    	movwf   3ch
0988    034B    0186    	clrf   PORTB      ;TODO EN 0           
0989    034C    1586    	bsf   portb,3      ;Rojo prende
0990    034D    0806    	movfw   portb
0991    034E    00BD    	movwf   3dh
0992    034F    0186    	clrf   PORTB      ;TODO EN 0
0993    0350    1606    	bsf   portb,4      ;Blanco prende
0994    0351    0806    	movfw   portb
0995    0352    00BE    	movwf   3eh
0996    0353    0186    	clrf   PORTB      ;TODO EN 0
0997    0354            	;Empiesa las preguntas-------------------------------------------------
0998    0354    1C05    j5	btfss   porta,0     	;aprete el puerto A,0?
0999    0355    2B60    	goto   no700     	;si es no me voy a preguntar por los otros puertos
1000    0356    3001    	movlw   .1      	;si es si
1001    0357    00C0    	movwf   40h      	;variable para restar despues
1002    0358    1406    	bsf   portb,0      	;Prende el color del puertob,0         
1003    0359            	;Primera pregunta de la funcion aleatoria-------------------------------
1004    0359    2420            call   demora1      	;Anti rebote de 50mseg
1005    035A    1805    w21	btfsc   porta,0      	;primera pregunta aleatoria
1006    035B    2B5D    	goto	no71
1007    035C    2B90    	goto	R5		;es la parte de la funcion aleatoria
1008    035D    3001    no71	movlw	.1		
1009    035E    07C9    	addwf	49h,f		;Se le suma .1 al 49h que es una memoria
1010    035F    2B5A    	goto	w21
1011    0360            
1012    0360            no700	;Pregunta por el otro--------------------------------------------------
1013    0360    1C85    	btfss   porta,1     	;aprete el puerto A,1?
1014    0361    2B6C    	goto   no72     	;si es no me voy a preguntar por los otros puertos
1015    0362    3002    	movlw   .2      	;si es si
1016    0363    00C0    	movwf   40h      	;variable para restar despues
1017    0364    1486    	bsf   portb,1      	;Prende el color del puertob,1         
1018    0365            	;Primera pregunta de la funcion aleatoria-------------------------------
1019    0365    2420            call   demora1      	;Anti rebote de 50mseg
1020    0366    1885    w22	btfsc   porta,1      	;primera pregunta aleatoria
1021    0367    2B69    	goto	no73
1022    0368    2B90    	goto	R5		;es la parte de la funcion aleatoria
1023    0369    3001    no73	movlw	.1		
1024    036A    07C9    	addwf	49h,f		;Se le suma .1 al 49h que es una memoria
1025    036B    2B66    	goto	w22
1026    036C            
1027    036C    1D05    no72	btfss   porta,2     	;aprete el puerto A,2?
1028    036D    2B78    	goto   no74     	;si es no me voy a preguntar por los otros puertos
1029    036E    3003    	movlw   .3      	;si es si
1030    036F    00C0    	movwf   40h      	;variable para restar despues
1031    0370    1506    	bsf   portb,2      	;Prende el color del puertob,2         
1032    0371            	;Primera pregunta de la funcion aleatoria-------------------------------
1033    0371    2420            call   demora1      	;Anti rebote de 50mseg
1034    0372    1905    w23	btfsc   porta,2      	;primera pregunta aleatoria
1035    0373    2B75    	goto	no75
1036    0374    2B90    	goto	R5		;es la parte de la funcion aleatoria
1037    0375    3001    no75	movlw	.1		
1038    0376    07C9    	addwf	49h,f		;Se le suma .1 al 49h que es una memoria
1039    0377    2B72    	goto	w23
1040    0378            
1041    0378    1D85    no74	btfss   porta,3     	;aprete el puerto A,3?
1042    0379    2B84    	goto   no76     	;si es no me voy a preguntar por los otros puertos
1043    037A    3004    	movlw   .4      	;si es si
1044    037B    00C0    	movwf   40h      	;variable para restar despues
1045    037C    1586    	bsf   portb,3      	;Prende el color del puertob,3         
1046    037D            	;Primera pregunta de la funcion aleatoria-------------------------------
1047    037D    2420            call   demora1      	;Anti rebote de 50mseg
1048    037E    1985    w24	btfsc   porta,3      	;primera pregunta aleatoria
1049    037F    2B81    	goto	no77
1050    0380    2B90    	goto	R5		;es la parte de la funcion aleatoria
1051    0381    3001    no77	movlw	.1		
1052    0382    07C9    	addwf	49h,f		;Se le suma .1 al 49h que es una memoria
1053    0383    2B7E    	goto	w24
1054    0384            
1055    0384    1E05    no76	btfss   porta,4     	;aprete el puerto A,4?
1056    0385    2B54    	goto  	j5     		;si es no me voy a preguntar por los otros puertos
1057    0386    3005    	movlw   .5      	;si es si
1058    0387    00C0    	movwf   40h      	;variable para restar despues
1059    0388    1606    	bsf   portb,4      	;Prende el color del puertob,4         
1060    0389            	;Primera pregunta de la funcion aleatoria-------------------------------
1061    0389    2420            call   demora1      	;Anti rebote de 50mseg
1062    038A    1A05    w25	btfsc   porta,4      	;primera pregunta aleatoria
1063    038B    2B8D    	goto	no78
1064    038C    2B90    	goto	R5		;es la parte de la funcion aleatoria
1065    038D    3001    no78	movlw	.1		
1066    038E    07C9    	addwf	49h,f		;Se le suma .1 al 49h que es una memoria
1067    038F    2B8A    	goto	w25
1068    0390            
1069    0390            R5	;parte aleatoria para la proxima fase con desconteo de 49h--------------
1070    0390    0186    	clrf	portb
1071    0391    300F    Rem1	movlw	.15		;Repite la operacion hasta dar cero
1072    0392    02C9    	subwf	49h,f
1073    0393    1D03    	btfss	status,2	;pregunta si la cuenta dio cero
1074    0394    2B9A    	goto	no79
1075    0395    083A    	movfw	3ah		;mantiene el color adentro (verde)
1076    0396    009F    	movwf	1fh		;lo usara despues para mostrarlo en la segunda fase
1077    0397    3001    	movlw	.1		;el .1 equivale al color
1078    0398    00CF    	movwf	4fh		;se guardara en 4bh para luego en la resta se dira si fue correcto o no
1079    0399    2BBE    	goto	P5		;funcion de saber si se preciono bien o no
1080    039A            
1081    039A    300F    no79	movlw	.15		;Repite la operacion hasta dar cero
1082    039B    02C9    	subwf	49h,f
1083    039C    1D03    	btfss	status,2	;pregunta si la cuenta dio cero
1084    039D    2BA3    	goto	no80
1085    039E    083B    	movfw	3bh		;mantiene el color adentro (amarillo)
1086    039F    009F    	movwf	1fh		;lo usara despues para mostrarlo en la segunda fase
1087    03A0    3002    	movlw	.2		;el .1 equivale al color
1088    03A1    00CF    	movwf	4fh		;se guardara en 4bh para luego en la resta se dira si fue correcto o no
1089    03A2    2BBE    	goto	P5		;funcion de saber si se preciono bien o no
1090    03A3            	
1091    03A3    300F    no80	movlw	.15		;Repite la operacion hasta dar cero
1092    03A4    02C9    	subwf	49h,f
1093    03A5    1D03    	btfss	status,2	;pregunta si la cuenta dio cero
1094    03A6    2BAC    	goto	no81
1095    03A7    083C    	movfw	3ch		;mantiene el color adentro (azul)
1096    03A8    009F    	movwf	1fh		;lo usara despues para mostrarlo en la segunda fase
1097    03A9    3003    	movlw	.3		;el .1 equivale al color
1098    03AA    00CF    	movwf	4fh		;se guardara en 4bh para luego en la resta se dira si fue correcto o no
1099    03AB    2BBE    	goto	P5		;funcion de saber si se preciono bien o no
1100    03AC            
1101    03AC    300F    no81	movlw	.15		;Repite la operacion hasta dar cero
1102    03AD    02C9    	subwf	49h,f
1103    03AE    1D03    	btfss	status,2	;pregunta si la cuenta dio cero
1104    03AF    2BB5    	goto	no82
1105    03B0    083D    	movfw	3dh		;mantiene el color adentro (rojo)
1106    03B1    009F    	movwf	1fh		;lo usara despues para mostrarlo en la segunda fase
1107    03B2    3004    	movlw	.4		;el .1 equivale al color
1108    03B3    00CF    	movwf	4fh		;se guardara en 4bh para luego en la resta se dira si fue correcto o no
1109    03B4    2BBE    	goto	P5		;funcion de saber si se preciono bien o no
1110    03B5            
1111    03B5    300F    no82	movlw	.15		;Repite la operacion hasta dar cero
1112    03B6    02C9    	subwf	49h,f
1113    03B7    1D03    	btfss	status,2	;pregunta si la cuenta dio cero
1114    03B8    2B91    	goto	Rem1		;Vuelve para arriba
1115    03B9    083E    	movfw	3eh		;mantiene el color adentro (blanco)
1116    03BA    009F    	movwf	1fh		;lo usara despues para mostrarlo en la segunda fase
1117    03BB    3005    	movlw	.5		;el .1 equivale al color
1118    03BC    00CF    	movwf	4fh		;se guardara en 4bh para luego en la resta se dira si fue correcto o no
1119    03BD    2BBE    	goto	P5		;funcion de saber si se preciono bien o no
1120    03BE            
1121    03BE            	;Funcion si se preciono bien o no---------------------------------------
1122    03BE    3001    P5	movlw	.1
1123    03BF    028E    	subwf	0eh,f
1124    03C0    1D03    	btfss	status,2
1125    03C1    2BC7    	goto	no86
1126    03C2    0840    	movfw	40h
1127    03C3    024E    	subwf	4eh,w
1128    03C4    1D03    	btfss	status,2
1129    03C5    2BE8    	goto	perdi
1130    03C6    2C00    	goto	win
1131    03C7            
1132    03C7    3001    no86	movlw	.1
1133    03C8    028D    	subwf	0dh,f
1134    03C9    1D03    	btfss	status,2
1135    03CA    2BD0    	goto	no83
1136    03CB    0840    	movfw	40h
1137    03CC    024D    	subwf	4dh,w
1138    03CD    1D03    	btfss	status,2
1139    03CE    2BE8    	goto	perdi
1140    03CF    2B54    	goto	j5
1141    03D0            	
1142    03D0    3001    no83	movlw	.1
1143    03D1    028C    	subwf	0CH,f
1144    03D2    1D03    	btfss	status,2	;Z = 1 osea que si dio cero la resta
1145    03D3    2BD9    	goto	no84		;Significa que solo dio una vuelta y pregunta por el primero
1146    03D4    0840    	movfw	40h
1147    03D5    024C    	subwf	4ch,w		;al ser ,w mantiene el valor que adquirio paras otras fases
1148    03D6    1D03    	btfss	status,2	;Z = 1 osea que si dio cero la resta
1149    03D7    2BE8    	goto	perdi
1150    03D8    2B54    	goto	j5
1151    03D9            
1152    03D9    3001    no84	movlw	.1
1153    03DA    0290    	subwf	10h,f
1154    03DB    1D03    	btfss	status,2	;Z = 1 osea que si dio cero la resta
1155    03DC    2BE2    	goto	no85	 	;Significa que solo dio una vuelta y pregunta por el primero
1156    03DD    0840    	movfw	40h		;si es si
1157    03DE    024B    	subwf	4bh,w		;al ser ,w mantiene el valor que adquirio paras otras fases
1158    03DF    1D03    	btfss	status,2	;Z = 1 osea que si dio cero la resta
1159    03E0    2BE8    	goto	perdi
1160    03E1    2B54    	goto	j5
1161    03E2            
1162    03E2    0840    no85	movfw	40h		;si es si
1163    03E3    024A    	subwf	4ah,w		;al ser ,w mantiene el valor que adquirido para otras fases
1164    03E4    1D03    	btfss	status,2	;Z = 1 osea que si dio cero la resta
1165    03E5    2BE8    	goto	perdi
1166    03E6    2427    	call	demora2
1167    03E7    2B54    	goto	j5		;Vuelve para la segunda vuelta
1168    03E8            
1169    03E8            
1170    03E8            
1171    03E8            
1172    03E8            
1173    03E8            
1174    03E8            
1175    03E8            	
1176    03E8            
1177    03E8            	;Perdiste (Game Over)----------------------------------------------------
1178    03E8    1406    Perdi	bsf	portb,0
1179    03E9    1486    	bsf	portb,1
1180    03EA    1506    	bsf	portb,2
1181    03EB    1586    	bsf	portb,3
1182    03EC    1606    	bsf	portb,4
1183    03ED    2414    	call 	demorav
1184    03EE    0186    	clrf	portb
1185    03EF    2414    	call 	demorav
1186    03F0    1406    	bsf	portb,0
1187    03F1    1486    	bsf	portb,1
1188    03F2    1506    	bsf	portb,2
1189    03F3    1586    	bsf	portb,3
1190    03F4    1606    	bsf	portb,4
1191    03F5    2414    	call 	demorav
1192    03F6    0186    	clrf	portb
1193    03F7    2414    	call 	demorav
1194    03F8    1406    	bsf	portb,0
1195    03F9    1486    	bsf	portb,1
1196    03FA    1506    	bsf	portb,2
1197    03FB    1586    	bsf	portb,3
1198    03FC    1606    	bsf	portb,4
1199    03FD    2414    	call 	demorav
1200    03FE    0186    	clrf	portb
1201    03FF    2840    	goto	inicio
1202    0400            	;Ganaste (Win)------------------------------------------------------------
1203    0400    1406    win	bsf	portb,0
1204    0401    2414    	call	demorav
1205    0402    1486    	bsf	portb,1
1206    0403    2414    	call	demorav
1207    0404    1506    	bsf	portb,2
1208    0405    2414    	call	demorav
1209    0406    1586    	bsf	portb,3
1210    0407    2414    	call	demorav
1211    0408    1606    	bsf	portb,4
1212    0409    2414    	call	demorav
1213    040A    0186    	clrf	portb
1214    040B    2414    	call 	demorav
1215    040C    1406    	bsf	portb,0
1216    040D    1486    	bsf	portb,1
1217    040E    1506    	bsf	portb,2
1218    040F    1586    	bsf	portb,3
1219    0410    1606    	bsf	portb,4
1220    0411    2414    	call 	demorav
1221    0412    0186    	clrf	portb
1222    0413    2840    	goto	inicio 
1223    0414            	;Demoras de tiempos------------------------------------------------------
1224    0414    0181    demorav	clrf	TMR0      	;TMR0=0 limpio el timer
1225    0415    0830    	movfw   30h		;va 30H
1226    0416    00BF    	movwf   3FH      	;permanente
1227    0417    110B    pipa    bcf	intcon,2
1228    0418    303D    	movlw	.61		;variable (tengo .61 = 50mseg) ESTABA 31H
1229    0419    0081    	movwf   TMR0		;Permanente, 31h le pasa el .61 al timer
1230    041A    1D0B    ni      btfss   intcon,2	;cuenta hasta llegar a cero
1231    041B    2C1A    	goto	ni		;repite hasta llegar a cero
1232    041C    2C1D    	goto	si9		;llego a cero intcon,2
1233    041D    0BBF    si9     decfsz	3FH,f		;es la variable que se resta
1234    041E    2C17    	goto	pipa
1235    041F    0008    	return          	;vuelve de donde vino----------------------------
1236    0420    0181    demora1	clrf   TMR0		;limpiando timer, hacer de 50 mseg
1237    0421    303D    	movlw   d'61'		;Seria .61
1238    0422    0081    	movwf   TMR0		;TMRO=178
1239    0423    1D0B    N	btfss	intcon,2
1240    0424    2C23    	goto	N
1241    0425    110B    	bcf	intcon,2
1242    0426    0008    	return			;;vuelve de donde vino----------------------------
1243    0427    0181    demora2	clrf	TMR0      	;TMR0=0 limpio el timer
1244    0428    3005    	movlw   .5		;con esto hace un demora de 500 mseg
1245    0429    00C8    	movwf   48H      	;permanente
1246    042A    110B    pipa2   bcf	intcon,2
1247    042B    303D    	movlw	.61		;variable (tengo .61 = 50mseg) ESTABA 31H
1248    042C    0081    	movwf   TMR0		;Permanente, 31h le pasa el .61 al timer
1249    042D    1D0B    niii    btfss   intcon,2	;cuenta hasta llegar a cero
1250    042E    2C2D    	goto	niii		;repite hasta llegar a cero
1251    042F    2C30    	goto	siz		;llego a cero intcon,2
1252    0430    0BC8    siz     decfsz	48H,f		;es la variable que se resta
1253    0431    2C2A    	goto	pipa2
1254    0432    0008    	return			;vuelve de donde vino----------------------------
1255    0433    0181    demora3	clrf	TMR0      	;TMR0=0 limpio el timer
1256    0434    3001    	movlw   .1		;con esto hace un demora de 500 mseg
1257    0435    00C7    	movwf   47H      	;permanente
1258    0436    110B    pipa3   bcf	intcon,2
1259    0437    30FF    	movlw	.255		;variable (tengo .61 = 50mseg) ESTABA 31H
1260    0438    0081    	movwf   TMR0		;Permanente, 31h le pasa el .61 al timer
1261    0439    1D0B    niiii   btfss   intcon,2	;cuenta hasta llegar a cero
1262    043A    2C39    	goto	niiii		;repite hasta llegar a cero
1263    043B    2C3C    	goto	sizz		;llego a cero intcon,2
1264    043C    0BC7    sizz     decfsz	47H,f		;es la variable que se resta
1265    043D    2C36    	goto	pipa3
1266    043E    0008    	return			;vuelve de donde vino----------------------------
---------------------------------------------
Number of errors = 0
