---------------------------------------------
PIC ASSEMBLER LISTING
Line    Address Opcode  Instruction
---------------------------------------------
0001    0000            	org	0
0002    0000    1683    	bsf	status,5
0003    0001    0185    	clrf	trisa
0004    0002    0186    	clrf	trisb
0005    0003    3047    	movlw	b'1000111'
0006    0004    0081    	movwf	option
0007    0005    1405    	bsf	porta,0
0008    0006    1485    	bsf	porta,1
0009    0007    1505    	bsf	porta,2
0010    0008    1585    	bsf	porta,3
0011    0009    1006    	bcf	PORTB,0
0012    000A    1086    	bcf	PORTB,1
0013    000B    1106    	bcf	PORTB,2
0014    000C    1186    	bcf	PORTB,3
0015    000D    1206    	bcf	PORTB,4
0016    000E    1286    	bcf	PORTB,5
0017    000F    1306    	bcf	PORTB,6
0018    0010    1386    	bcf	PORTB,7
0019    0011    1283    	bcf	status,5
0020    0012    0185    	clrf	PORTA
0021    0013    0186    	clrf	PORTB
0022    0014    3001    	movlw	.1
0023    0015    009B    	movwf	1BH		;Permanentes
0024    0016    3002    	movlw	.2
0025    0017    009C    	movwf	1CH		;Permanentes
0026    0018    3003    	movlw	.3
0027    0019    00BA    	movwf	3AH		;Permanentes
0028    001A    3004    	movlw	.4
0029    001B    00BB    	movwf	3BH		;Permanentes
0030    001C    3005    	movlw	.5
0031    001D    00CA    	movwf	4AH		;Permanentes
0032    001E    3006    	movlw	.6
0033    001F    00CB    	movwf	4BH		;Permanentes
0034    0020    3007    	movlw	.7
0035    0021    00CC    	movwf	4CH		;Permanentes
0036    0022            
0037    0022    3001    	movlw	.1
0038    0023    009A    	movwf	1AH		;el que varia	
0039    0024    3001    	movlw	.1
0040    0025    00AA    	movwf	2AH
0041    0026            
0042    0026    3004    	movlw	.4		;inicial	DEMORA
0043    0027    009D    	movwf	1DH
0044    0028    303D    	movlw	.61		;;inicial	TMR0
0045    0029    00AC    	movwf	2CH
0046    002A            	
0047    002A            
0048    002A    1C05    inicio	btfss	porta,0
0049    002B    282A    	goto	inicio		;NO
0050    002C    282D    	goto	tretra		;SI
0051    002D    2138    tretra	call 	demora1
0052    002E    1C05    	btfss	porta,0		;si es en verdad
0053    002F    282A    	goto	inicio		;no fue de verdad
0054    0030    2831    	goto	traba
0055    0031            
0056    0031    1805    traba	btfsc	porta,0
0057    0032    2831    	goto	traba		;NO SOLTO
0058    0033    1686    	bsf	portb,5
0059    0034    2835    	goto	inicix		;SI SOLTO
0060    0035            	
0061    0035            inicix	
0062    0035    1D05    ra2	btfss	porta,2
0063    0036    2838    	goto	ra3		;no
0064    0037    28A6    	goto	kiss		;si
0065    0038            
0066    0038    1D85    ra3	btfss	porta,3
0067    0039    283B    	goto	ra1		;no
0068    003A    28E9    	goto	kiss2		;si
0069    003B            	
0070    003B    1C85    ra1	btfss	porta,1
0071    003C    2841    	goto	sopo		;NO (hiva noo4)
0072    003D    283E    	goto	cambio		;si
0073    003E            
0074    003E    1885    cambio	btfsc	porta,1
0075    003F    283E    	goto	cambio
0076    0040    2835    	goto	inicix
0077    0041            
0078    0041    081B    sopo	movfw	1BH		;vale 1
0079    0042    022A    	subwf	2AH,W		;variable	1 - 1 = 0
0080    0043    1D03    	btfss	status,2	; Z = 1
0081    0044    2846    	goto	gogo		;no ( porque varia con ra1, que nos da z=0) IZQUIERAA
0082    0045    2876    	goto	gege		;si ( porque quedo 0) DERECHA
0083    0046            
0084    0046            gogo
0085    0046    1706    	bsf	portb,6
0086    0047    1386    	bcf	portb,7
0087    0048    1086    	bcf	portb,1
0088    0049    1106    	bcf	portb,2
0089    004A    1586    	bsf	portb,3
0090    004B    1606    	bsf	portb,4
0091    004C    212C    	call	demora
0092    004D    1486    	bsf	portb,1
0093    004E    1106    	bcf	portb,2
0094    004F    1186    	bcf	portb,3
0095    0050    1606    	bsf	portb,4
0096    0051    212C    	call	demora
0097    0052    1486    	bsf	portb,1
0098    0053    1506    	bsf	portb,2
0099    0054    1186    	bcf	portb,3
0100    0055    1206    	bcf	portb,4
0101    0056    212C    	call	demora
0102    0057    1086    	bcf	portb,1
0103    0058    1506    	bsf	portb,2
0104    0059    1586    	bsf	portb,3
0105    005A    1206    	bcf	portb,4
0106    005B    212C    	call 	demora
0107    005C            
0108    005C    1C05    	btfss	porta,0
0109    005D    285F    	goto	lono
0110    005E    286A    	goto	li7
0111    005F    1D05    lono	btfss	porta,2
0112    0060    2862    	goto	lono2
0113    0061    28A6    	goto	kiss
0114    0062            
0115    0062    1D85    lono2	btfss	porta,3
0116    0063    2865    	goto	lono3
0117    0064    28E9    	goto	kiss2
0118    0065            
0119    0065    1C85    lono3	btfss	porta,1
0120    0066    2846    	goto	gogo		;no
0121    0067    3001    	movlw	.1		
0122    0068    00AA    	movwf	2AH
0123    0069    283E    	goto	cambio
0124    006A            
0125    006A    1086    li7	bcf	portb,1
0126    006B    1106    	bcf	portb,2
0127    006C    1186    	bcf	portb,3
0128    006D    1206    	bcf	portb,4
0129    006E    1286    	bcf	portb,5
0130    006F    1306    	bcf	portb,6
0131    0070    1386    	bcf	portb,7
0132    0071    3002    	movlw	.2
0133    0072    00AA    	movwf	2AH
0134    0073    1805    poti	btfsc	porta,0
0135    0074    2873    	goto	poti
0136    0075    282A    	goto	inicio
0137    0076            
0138    0076            gege
0139    0076    1306    	bcf	portb,6
0140    0077    1786    	bsf	portb,7
0141    0078            
0142    0078    1486    	bsf	portb,1
0143    0079    1506    	bsf	portb,2
0144    007A    1186    	bcf	portb,3
0145    007B    1206    	bcf	portb,4
0146    007C    212C    	call	demora
0147    007D    1486    	bsf	portb,1
0148    007E    1106    	bcf	portb,2
0149    007F    1186    	bcf	portb,3
0150    0080    1606    	bsf	portb,4
0151    0081    212C    	call	demora
0152    0082    1086    	bcf	portb,1
0153    0083    1106    	bcf	portb,2
0154    0084    1586    	bsf	portb,3
0155    0085    1606    	bsf	portb,4
0156    0086    212C    	call	demora
0157    0087    1086    	bcf	portb,1
0158    0088    1506    	bsf	portb,2
0159    0089    1586    	bsf	portb,3
0160    008A    1206    	bcf	portb,4
0161    008B    212C    	call 	demora
0162    008C            				;preguntando
0163    008C    1C05    	btfss	porta,0		
0164    008D    289B    	goto	noko
0165    008E    288F    	goto	li8		;quiero apagar	
0166    008F            
0167    008F    1086    li8	bcf	portb,1
0168    0090    1106    	bcf	portb,2
0169    0091    1186    	bcf	portb,3
0170    0092    1206    	bcf	portb,4
0171    0093    1286    	bcf	portb,5
0172    0094    1306    	bcf	portb,6
0173    0095    1386    	bcf	portb,7
0174    0096    3001    	movlw	.1
0175    0097    00AA    	movwf	2AH
0176    0098    1805    yu	btfsc	porta,0 
0177    0099    2898    	goto	yu
0178    009A    282A    	goto	inicio
0179    009B            
0180    009B    1D05    noko	btfss	porta,2
0181    009C    289E    	goto	noko1
0182    009D    28A6    	goto	kiss
0183    009E    1D85    noko1	btfss	porta,3
0184    009F    28A1    	goto	noko2
0185    00A0    28E9    	goto	kiss2
0186    00A1    1C85    noko2	btfss	porta,1
0187    00A2    2876    	goto	gege
0188    00A3    3002    	movlw	.2		;Derecha
0189    00A4    00AA    	movwf	2AH
0190    00A5    283E    	goto	cambio
0191    00A6            
0192    00A6            
0193    00A6    1905    kiss	btfsc	porta,2
0194    00A7    28A6    	goto	kiss
0195    00A8    28A9    	goto	empiesa
0196    00A9            
0197    00A9    081B    empiesa	movfw	1BH		;.1 + 1		10
0198    00AA    021A    	subwf	1AH,W
0199    00AB    1D03    	btfss	status,2
0200    00AC    28B3    	goto	no2
0201    00AD    0A9A    	incf	1AH,F
0202    00AE    3002    	movlw	.2		;inicial	DEMORA
0203    00AF    009D    	movwf	1DH
0204    00B0    303D    	movlw	.61		;;inicial	TMR0
0205    00B1    00AC    	movwf	2CH
0206    00B2    2838    	goto	ra3
0207    00B3            
0208    00B3    081C    no2	movfw	1CH		;.2 + 1		15
0209    00B4    021A    	subwf	1AH,W
0210    00B5    1D03    	btfss	status,2
0211    00B6    28BE    	goto	no3
0212    00B7    28B8    	goto	as
0213    00B8    0A9A    as	incf	1AH,F
0214    00B9    3002    	movlw	.2		;inicial	DEMORA
0215    00BA    009D    	movwf	1DH
0216    00BB    307E    	movlw	.126		;;inicial	TMR0
0217    00BC    00AC    	movwf	2CH
0218    00BD    2838    	goto	ra3
0219    00BE            
0220    00BE    083A    no3	movfw	3AH		;.3 + 1 	20
0221    00BF    021A    	subwf	1AH,W
0222    00C0    1D03    	btfss	status,2
0223    00C1    28C9    	goto	no4
0224    00C2    28C3    	goto	ad
0225    00C3    0A9A    ad	incf	1AH,F
0226    00C4    3001    	movlw	.1		;inicial	DEMORA
0227    00C5    009D    	movwf	1DH
0228    00C6    303D    	movlw	.61		;;inicial	TMR0
0229    00C7    00AC    	movwf	2CH
0230    00C8    2838    	goto	ra3
0231    00C9            
0232    00C9    083B    no4	movfw	3BH		;.4 + 1		25
0233    00CA    021A    	subwf	1AH,W
0234    00CB    1D03    	btfss	status,2
0235    00CC    28D4    	goto	no5
0236    00CD    28CE    	goto	af
0237    00CE    0A9A    af	incf	1AH,F
0238    00CF    3001    	movlw	.1		;inicial	DEMORA
0239    00D0    009D    	movwf	1DH
0240    00D1    3064    	movlw	.100		;;inicial	TMR0
0241    00D2    00AC    	movwf	2CH
0242    00D3    2838    	goto	ra3
0243    00D4            
0244    00D4    084A    no5	movfw	4AH		;.5 + 1		30
0245    00D5    021A    	subwf	1AH,W
0246    00D6    1D03    	btfss	status,2
0247    00D7    28DF    	goto	gh		;no
0248    00D8    28D9    	goto	ag		;si
0249    00D9    0A9A    ag	incf	1AH,F
0250    00DA    3001    	movlw	.1		;inicial	DEMORA
0251    00DB    009D    	movwf	1DH
0252    00DC    307E    	movlw	.126		;;inicial	TMR0
0253    00DD    00AC    	movwf	2CH
0254    00DE    2838    	goto	ra3		;FIN
0255    00DF            
0256    00DF    084B    gh	movfw	4BH		;.6 + 1		35
0257    00E0    021A    	subwf	1AH,W
0258    00E1    1D03    	btfss	status,2
0259    00E2    2835    	goto	inicix
0260    00E3    0A9A    	incf	1AH,F
0261    00E4    3001    	movlw	.1		;inicial	DEMORA
0262    00E5    009D    	movwf	1DH
0263    00E6    3091    	movlw	.145		;;inicial	TMR0
0264    00E7    00AC    	movwf	2CH
0265    00E8    2838    	goto	ra3		;FIN
0266    00E9            
0267    00E9            
0268    00E9    1985    kiss2	btfsc	porta,3
0269    00EA    28E9    	goto	kiss2
0270    00EB    28EC    	goto	empies2		;EMPIESA 2
0271    00EC            
0272    00EC            empies2	
0273    00EC    084C    nope1	movfw	4CH		;.7 - 1		30p
0274    00ED    021A    	subwf	1AH,W
0275    00EE    1D03    	btfss	status,2
0276    00EF    28F7    	goto	nope2
0277    00F0    28F1    	goto	sepe2
0278    00F1    039A    sepe2	decf	1AH,F
0279    00F2    3001    	movlw	.1		;inicial	DEMORA
0280    00F3    009D    	movwf	1DH
0281    00F4    307E    	movlw	.126		;;inicial	TMR0
0282    00F5    00AC    	movwf	2CH
0283    00F6    2835    	GOTO	inicix
0284    00F7            
0285    00F7    084B    nope2	movfw	4BH		;.6 - 1		25p
0286    00F8    021A    	subwf	1AH,W
0287    00F9    1D03    	btfss	status,2
0288    00FA    2902    	goto	nope3
0289    00FB    28FC    	goto	sepe3
0290    00FC    039A    sepe3	decf	1AH,F
0291    00FD    3001    	movlw	.1		;inicial	DEMORA
0292    00FE    009D    	movwf	1DH
0293    00FF    3064    	movlw	.100		;;inicial	TMR0
0294    0100    00AC    	movwf	2CH
0295    0101    2835    	GOTO	inicix
0296    0102            
0297    0102    084A    nope3	movfw	4AH		;.5 - 1		20p
0298    0103    021A    	SUBWF	1AH,W
0299    0104    1D03    	BTFSS	status,2
0300    0105    290D    	GOTO	nope4
0301    0106    2907    	goto	sepe4
0302    0107    039A    sepe4	DECF	1AH,F
0303    0108    3001    	movlw	.1		;inicial	DEMORA
0304    0109    009D    	movwf	1DH
0305    010A    303D    	movlw	.61		;;inicial	TMR0
0306    010B    00AC    	movwf	2CH
0307    010C    2835    	GOTO	ra2
0308    010D            
0309    010D    083B    nope4	movfw	3BH		;.4 - 1		15p
0310    010E    021A    	SUBWF	1AH,W
0311    010F    1D03    	BTFSS	status,2
0312    0110    2918    	GOTO	nope5
0313    0111    2912    	goto	sepe5
0314    0112    039A    sepe5	DECF	1AH,F
0315    0113    3002    	movlw	.2		;inicial	DEMORA
0316    0114    009D    	movwf	1DH
0317    0115    307E    	movlw	.126		;;inicial	TMR0
0318    0116    00AC    	movwf	2CH
0319    0117    2835    	GOTO	ra2
0320    0118            
0321    0118    083A    nope5	movfw	3AH		;.3 - 1		10
0322    0119    021A    	subwf	1AH,W
0323    011A    1D03    	btfss	status,2
0324    011B    2922    	goto	nope7
0325    011C    039A    	decf	1AH,F
0326    011D    3002    	movlw	.2		;inicial	DEMORA
0327    011E    009D    	movwf	1DH
0328    011F    303D    	movlw	.61		;;inicial	TMR0
0329    0120    00AC    	movwf	2CH
0330    0121    2835    	GOTO	ra2	
0331    0122            
0332    0122    081C    nope7	movfw	1CH		;.2 - 1 	10
0333    0123    021A    	subwf	1AH,W
0334    0124    1D03    	btfss	status,2
0335    0125    2835    	goto	ra2
0336    0126    039A    	decf	1AH,F
0337    0127    3004    	movlw	.4		;inicial	DEMORA
0338    0128    009D    	movwf	1DH
0339    0129    303D    	movlw	.61		;;inicial	TMR0
0340    012A    00AC    	movwf	2CH
0341    012B    2835    	GOTO	ra2		
0342    012C            	
0343    012C            
0344    012C            
0345    012C    0181    demora	clrf	TMR0		;TMR0=0
0346    012D    081D    	movfw	1DH		;variable (TENGO .50)
0347    012E    00BD    	movwf	3DH		;permanente
0348    012F    110B    pipa	bcf	intcon,2
0349    0130    082C    	movfw	2CH		;variable (TENGO .50)
0350    0131    0081    	movwf	TMR0		;Permanente
0351    0132    1D0B    no	btfss	intcon,2
0352    0133    2932    	goto	no
0353    0134    2935    	goto	si9
0354    0135    0BBD    si9	decfsz	3DH,F
0355    0136    292F    	goto	pipa
0356    0137    0008    	return
0357    0138            
0358    0138    01AD    demora1	clrf	2DH
0359    0139    01AE    	clrf	2EH
0360    013A            	
0361    013A    30FF    NOPE299	MOVLW	.255		;NOPE2 CON NOPE FORMAN LOS SEGUNDOS
0362    013B    00AE    	MOVWF	2EH	
0363    013C    30FF    Nope99	MOVLW	.255		;NOPE2 CON NOPE FORMAN LOS SEGUNDOS
0364    013D    00AD    	MOVWF	2DH		;LO PONEMOS HAY	
0365    013E    0BAD    NOTRO	DECFSZ	2DH,F		;DECRECEMOS
0366    013F    293E    	goto	NOTRO		;SIGUE DECRECIENDO
0367    0140    2941    	goto	pepre		;TERMINO
0368    0141    0BAE    pepre	DECFSZ	2EH,F
0369    0142    293C    	goto	Nope99
0370    0143    2944    	goto	PEPE299
0371    0144    0008    PEPE299	return
0372    0145            	
0373    0145            	
---------------------------------------------
Number of errors = 0
