---------------------------------------------
PIC ASSEMBLER LISTING
Line    Address Opcode  Instruction
---------------------------------------------
0001    0000            	ORG   0      	;DIRECTIVA Origen del programa
0002    0000    1683    	bsf   STATUS,5   ;CAMBIO DE BANCO para configurar el Micro
0003    0001    0185    	clrf   TRISA      ;Todo en 0(8 bit)
0004    0002    0186    	clrf   TRISB      ;Todo en 0(8 bit)
0005    0003    3047    	movlw   b'1000111'
0006    0004    0081    	movwf   option
0007    0005            	         
0008    0005    1405    	bsf   PORTA,0      ;para precionar entradas
0009    0006    1485    	bsf   PORTA,1      ;para precionar
0010    0007    1505    	bsf   PORTA,2      ;para precionar
0011    0008    1585    	bsf   PORTA,3      ;para precionar 
0012    0009    1605    	bsf   PORTA,4      ;para precionar 
0013    000A                     
0014    000A    1006    	bcf   PORTB,0      ;Salidas
0015    000B    1086    	bcf   PORTB,1
0016    000C    1106    	bcf   PORTB,2
0017    000D    1186    	bcf   PORTB,3
0018    000E    1206    	bcf   PORTB,4
0019    000F            	;comandos para la Funcion velocidad
0020    000F    3001    	movlw   .1
0021    0010    00AA    	movwf   2ah
0022    0011    3002    	movlw   .2
0023    0012    00AB    	movwf   2bh
0024    0013    3003    	movlw   .3
0025    0014    00AC    	movwf   2ch
0026    0015    3004    	movlw   .4
0027    0016    00AD    	movwf   2dh
0028    0017    3005    	movlw   .5
0029    0018    00AE    	movwf   2eh
0030    0019            	          
0031    0019            	;cierro el terminal de datos
0032    0019    1283    	bcf   STATUS,5   ;CAMBIO DE BANCO
0033    001A    0185    	clrf   PORTA      ;TODO EN 0 
0034    001B    0186    	clrf   PORTB      ;TODO EN 0
0035    001C            	          
0036    001C            	;configuraciones de los colores a prender
0037    001C    1406    	bsf   portb,0      ;Verde prende
0038    001D    0806    	movfw   portb
0039    001E    00BA    	movwf   3ah
0040    001F    0186    	clrf   PORTB      ;TODO EN 0
0041    0020             
0042    0020    1486    	bsf   portb,1      ;Amarillo prende
0043    0021    0806    	movfw   portb
0044    0022    00BB    	movwf   3bh
0045    0023    0186    	clrf   PORTB      ;TODO EN 0
0046    0024                       
0047    0024    1506    	bsf   portb,2      ;Azul prende
0048    0025    0806    	movfw   portb
0049    0026    00BC    	movwf   3ch
0050    0027    0186    	clrf   PORTB      ;TODO EN 0
0051    0028                       
0052    0028    1586    	bsf   portb,3      ;Rojo prende
0053    0029    0806    	movfw   portb
0054    002A    00BD    	movwf   3dh
0055    002B    0186    	clrf   PORTB      ;TODO EN 0
0056    002C            	
0057    002C    1606    	bsf   portb,4      ;Blanco prende
0058    002D    0806    	movfw   portb
0059    002E    00BE    	movwf   3eh
0060    002F    0186    	clrf   PORTB      ;TODO EN 0
0061    0030            	               
0062    0030            	;Empesando con el sistema de velocidades, a elegir velocidad por colores
0063    0030                    
0064    0030    1C05    inicio  btfss   porta,0
0065    0031    2838    	goto   NO      ;Sigue preguntando por los otros      
0066    0032    20ED    	call   demora1      ;Si es si va por una velocidad de 1 segundo
0067    0033    1805    no1     btfsc   porta,0      ;Pregunto si solto el boton.
0068    0034    2833    	goto   no1      ;pregunto cuando lo suelto
0069    0035    3001    	movlw   .1      ;pongo .1 para indentificar la velocidades en la funcion de velocidad
0070    0036    009A    	movwf   1AH      ;variable entre .1 a .5
0071    0037    2858    	goto   F1      ;Funcion velocidad
0072    0038            
0073    0038            	;Segunda pregunta de velocidad-----------------------------------------------    
0074    0038    1C85    NO      btfss    porta,1      ;pregunto por la segunda velocidad de 0,8 seg
0075    0039    2840    	goto   NO2
0076    003A    20ED    	CALL   demora1      ;Si es si
0077    003B    1885    NO3     btfsc   porta,1
0078    003C    283B    	goto   NO3      ;pregunto cuando lo suelto
0079    003D    3002    	movlw   .2
0080    003E    009A    	movwf   1AH
0081    003F    2858    	goto   F1      ;Funcion velocidad
0082    0040            
0083    0040            	;Tercera pregunta de velocidad-----------------------------------------------
0084    0040    1D05    NO2     btfss   porta,2      ;pregunto por la tercera velocidad que es 0,6 seg
0085    0041    2848    	goto   NO4
0086    0042    20ED    	call   demora1
0087    0043    1905    no5     btfsc   porta,2
0088    0044    2843    	goto   no5
0089    0045    3003    	movlw   .3
0090    0046    009A    	movwf   1AH
0091    0047    2858    	goto   F1
0092    0048            
0093    0048            	;Cuarta pregunta de velocidad------------------------------------------------
0094    0048    1D85    NO4     btfss   porta,3      ;pregunto por la tercera velocidad que es 0,5 seg   
0095    0049    2850    	goto   no6
0096    004A    20ED    	call    demora1
0097    004B    1985    no7     btfsc   porta,3
0098    004C    284B    	goto   no7
0099    004D    3004    	movlw   .4
0100    004E    009A    	movwf   1AH
0101    004F    2858    	goto   F1
0102    0050            
0103    0050            	;Quinta y ultima pregunta de velocidad--------------------------------------      
0104    0050    1E05    no6   btfss   porta,4      ;pregunto por la tercera velocidad que es 0,4 seg
0105    0051    2830    	goto   inicio      ;Me vuelvo para el principio (no se toco nada)
0106    0052    20ED    	call    demora1
0107    0053    1A05    no8     btfsc   porta,4
0108    0054    2853    	goto   no8
0109    0055    3005    	movlw   .5
0110    0056    009A    	movwf   1AH
0111    0057    2858    	goto   F1
0112    0058            	         
0113    0058            	;Fin de la pregunta de velocidades, empiesa el comando de velocidad--------
0114    0058    082A    F1      movfw   2AH      ;.1 - .1 deberia dar cero si se preciono porta,0
0115    0059    021A    	subwf   1AH,W
0116    005A    1D03    	btfss   status,2   ;Z = 1   el resultado dio cero
0117    005B    2861    	goto   NO9      ;Z no vale 0, pregunto por los otros
0118    005C    3014    	movlw   .20      ;.20 es que repite 20 veses 50mseg, Si el resultado da cero la velocidad es de 1seg
0119    005D    00B0    	movwf   30h      ;Donde pongo el dato de .20, variable del timer
0120    005E    303D    	movlw   .61      ;50 mseg
0121    005F    00B1    	movwf   31h      ;Donde pongo el dato de .61=50mseg, variable del timer
0122    0060    2885    	goto   juego      ;Empiesa el juego
0123    0061                           
0124    0061            	;comando de velocidad numero 2--------------------------------------------
0125    0061    082B    NO9     movfw   2BH      ;.2 - .1 deberia dar cero si se preciono porta,0
0126    0062    021A    	subwf   1AH,W
0127    0063    1D03    	btfss   status,2   ;Z = 1   el resultado dio cero
0128    0064    286A    	goto   NO10      ;Z no vale 0, pregunto por los otros
0129    0065    3010    	movlw   .16      ;.16 es que repite 16 veses 50mseg, Si el resultado da cero la velocidad es de 0,8seg
0130    0066    00B0    	movwf   30h      ;Donde pongo el dato de .16, variable del timer
0131    0067    303D    	movlw   .61      ;50 mseg
0132    0068    00B1    	movwf   31h      ;Donde pongo el dato de .61=50mseg, variable del timer
0133    0069    2885    	goto   juego      ;Empiesa el juego
0134    006A               
0135    006A            	;comando de velocidad numero 3-------------------------------------------
0136    006A    082C    NO10    movfw   2CH      ;.3 - .1 deberia dar cero si se preciono porta,0
0137    006B    021A    	subwf   1AH,W
0138    006C    1D03    	btfss   status,2   ;Z = 1   el resultado dio cero
0139    006D    2873    	goto   NO11      ;Z no vale 0, pregunto por los otros
0140    006E    300C    	movlw   .12      ;.12 es que repite 12 veses 50mseg, Si el resultado da cero la velocidad es de 0,6seg
0141    006F    00B0    	movwf   30h      ;Donde pongo el dato de .12, variable del timer
0142    0070    303D    	movlw   .61      ;50 mseg
0143    0071    00B1    	movwf   31h      ;Donde pongo el dato de .61=50mseg, variable del timer
0144    0072    2885    	goto   juego      ;Empiesa el juego
0145    0073                     
0146    0073            	;comando de velocidad numero 4-------------------------------------------
0147    0073    082D    NO11    movfw   2DH      ;.4 - .1 deberia dar cero si se preciono porta,0
0148    0074    021A    	subwf   1AH,W
0149    0075    1D03    	btfss   status,2   ;Z = 1   el resultado dio cero
0150    0076    287C    	goto   NO12      ;Z no vale 0, pregunto por los otros
0151    0077    300A    	movlw   .10      ;.10 es que repite 10 veses 50mseg, Si el resultado da cero la velocidad es de 0,5seg
0152    0078    00B0    	movwf   30h      ;Donde pongo el dato de .10, variable del timer
0153    0079    303D    	movlw   .61      ;50 mseg
0154    007A    00B1    	movwf   31h      ;Donde pongo el dato de .61=50mseg, variable del timer
0155    007B    2885    	goto   juego      ;Empiesa el juego
0156    007C                       
0157    007C            	;comando de velocidad numero 5-------------------------------------------
0158    007C    082E    NO12    movfw   2EH	;.5 - .1 deberia dar cero si se preciono porta,0
0159    007D    021A    	subwf   1AH,W
0160    007E    1D03    	btfss   status,2   ;Z = 1   el resultado dio cero
0161    007F    2830    	goto   inicio      ;Z no vale 0, pregunto por los otros
0162    0080    3008    	movlw   .8      ;.8 es que repite 8 veses 50mseg, Si el resultado da cero la velocidad es de 0,4seg
0163    0081    00B0    	movwf   30h      ;Donde pongo el dato de .8, variable del timer
0164    0082    303D    	movlw   .61      ;50 mseg
0165    0083    00B1    	movwf   31h      ;Donde pongo el dato de .61=50mseg, variable del timer
0166    0084    2885    	goto   juego      ;Empiesa el juego
0167    0085            
0168    0085                    ;EMPIESA EL JUEGO Codigo de muestreo-------------------------------------
0169    0085    0186    juego   clrf   portb      ;limpia el puerto b por las dudas
0170    0086    1406    	bsf   portb,0      ;Prende el verde
0171    0087    20E1    	call   demorav      ;Demora variable
0172    0088    1006    	bcf   portb,0      ;apaga el verde
0173    0089    3001    	movlw   .1
0174    008A    00CA    	movwf   4ah
0175    008B                   
0176    008B            	;Primera pregunta--------------------------------------------------------
0177    008B    1C05    j1	btfss   porta,0		;aprete el puerto A,0?
0178    008C    2897    	goto   no13		;si es no me voy a preguntar por los otros puertos
0179    008D    3001    	movlw   .1		;si es si
0180    008E    00C0    	movwf   40h		;variable para restar despues
0181    008F    1406    	bsf   portb,0		;Prende el color del puertob,0
0182    0090                   	;Empiesa la funcion aleatoria--------------------------------------------
0183    0090    20ED    w1      call   demora1		;Anti rebote de 50mseg
0184    0091    1805    	btfsc   porta,0		;primera pregunta aleatoria
0185    0092    2894    	goto	no17
0186    0093    28C7    	goto	R1		;es la parte donde se le resta para hacer lo de aleatorio		
0187    0094    3001    no17	movlw	.1
0188    0095    07C9    	addwf	49h,f		;Se le suma .1 al 49h que es una memoria
0189    0096    2890    	goto	w1
0190    0097            		     
0191    0097            	;pregunta por el otro pulsador------------------------------------------
0192    0097    1C85    no13    btfss   porta,1      ;aprete el puerto A,1?
0193    0098    28A3    	goto    no14      ;si es no me voy a preguntar por los otros puertos
0194    0099    3002    	movlw   .2      ;si es si
0195    009A    00C0    	movwf   40h      ;variable para restar despues
0196    009B    1486    	bsf	portb,1      ;Prende el color del puertob,1
0197    009C                  	;Primera pregunta de la funcion aleatoria-------------------------------
0198    009C    20ED    w2      call	demora1		;Anti rebote de 50mseg
0199    009D    1885    	btfsc   porta,1		;primera pregunta aleatoria
0200    009E    28A0    	goto	no18
0201    009F    28C7    	goto	R1
0202    00A0    3001    no18	movlw	.1
0203    00A1    07C9    	addwf	49h,f		;Se le suma .1 al 49h que es una memoria
0204    00A2    289C    	goto	w2
0205    00A3                     
0206    00A3            	;pregunta por el otro pulsador------------------------------------------
0207    00A3    1D05    no14    btfss   porta,2      ;aprete el puerto A,2?
0208    00A4    28AF    	goto   no15      ;si es no me voy a preguntar por los otros puertos
0209    00A5    3003    	movlw   .3      ;si es si
0210    00A6    00C0    	movwf   40h      ;variable para restar despues
0211    00A7    1506    	bsf   portb,2      ;Prende el color del puertob,2
0212    00A8                  	;Primera pregunta de la funcion aleatoria-------------------------------
0213    00A8    20ED    w3      call   demora1      ;Anti rebote de 50mseg
0214    00A9    1905    	btfsc   porta,2      ;primera pregunta aleatoria
0215    00AA    28AC    	goto	no19
0216    00AB    28C7    	goto	R1
0217    00AC    3001    no19	movlw	.1
0218    00AD    07C9    	addwf	49h,f		;Se le suma .1 al 49h que es una memoria
0219    00AE    28A8    	goto	w3
0220    00AF            	                 
0221    00AF            	;pregunta por el otro pulsador------------------------------------------
0222    00AF    1D85    no15    btfss   porta,3      ;aprete el puerto A,3?
0223    00B0    28BB    	goto   no16      ;si es no me voy a preguntar por los otros puertos
0224    00B1    3004    	movlw   .4      ;si es si
0225    00B2    00C0    	movwf   40h      ;variable para restar despues
0226    00B3    1586    	bsf   portb,3      ;Prende el color del puertob,3         
0227    00B4            	;Primera pregunta de la funcion aleatoria-------------------------------
0228    00B4    20ED    w4      call   demora1      ;Anti rebote de 50mseg
0229    00B5    1985    	btfsc   porta,3      ;primera pregunta aleatoria
0230    00B6    28B8    	goto	no20
0231    00B7    28C7    	goto	R1	
0232    00B8    3001    no20	movlw	.1
0233    00B9    07C9    	addwf	49h,f		;;Se le suma .1 al 49h que es una memoria
0234    00BA    28B4    	goto	w4
0235    00BB               
0236    00BB            	;pregunta por el otro pulsador------------------------------------------
0237    00BB    1E05    no16	btfss   porta,4      ;aprete el puerto A,4?
0238    00BC    288B    	goto    j1      ;si es no me voy a preguntar por los otros puertos
0239    00BD    3005    	movlw   .5      ;si es si
0240    00BE    00C0    	movwf   40h      ;variable para restar despues
0241    00BF    1606    	bsf	portb,4      ;Prende el color del puertob,4 
0242    00C0            	;Primera pregunta de la funcion aleatoria-------------------------------
0243    00C0    20ED    w5	call   demora1      ;Anti rebote de 50mseg
0244    00C1    1A05    	btfsc   porta,4      ;primera pregunta aleatoria
0245    00C2    28C4    	goto	no21
0246    00C3    28C7    	goto	R1	
0247    00C4    3001    no21	movlw	.1
0248    00C5    07C9    	addwf	49h,f		;;Se le suma .1 al 49h que es una memoria
0249    00C6    28C0    	goto	w5
0250    00C7            	
0251    00C7             	;Funcion aleatorio de desconteo de 49H---------------------------------
0252    00C7            R1	
0253    00C7            
0254    00C7            	;datos para la fase 2---------------------------------------------------
0255    00C7    083A    si1     movfw   3ah      ;si sale para la prox el portb,o
0256    00C8    009B    	movwf   1bh
0257    00C9    3001    	movlw   .1
0258    00CA    00CB    	movwf   4bh
0259    00CB    28E0    	goto    P
0260    00CC    083B    si2	movfw   3bh      ;si sale para la prox el portb,1
0261    00CD    009B    	movwf   1bh
0262    00CE    3002    	movlw   .2
0263    00CF    00CB    	movwf   4bh
0264    00D0    28E0    	goto    P
0265    00D1    083C    si3   movfw     3ch      ;si sale para la prox el portb,2
0266    00D2    009B    	movwf   1bh
0267    00D3    3003    	movlw   .3
0268    00D4    00CB    	movwf   4bh
0269    00D5    28E0    	goto    P
0270    00D6    083D    si4	movfw   3dh      ;si sale para la prox el portb,3
0271    00D7    009B    	movwf   1bh
0272    00D8    3004    	movlw   .4
0273    00D9    00CB    	movwf   4bh
0274    00DA    28E0    	goto    P
0275    00DB    083E    si5	movfw   3eh      ;si sale para la prox el portb,4
0276    00DC    009B    	movwf   1bh
0277    00DD    3005    	movlw   .5
0278    00DE    00CB    	movwf   4bh
0279    00DF    28E0    	goto	P
0280    00E0    2830    p   	goto	inicio
0281    00E1             
0282    00E1              
0283    00E1            	;Demoras de tiempos------------------------------------------------------
0284    00E1    0181    demorav	clrf	TMR0      ;TMR0=0 limpio el timer
0285    00E2    0830    	movfw   30h      ;variable (varia de .20 a .8)
0286    00E3    00BD    	movwf   3DH      ;permanente
0287    00E4    110B    pipa    bcf	intcon,2
0288    00E5    0831    	movfw   31h		;variable (tengo .61 = 50mseg)
0289    00E6    0081    	movwf   TMR0		;Permanente, 31h le pasa el .61 al timer
0290    00E7    1D0B    Ni      btfss   intcon,2	;cuenta hasta llegar a cero
0291    00E8    28E7    	goto	ni		;repite hasta llegar a cero
0292    00E9    28EA    	goto	si9		;llego a cero intcon,2
0293    00EA    0BBD    si9     decfsz	3DH,F		;es la variable que se resta
0294    00EB    28E4    	goto	pipa
0295    00EC    0008    	return
0296    00ED                      
0297    00ED    0181    demora1	clrf   TMR0		;limpiando timer, hacer de 50 mseg
0298    00EE    30FF    	movlw   d'255'		;Seria .61
0299    00EF    0081    	movwf   TMR0		;TMRO=178
0300    00F0    1D0B    N	btfss	intcon,2
0301    00F1    28F0    	goto	N
0302    00F2    110B    	bcf	intcon,2
0303    00F3    0008    	return
---------------------------------------------
Number of errors = 0
