---------------------------------------------
PIC ASSEMBLER LISTING
Line    Address Opcode  Instruction
---------------------------------------------
0001    0000            ; Begin
0002    0000            	R0L EQU 0x20
0003    0000            	R0H EQU 0x21
0004    0000            	R1L EQU 0x22
0005    0000            	R1H EQU 0x23
0006    0000            	R2L EQU 0x24
0007    0000            	R2H EQU 0x25
0008    0000            	R3L EQU 0x26
0009    0000            	R3H EQU 0x27
0010    0000            	R4L EQU 0x28
0011    0000            	R4H EQU 0x29
0012    0000            	R5L EQU 0x2A
0013    0000            	R5H EQU 0x2B
0014    0000            	ORG 0x0000
0015    0000    118A    	BCF PCLATH,3
0016    0001    120A    	BCF PCLATH,4
0017    0002    2805    	GOTO L0002
0018    0003            	ORG 0x0004
0019    0004    0009    	RETFIE
0020    0005            L0002:
0021    0005            ; 1: Define ADC_CLOCK = 3 'default value is 3
0022    0005            ; 2: Define ADC_SAMPLEUS = 10 'default value is 20
0023    0005            ; 3: Define LCD_BITS = 8 'allowed values are 4 and 8 - the number of data interface lines
0024    0005            ; 4: Define LCD_DREG = PORTB
0025    0005            ; 5: Define LCD_DBIT = 0 '0 or 4 for 4-bit interface, ignored for 8-bit interface
0026    0005            ; 6: Define LCD_RSREG = PORTD
0027    0005            ; 7: Define LCD_RSBIT = 1
0028    0005            ; 8: Define LCD_EREG = PORTD
0029    0005            ; 9: Define LCD_EBIT = 3
0030    0005            ; 10: Define LCD_RWREG = PORTD 'set to 0 if not used, 0 is default
0031    0005            ; 11: Define LCD_RWBIT = 2 'set to 0 if not used, 0 is default
0032    0005            ; 12: Define LCD_COMMANDUS = 2000 'delay after LCDCMDOUT, default value is 5000
0033    0005            ; 13: Define LCD_DATAUS = 50 'delay after LCDOUT, default value is 100
0034    0005            ; 14: Define LCD_INITMS = 2 'delay used by LCDINIT, default value is 100
0035    0005            ; 15:  'the last three Define directives set the values suitable for simulation; they should be omitted for a real device
0036    0005            ; 16: 
0037    0005            ; 17: Dim an0 As Word
0038    0005            ;       The address of 'an0' is 0x2C
0039    0005            	an0 EQU 0x2C
0040    0005            ; 18: 
0041    0005            ; 19: TRISA = 0xff 'set all PORTA pins as inputs
0042    0005    1683    	BSF STATUS,RP0
0043    0006    30FF    	MOVLW 0xFF
0044    0007    0085    	MOVWF 0x05
0045    0008    1283    	BCF STATUS,RP0
0046    0009            ; 20: ADCON1 = 0 'set all PORTA pins as analog inputs
0047    0009    1683    	BSF STATUS,RP0
0048    000A    019F    	CLRF 0x1F
0049    000B    1283    	BCF STATUS,RP0
0050    000C            ; 21: Lcdinit 1 'initialize LCD module; cursor is blinking
0051    000C    1188    	BCF 0x08,3
0052    000D    1088    	BCF 0x08,1
0053    000E    1108    	BCF 0x08,2
0054    000F    1683    	BSF STATUS,RP0
0055    0010    1188    	BCF 0x08,3
0056    0011    1088    	BCF 0x08,1
0057    0012    1108    	BCF 0x08,2
0058    0013    0186    	CLRF 0x06
0059    0014    1283    	BCF STATUS,RP0
0060    0015    3002    	MOVLW 0x02
0061    0016    00A0    	MOVWF R0L
0062    0017    3000    	MOVLW 0x00
0063    0018    00A1    	MOVWF R0H
0064    0019    208B    	CALL W001
0065    001A    3033    	MOVLW 0x33
0066    001B    20EB    	CALL LC02
0067    001C    3033    	MOVLW 0x33
0068    001D    20EB    	CALL LC02
0069    001E    3033    	MOVLW 0x33
0070    001F    20EB    	CALL LC02
0071    0020    3038    	MOVLW 0x38
0072    0021    20EB    	CALL LC02
0073    0022    300D    	MOVLW 0x0D
0074    0023    20EB    	CALL LC02
0075    0024    3001    	MOVLW 0x01
0076    0025    20EB    	CALL LC02
0077    0026            ; 22: 
0078    0026            ; 23: loop: 
0079    0026            L0001:
0080    0026            ; 24: Adcin 0, an0
0081    0026    1683    	BSF STATUS,RP0
0082    0027    179F    	BSF ADCON1,ADFM
0083    0028    3000    	MOVLW 0x00
0084    0029    1283    	BCF STATUS,RP0
0085    002A    00A0    	MOVWF R0L
0086    002B    20D0    	CALL A001
0087    002C    1683    	BSF STATUS,RP0
0088    002D    081E    	MOVF ADRESL,W
0089    002E    1283    	BCF STATUS,RP0
0090    002F    00AC    	MOVWF 0x2C
0091    0030    081E    	MOVF ADRESH,W
0092    0031    00AD    	MOVWF 0x2D
0093    0032            ; 25: Lcdcmdout LcdClear 'clear LCD display
0094    0032    3001    	MOVLW 0x01
0095    0033    20EB    	CALL LC02
0096    0034            ; 26: Lcdout "Analog input AN0" 'text for the line 1
0097    0034    3041    	MOVLW 0x41
0098    0035    20E1    	CALL LC01
0099    0036    306E    	MOVLW 0x6E
0100    0037    20E1    	CALL LC01
0101    0038    3061    	MOVLW 0x61
0102    0039    20E1    	CALL LC01
0103    003A    306C    	MOVLW 0x6C
0104    003B    20E1    	CALL LC01
0105    003C    306F    	MOVLW 0x6F
0106    003D    20E1    	CALL LC01
0107    003E    3067    	MOVLW 0x67
0108    003F    20E1    	CALL LC01
0109    0040    3020    	MOVLW 0x20
0110    0041    20E1    	CALL LC01
0111    0042    3069    	MOVLW 0x69
0112    0043    20E1    	CALL LC01
0113    0044    306E    	MOVLW 0x6E
0114    0045    20E1    	CALL LC01
0115    0046    3070    	MOVLW 0x70
0116    0047    20E1    	CALL LC01
0117    0048    3075    	MOVLW 0x75
0118    0049    20E1    	CALL LC01
0119    004A    3074    	MOVLW 0x74
0120    004B    20E1    	CALL LC01
0121    004C    3020    	MOVLW 0x20
0122    004D    20E1    	CALL LC01
0123    004E    3041    	MOVLW 0x41
0124    004F    20E1    	CALL LC01
0125    0050    304E    	MOVLW 0x4E
0126    0051    20E1    	CALL LC01
0127    0052    3030    	MOVLW 0x30
0128    0053    20E1    	CALL LC01
0129    0054            ; 27: Lcdcmdout LcdLine2Home 'set cursor at the beginning of line 2
0130    0054    30C0    	MOVLW 0xC0
0131    0055    20EB    	CALL LC02
0132    0056            ; 28: Lcdout "Value: ", #an0 'formatted text for line 2
0133    0056    3056    	MOVLW 0x56
0134    0057    20E1    	CALL LC01
0135    0058    3061    	MOVLW 0x61
0136    0059    20E1    	CALL LC01
0137    005A    306C    	MOVLW 0x6C
0138    005B    20E1    	CALL LC01
0139    005C    3075    	MOVLW 0x75
0140    005D    20E1    	CALL LC01
0141    005E    3065    	MOVLW 0x65
0142    005F    20E1    	CALL LC01
0143    0060    303A    	MOVLW 0x3A
0144    0061    20E1    	CALL LC01
0145    0062    3020    	MOVLW 0x20
0146    0063    20E1    	CALL LC01
0147    0064    082C    	MOVF 0x2C,W
0148    0065    00A4    	MOVWF R2L
0149    0066    082D    	MOVF 0x2D,W
0150    0067    00A5    	MOVWF R2H
0151    0068    20F7    	CALL LC21
0152    0069            ; 29: WaitMs 1 'larger value should be used in real device
0153    0069    3001    	MOVLW 0x01
0154    006A    00A0    	MOVWF R0L
0155    006B    01A1    	CLRF R0H
0156    006C    208B    	CALL W001
0157    006D            ; 30: Goto loop 'loop forever
0158    006D    2826    	GOTO L0001
0159    006E            ; End of program
0160    006E    286E    L0003:	GOTO L0003
0161    006F            ; Division Routine
0162    006F    3010    D001:	MOVLW 0x10
0163    0070    00A6    	MOVWF R3L
0164    0071    01A5    	CLRF R2H
0165    0072    01A4    	CLRF R2L
0166    0073    0D21    D002:	RLF R0H,W
0167    0074    0DA4    	RLF R2L,F
0168    0075    0DA5    	RLF R2H,F
0169    0076    0822    	MOVF R1L,W
0170    0077    02A4    	SUBWF R2L,F
0171    0078    0823    	MOVF R1H,W
0172    0079    1C03    	BTFSS STATUS,C
0173    007A    0F23    	INCFSZ R1H,W
0174    007B    02A5    	SUBWF R2H,F
0175    007C    1803    	BTFSC STATUS,C
0176    007D    2885    	GOTO D003
0177    007E    0822    	MOVF R1L,W
0178    007F    07A4    	ADDWF R2L,F
0179    0080    0823    	MOVF R1H,W
0180    0081    1803    	BTFSC STATUS,C
0181    0082    0F23    	INCFSZ R1H,W
0182    0083    07A5    	ADDWF R2H,F
0183    0084    1003    	BCF STATUS,C
0184    0085    0DA0    D003:	RLF R0L,F
0185    0086    0DA1    	RLF R0H,F
0186    0087    0BA6    	DECFSZ R3L,F
0187    0088    2873    	GOTO D002
0188    0089    0820    	MOVF R0L,W
0189    008A    0008    	RETURN
0190    008B            ; Waitms Routine
0191    008B    08A0    W001:	MOVF R0L,F
0192    008C    1903    	BTFSC STATUS,Z
0193    008D    2896    	GOTO W002
0194    008E    209D    	CALL W003
0195    008F    03A0    	DECF R0L,F
0196    0090    0000    	NOP
0197    0091    0000    	NOP
0198    0092    0000    	NOP
0199    0093    0000    	NOP
0200    0094    0000    	NOP
0201    0095    288B    	GOTO W001
0202    0096    08A1    W002:	MOVF R0H,F
0203    0097    1903    	BTFSC STATUS,Z
0204    0098    0008    	RETURN
0205    0099    209D    	CALL W003
0206    009A    03A1    	DECF R0H,F
0207    009B    03A0    	DECF R0L,F
0208    009C    288B    	GOTO W001
0209    009D    300C    W003:	MOVLW 0x0C
0210    009E    00A5    	MOVWF R2H
0211    009F    0BA5    W004:	DECFSZ R2H,F
0212    00A0    289F    	GOTO W004
0213    00A1    0000    	NOP
0214    00A2    0000    	NOP
0215    00A3    3012    	MOVLW 0x12
0216    00A4    00A2    	MOVWF R1L
0217    00A5    0BA2    W005:	DECFSZ R1L,F
0218    00A6    28AC    	GOTO W006
0219    00A7    20AE    	CALL W007
0220    00A8    20AE    	CALL W007
0221    00A9    0000    	NOP
0222    00AA    0000    	NOP
0223    00AB    0008    	RETURN
0224    00AC    20AE    W006:	CALL W007
0225    00AD    28A5    	GOTO W005
0226    00AE    300D    W007:	MOVLW 0x0D
0227    00AF    00A4    	MOVWF R2L
0228    00B0    0BA4    W008:	DECFSZ R2L,F
0229    00B1    28B0    	GOTO W008
0230    00B2    0000    	NOP
0231    00B3    0008    	RETURN
0232    00B4            ; Waitus Routine - Byte Argument
0233    00B4    300A    X001:	MOVLW 0x0A
0234    00B5    02A8    	SUBWF R4L,F
0235    00B6    1C03    	BTFSS STATUS,C
0236    00B7    0008    	RETURN
0237    00B8    28B9    	GOTO X002
0238    00B9    3006    X002:	MOVLW 0x06
0239    00BA    02A8    	SUBWF R4L,F
0240    00BB    1C03    	BTFSS STATUS,C
0241    00BC    0008    	RETURN
0242    00BD    28B9    	GOTO X002
0243    00BE            ; Waitus Routine - Word Argument
0244    00BE    3010    Y001:	MOVLW 0x10
0245    00BF    02A8    	SUBWF R4L,F
0246    00C0    0100    	CLRW
0247    00C1    1C03    	BTFSS STATUS,C
0248    00C2    3E01    	ADDLW 0x01
0249    00C3    02A9    	SUBWF R4H,F
0250    00C4    1C03    	BTFSS STATUS,C
0251    00C5    0008    	RETURN
0252    00C6    28C7    	GOTO Y002
0253    00C7    300A    Y002:	MOVLW 0x0A
0254    00C8    02A8    	SUBWF R4L,F
0255    00C9    0100    	CLRW
0256    00CA    1C03    	BTFSS STATUS,C
0257    00CB    3E01    	ADDLW 0x01
0258    00CC    02A9    	SUBWF R4H,F
0259    00CD    1C03    	BTFSS STATUS,C
0260    00CE    0008    	RETURN
0261    00CF    28C7    	GOTO Y002
0262    00D0            ; Adcin Routine
0263    00D0    0DA0    A001:	RLF R0L,F
0264    00D1    0DA0    	RLF R0L,F
0265    00D2    0DA0    	RLF R0L,F
0266    00D3    3038    	MOVLW 0x38
0267    00D4    05A0    	ANDWF R0L,F
0268    00D5    30C1    	MOVLW 0xC1
0269    00D6    0420    	IORWF R0L,W
0270    00D7    009F    	MOVWF ADCON0
0271    00D8    300A    	MOVLW 0x0A
0272    00D9    00A8    	MOVWF R4L
0273    00DA    20B4    	CALL X001
0274    00DB    151F    	BSF ADCON0,GO
0275    00DC    191F    A002:	BTFSC ADCON0,GO
0276    00DD    28DC    	GOTO A002
0277    00DE    130C    	BCF PIR1,ADIF
0278    00DF    101F    	BCF ADCON0,ADON
0279    00E0    0008    	RETURN
0280    00E1            ; Lcdout Routine
0281    00E1    1488    LC01:	BSF 0x08,1
0282    00E2    1108    	BCF 0x08,2
0283    00E3    0086    	MOVWF 0x06
0284    00E4    1588    	BSF 0x08,3
0285    00E5    0000    	NOP
0286    00E6    1188    	BCF 0x08,3
0287    00E7    3032    	MOVLW 0x32
0288    00E8    00A8    	MOVWF R4L
0289    00E9    20B4    	CALL X001
0290    00EA    0008    	RETURN
0291    00EB            ; Lcdcmdout Routine
0292    00EB    1088    LC02:	BCF 0x08,1
0293    00EC    1108    	BCF 0x08,2
0294    00ED    0086    	MOVWF 0x06
0295    00EE    1588    	BSF 0x08,3
0296    00EF    0000    	NOP
0297    00F0    1188    	BCF 0x08,3
0298    00F1    30D0    	MOVLW 0xD0
0299    00F2    00A8    	MOVWF R4L
0300    00F3    3007    	MOVLW 0x07
0301    00F4    00A9    	MOVWF R4H
0302    00F5    20BE    	CALL Y001
0303    00F6    0008    	RETURN
0304    00F7            ; Lcdout Decimal Conversion Routine
0305    00F7    17A7    LC21:	BSF R3H,7
0306    00F8    3027    	MOVLW 0x27
0307    00F9    00A3    	MOVWF R1H
0308    00FA    3010    	MOVLW 0x10
0309    00FB    2108    	CALL LC22
0310    00FC    3003    	MOVLW 0x03
0311    00FD    00A3    	MOVWF R1H
0312    00FE    30E8    	MOVLW 0xE8
0313    00FF    2108    	CALL LC22
0314    0100    01A3    	CLRF R1H
0315    0101    3064    	MOVLW 0x64
0316    0102    2108    	CALL LC22
0317    0103    01A3    	CLRF R1H
0318    0104    300A    	MOVLW 0x0A
0319    0105    2108    	CALL LC22
0320    0106    0824    	MOVF R2L,W
0321    0107    2913    	GOTO LC23
0322    0108    00A2    LC22:	MOVWF R1L
0323    0109    0825    	MOVF R2H,W
0324    010A    00A1    	MOVWF R0H
0325    010B    0824    	MOVF R2L,W
0326    010C    00A0    	MOVWF R0L
0327    010D    206F    	CALL D001
0328    010E    0820    	MOVF R0L,W
0329    010F    1D03    	BTFSS STATUS,Z
0330    0110    13A7    	BCF R3H,7
0331    0111    1BA7    	BTFSC R3H,7
0332    0112    0008    	RETURN
0333    0113    3E30    LC23:	ADDLW 0x30
0334    0114    20E1    	CALL LC01
0335    0115    0008    	RETURN
0336    0116            ; End of listing
0337    0116            	END
---------------------------------------------
Number of errors = 0
