---------------------------------------------
PIC ASSEMBLER LISTING
Line    Address Opcode  Instruction
---------------------------------------------
0001    0000            ; Begin
0002    0000            	R0L EQU 0xC
0003    0000            	R0H EQU 0xD
0004    0000            	R1L EQU 0xE
0005    0000            	R1H EQU 0xF
0006    0000            	R2L EQU 0x10
0007    0000            	R2H EQU 0x11
0008    0000            	R3L EQU 0x12
0009    0000            	R3H EQU 0x13
0010    0000            	R4L EQU 0x14
0011    0000            	R4H EQU 0x15
0012    0000            	R5L EQU 0x16
0013    0000            	R5H EQU 0x17
0014    0000            	ORG 0x0000
0015    0000    118A    	BCF PCLATH,3
0016    0001    120A    	BCF PCLATH,4
0017    0002    2805    	GOTO L0001
0018    0003            	ORG 0x0004
0019    0004    0009    	RETFIE
0020    0005            L0001:
0021    0005            ; 1: Dim a As Word 'first number
0022    0005            ;       The address of 'a' is 0x18
0023    0005            	a EQU 0x18
0024    0005            ; 2: Dim b As Word 'second number
0025    0005            ;       The address of 'b' is 0x1A
0026    0005            	b EQU 0x1A
0027    0005            ; 3: Dim x As Word 'result
0028    0005            ;       The address of 'x' is 0x1C
0029    0005            	x EQU 0x1C
0030    0005            ; 4:
0031    0005            ; 5: a = 123 'set first number
0032    0005    307B    	MOVLW 0x7B
0033    0006    0098    	MOVWF 0x18
0034    0007    0199    	CLRF 0x19
0035    0008            ; 6: b = 234 'set second number
0036    0008    30EA    	MOVLW 0xEA
0037    0009    009A    	MOVWF 0x1A
0038    000A    019B    	CLRF 0x1B
0039    000B            ; 7: x = a * b 'calculate result
0040    000B    0818    	MOVF 0x18,W
0041    000C    0092    	MOVWF R3L
0042    000D    0819    	MOVF 0x19,W
0043    000E    0093    	MOVWF R3H
0044    000F    081A    	MOVF 0x1A,W
0045    0010    008E    	MOVWF R1L
0046    0011    081B    	MOVF 0x1B,W
0047    0012    008F    	MOVWF R1H
0048    0013    2018    	CALL M001
0049    0014    009C    	MOVWF 0x1C
0050    0015    0811    	MOVF R2H,W
0051    0016    009D    	MOVWF 0x1D
0052    0017            ; End of program
0053    0017    2817    L0002:	GOTO L0002
0054    0018            ; Multiplication Routine
0055    0018    3010    M001:	MOVLW 0x10
0056    0019    0094    	MOVWF R4L
0057    001A    018D    	CLRF R0H
0058    001B    018C    	CLRF R0L
0059    001C    0C93    M002:	RRF R3H,F
0060    001D    0C92    	RRF R3L,F
0061    001E    1C03    	BTFSS STATUS,C
0062    001F    2826    	GOTO M003
0063    0020    080E    	MOVF R1L,W
0064    0021    078C    	ADDWF R0L,F
0065    0022    080F    	MOVF R1H,W
0066    0023    1803    	BTFSC STATUS,C
0067    0024    0F0F    	INCFSZ R1H,W
0068    0025    078D    	ADDWF R0H,F
0069    0026    0C8D    M003:	RRF R0H,F
0070    0027    0C8C    	RRF R0L,F
0071    0028    0C91    	RRF R2H,F
0072    0029    0C90    	RRF R2L,F
0073    002A    0B94    	DECFSZ R4L,F
0074    002B    281C    	GOTO M002
0075    002C    0810    	MOVF R2L,W
0076    002D    0008    	RETURN
0077    002E            ; End of listing
0078    002E            	END
---------------------------------------------
Number of errors = 0
