---------------------------------------------
PIC ASSEMBLER LISTING
Line    Address Opcode  Instruction
---------------------------------------------
0001    0000            ; Begin
0002    0000            	R0L EQU 0xC
0003    0000            	R0H EQU 0xD
0004    0000            	R1L EQU 0xE
0005    0000            	R1H EQU 0xF
0006    0000            	R2L EQU 0x10
0007    0000            	R2H EQU 0x11
0008    0000            	R3L EQU 0x12
0009    0000            	R3H EQU 0x13
0010    0000            	R4L EQU 0x14
0011    0000            	R4H EQU 0x15
0012    0000            	R5L EQU 0x16
0013    0000            	R5H EQU 0x17
0014    0000            	W_TEMP EQU 0x4F
0015    0000            	STATUS_TEMP EQU 0x4E
0016    0000            	ORG 0x0000
0017    0000    118A    	BCF PCLATH,3
0018    0001    120A    	BCF PCLATH,4
0019    0002    280E    	GOTO L0001
0020    0003            	ORG 0x0004
0021    0004    00CF    	MOVWF W_TEMP
0022    0005    0E03    	SWAPF STATUS,W
0023    0006    0183    	CLRF STATUS
0024    0007    00CE    	MOVWF STATUS_TEMP
0025    0008    2016    	CALL L0002
0026    0009    0E4E    	SWAPF STATUS_TEMP,W
0027    000A    0083    	MOVWF STATUS
0028    000B    0ECF    	SWAPF W_TEMP,F
0029    000C    0E4F    	SWAPF W_TEMP,W
0030    000D    0009    	RETFIE
0031    000E            L0001:
0032    000E            ; 1: TRISA = 0x00 'set all PORTA pins as outputs
0033    000E    1683    	BSF STATUS,RP0
0034    000F    0185    	CLRF 0x05
0035    0010    1283    	BCF STATUS,RP0
0036    0011            ; 2: PORTA = 0xff 'make all PORTA pins high
0037    0011    30FF    	MOVLW 0xFF
0038    0012    0085    	MOVWF 0x05
0039    0013            ; 3: INTCON.INTE = 1 'enable RB0/INT interrupts
0040    0013    160B    	BSF 0x0B,4
0041    0014            ; 4: INTCON.GIE = 1 'enable all un-masked interrupts
0042    0014    178B    	BSF 0x0B,7
0043    0015            ; 5: End
0044    0015    2815    L0003:	GOTO L0003
0045    0016            ; 6: 
0046    0016            ; 7: On Interrupt 'interrupt routine
0047    0016            L0002:
0048    0016            ; 8: PORTA = PORTA - 1 'decrement the value on PORTA
0049    0016    3001    	MOVLW 0x01
0050    0017    0205    	SUBWF 0x05,W
0051    0018    0085    	MOVWF 0x05
0052    0019            ; 9: INTCON.INTF = 0 'enable new RB0/INT interrupts
0053    0019    108B    	BCF 0x0B,1
0054    001A            ; 10: Resume
0055    001A    0008    	RETURN
0056    001B            ; End of program
0057    001B    281B    L0004:	GOTO L0004
0058    001C            ; End of listing
0059    001C            	END
---------------------------------------------
Number of errors = 0
