---------------------------------------------
PIC ASSEMBLER LISTING
Line    Address Opcode  Instruction
---------------------------------------------
0001    0000            ; Begin
0002    0000            	R0L EQU 0x20
0003    0000            	R0H EQU 0x21
0004    0000            	R1L EQU 0x22
0005    0000            	R1H EQU 0x23
0006    0000            	R2L EQU 0x24
0007    0000            	R2H EQU 0x25
0008    0000            	R3L EQU 0x26
0009    0000            	R3H EQU 0x27
0010    0000            	R4L EQU 0x28
0011    0000            	R4H EQU 0x29
0012    0000            	R5L EQU 0x2A
0013    0000            	R5H EQU 0x2B
0014    0000            	ORG 0x0000
0015    0000    118A    	BCF PCLATH,3
0016    0001    120A    	BCF PCLATH,4
0017    0002    2805    	GOTO L0002
0018    0003            	ORG 0x0004
0019    0004    0009    	RETFIE
0020    0005            L0002:
0021    0005            ; 1: Dim i As Byte 'declare a variable
0022    0005            ;       The address of 'i' is 0x2C
0023    0005            	i EQU 0x2C
0024    0005            ; 2: Hseropen 9600 'open hardware uart port for baud rate 9600
0025    0005            ;       Exact baud rate: 9615
0026    0005            ;       Baud rate error: 15 (.156%)
0027    0005    1683    	BSF STATUS,RP0
0028    0006    3019    	MOVLW 0x19
0029    0007    0099    	MOVWF SPBRG
0030    0008    1707    	BSF TRISC,6
0031    0009    1787    	BSF TRISC,7
0032    000A    3024    	MOVLW 0x24
0033    000B    0098    	MOVWF TXSTA
0034    000C    1283    	BCF STATUS,RP0
0035    000D    3090    	MOVLW 0x90
0036    000E    0098    	MOVWF RCSTA
0037    000F            ; 3:  'WaitMs 1000 'this delay should be used in a real device
0038    000F            ; 4: 
0039    000F            ; 5: For i = 10 To 5 Step -1 'for-next loop
0040    000F    300A    	MOVLW 0x0A
0041    0010    00AC    	MOVWF 0x2C
0042    0011            L0003:
0043    0011    3005    	MOVLW 0x05
0044    0012    022C    	SUBWF 0x2C,W
0045    0013    1C03    	BTFSS STATUS,C
0046    0014    2831    	GOTO L0004
0047    0015            ; 6: Hserout "Number: ", #i, CrLf 'send formatted output to serial port
0048    0015    304E    	MOVLW 0x4E
0049    0016    206B    	CALL HS01
0050    0017    3075    	MOVLW 0x75
0051    0018    206B    	CALL HS01
0052    0019    306D    	MOVLW 0x6D
0053    001A    206B    	CALL HS01
0054    001B    3062    	MOVLW 0x62
0055    001C    206B    	CALL HS01
0056    001D    3065    	MOVLW 0x65
0057    001E    206B    	CALL HS01
0058    001F    3072    	MOVLW 0x72
0059    0020    206B    	CALL HS01
0060    0021    303A    	MOVLW 0x3A
0061    0022    206B    	CALL HS01
0062    0023    3020    	MOVLW 0x20
0063    0024    206B    	CALL HS01
0064    0025    082C    	MOVF 0x2C,W
0065    0026    00A4    	MOVWF R2L
0066    0027    01A5    	CLRF R2H
0067    0028    2075    	CALL HS21
0068    0029    300D    	MOVLW 0x0D
0069    002A    206B    	CALL HS01
0070    002B    300A    	MOVLW 0x0A
0071    002C    206B    	CALL HS01
0072    002D            ; 7:  'WaitMs 500 'this delay should be used in a real device
0073    002D            ; 8: Next i
0074    002D    3001    	MOVLW 0x01
0075    002E    02AC    	SUBWF 0x2C,F
0076    002F    1803    	BTFSC STATUS,C
0077    0030    2811    	GOTO L0003
0078    0031    301F    L0004:	MOVLW 0x1F
0079    0032    0583    	ANDWF STATUS,F
0080    0033            ; 9: 
0081    0033            ; 10: loop: 
0082    0033            L0001:
0083    0033            ; 11: Hserin i 'wait to receive a byte on serial port
0084    0033    2070    	CALL HS10
0085    0034    00AC    	MOVWF 0x2C
0086    0035            ; 12: Hserout "Number: ", #i, CrLf 'send formatted output to serial port
0087    0035    304E    	MOVLW 0x4E
0088    0036    206B    	CALL HS01
0089    0037    3075    	MOVLW 0x75
0090    0038    206B    	CALL HS01
0091    0039    306D    	MOVLW 0x6D
0092    003A    206B    	CALL HS01
0093    003B    3062    	MOVLW 0x62
0094    003C    206B    	CALL HS01
0095    003D    3065    	MOVLW 0x65
0096    003E    206B    	CALL HS01
0097    003F    3072    	MOVLW 0x72
0098    0040    206B    	CALL HS01
0099    0041    303A    	MOVLW 0x3A
0100    0042    206B    	CALL HS01
0101    0043    3020    	MOVLW 0x20
0102    0044    206B    	CALL HS01
0103    0045    082C    	MOVF 0x2C,W
0104    0046    00A4    	MOVWF R2L
0105    0047    01A5    	CLRF R2H
0106    0048    2075    	CALL HS21
0107    0049    300D    	MOVLW 0x0D
0108    004A    206B    	CALL HS01
0109    004B    300A    	MOVLW 0x0A
0110    004C    206B    	CALL HS01
0111    004D            ; 13: Goto loop 'loop forever
0112    004D    2833    	GOTO L0001
0113    004E            ; End of program
0114    004E    284E    L0005:	GOTO L0005
0115    004F            ; Division Routine
0116    004F    3010    D001:	MOVLW 0x10
0117    0050    00A6    	MOVWF R3L
0118    0051    01A5    	CLRF R2H
0119    0052    01A4    	CLRF R2L
0120    0053    0D21    D002:	RLF R0H,W
0121    0054    0DA4    	RLF R2L,F
0122    0055    0DA5    	RLF R2H,F
0123    0056    0822    	MOVF R1L,W
0124    0057    02A4    	SUBWF R2L,F
0125    0058    0823    	MOVF R1H,W
0126    0059    1C03    	BTFSS STATUS,C
0127    005A    0F23    	INCFSZ R1H,W
0128    005B    02A5    	SUBWF R2H,F
0129    005C    1803    	BTFSC STATUS,C
0130    005D    2865    	GOTO D003
0131    005E    0822    	MOVF R1L,W
0132    005F    07A4    	ADDWF R2L,F
0133    0060    0823    	MOVF R1H,W
0134    0061    1803    	BTFSC STATUS,C
0135    0062    0F23    	INCFSZ R1H,W
0136    0063    07A5    	ADDWF R2H,F
0137    0064    1003    	BCF STATUS,C
0138    0065    0DA0    D003:	RLF R0L,F
0139    0066    0DA1    	RLF R0H,F
0140    0067    0BA6    	DECFSZ R3L,F
0141    0068    2853    	GOTO D002
0142    0069    0820    	MOVF R0L,W
0143    006A    0008    	RETURN
0144    006B            ; Hardware Serial Communication Routines
0145    006B    1A0C    HS01:	BTFSC PIR1,TXIF
0146    006C    286E    	GOTO HS02
0147    006D    286B    	GOTO HS01
0148    006E    0099    HS02:	MOVWF TXREG
0149    006F    0008    	RETURN
0150    0070    1A8C    HS10:	BTFSC PIR1,RCIF
0151    0071    2873    	GOTO HS11
0152    0072    2870    	GOTO HS10
0153    0073    081A    HS11:	MOVF RCREG,W
0154    0074    0008    	RETURN
0155    0075            ; Hserout Decimal Conversion Routine
0156    0075    17A7    HS21:	BSF R3H,7
0157    0076    3027    	MOVLW 0x27
0158    0077    00A3    	MOVWF R1H
0159    0078    3010    	MOVLW 0x10
0160    0079    2086    	CALL HS22
0161    007A    3003    	MOVLW 0x03
0162    007B    00A3    	MOVWF R1H
0163    007C    30E8    	MOVLW 0xE8
0164    007D    2086    	CALL HS22
0165    007E    01A3    	CLRF R1H
0166    007F    3064    	MOVLW 0x64
0167    0080    2086    	CALL HS22
0168    0081    01A3    	CLRF R1H
0169    0082    300A    	MOVLW 0x0A
0170    0083    2086    	CALL HS22
0171    0084    0824    	MOVF R2L,W
0172    0085    2891    	GOTO HS23
0173    0086    00A2    HS22:	MOVWF R1L
0174    0087    0825    	MOVF R2H,W
0175    0088    00A1    	MOVWF R0H
0176    0089    0824    	MOVF R2L,W
0177    008A    00A0    	MOVWF R0L
0178    008B    204F    	CALL D001
0179    008C    0820    	MOVF R0L,W
0180    008D    1D03    	BTFSS STATUS,Z
0181    008E    13A7    	BCF R3H,7
0182    008F    1BA7    	BTFSC R3H,7
0183    0090    0008    	RETURN
0184    0091    3E30    HS23:	ADDLW 0x30
0185    0092    206B    	CALL HS01
0186    0093    0008    	RETURN
0187    0094            ; End of listing
0188    0094            	END
---------------------------------------------
Number of errors = 0
