---------------------------------------------
PIC ASSEMBLER LISTING
Line    Address Opcode  Instruction
---------------------------------------------
0001    0000            	org	0
0002    0000    1683    	bsf	status,5
0003    0001    0185    	clrf	trisa
0004    0002    0186    	clrf	trisb
0005    0003    3047    	movlw	b'1000111'
0006    0004    0081    	movwf	option
0007    0005    1405    	bsf	porta,0
0008    0006    1485    	bsf	porta,1
0009    0007    1505    	bsf	porta,2
0010    0008    1585    	bsf	porta,3
0011    0009    1006    	bcf	PORTB,0
0012    000A    1086    	bcf	PORTB,1
0013    000B    1106    	bcf	PORTB,2
0014    000C    1186    	bcf	PORTB,3
0015    000D    1206    	bcf	PORTB,4
0016    000E    1286    	bcf	PORTB,5
0017    000F    1306    	bcf	PORTB,6
0018    0010    1386    	bcf	PORTB,7
0019    0011    1283    	bcf	status,5
0020    0012    0185    	clrf	PORTA
0021    0013    0186    	clrf	PORTB
0022    0014    3001    	movlw	.1
0023    0015    009B    	movwf	1BH		;Permanentes
0024    0016    3002    	movlw	.2
0025    0017    009C    	movwf	1CH		;Permanentes
0026    0018    3003    	movlw	.3
0027    0019    00BA    	movwf	3AH		;Permanentes
0028    001A    3004    	movlw	.4
0029    001B    00BB    	movwf	3BH		;Permanentes
0030    001C    3005    	movlw	.5
0031    001D    00CA    	movwf	4AH		;Permanentes
0032    001E    3006    	movlw	.6
0033    001F    00CB    	movwf	4BH		;Permanentes
0034    0020    3007    	movlw	.7
0035    0021    00CC    	movwf	4CH		;Permanentes
0036    0022            
0037    0022    3001    	movlw	.1
0038    0023    009A    	movwf	1AH		;el que varia	
0039    0024    3001    	movlw	.1
0040    0025    00AA    	movwf	2AH
0041    0026            
0042    0026    3004    	movlw	.4		;inicial	DEMORA
0043    0027    009D    	movwf	1DH
0044    0028    303D    	movlw	.61		;;inicial	TMR0
0045    0029    00AC    	movwf	2CH
0046    002A            	
0047    002A            
0048    002A    1C05    inicio	btfss	porta,0
0049    002B    282A    	goto	inicio		;NO
0050    002C    282D    	goto	tretra		;SI
0051    002D    2150    tretra	call 	demora1
0052    002E    1C05    	btfss	porta,0		;si es en verdad
0053    002F    282A    	goto	inicio		;no fue de verdad
0054    0030    2831    	goto	traba
0055    0031            
0056    0031    1805    traba	btfsc	porta,0
0057    0032    2831    	goto	traba		;NO SOLTO
0058    0033    1686    	bsf	portb,5
0059    0034    2835    	goto	inicix		;SI SOLTO
0060    0035            	
0061    0035            inicix	
0062    0035    1D05    ra2	btfss	porta,2
0063    0036    2838    	goto	ra3		;no
0064    0037    28BE    	goto	kiss		;si
0065    0038            
0066    0038    1D85    ra3	btfss	porta,3
0067    0039    283B    	goto	ra1		;no
0068    003A    2901    	goto	kiss2		;si
0069    003B            
0070    003B    1C85    ra1	btfss	porta,1
0071    003C    2841    	goto	sopo		;NO (hiva noo4)
0072    003D    283E    	goto	cambio		;si
0073    003E            
0074    003E    1885    cambio	btfsc	porta,1
0075    003F    283E    	goto	cambio
0076    0040    2835    	goto	inicix
0077    0041            
0078    0041    081B    sopo	movfw	1BH		;vale 1
0079    0042    022A    	subwf	2AH,W		;variable	1 - 1 = 0
0080    0043    1D03    	btfss	status,2	; Z = 1
0081    0044    2846    	goto	gogo		;no ( porque varia con ra1, que nos da z=0) IZQUIERAA
0082    0045    2882    	goto	gege		;si ( porque quedo 0) DERECHA
0083    0046            
0084    0046            gogo
0085    0046    1706    	bsf	portb,6
0086    0047    1386    	bcf	portb,7
0087    0048    1086    	bcf	portb,1
0088    0049    1106    	bcf	portb,2
0089    004A    1586    	bsf	portb,3
0090    004B    1606    	bsf	portb,4
0091    004C    2144    	call	demora
0092    004D    1486    	bsf	portb,1
0093    004E    1106    	bcf	portb,2
0094    004F    1186    	bcf	portb,3
0095    0050    1606    	bsf	portb,4
0096    0051    2144    	call	demora
0097    0052    1486    	bsf	portb,1
0098    0053    1506    	bsf	portb,2
0099    0054    1186    	bcf	portb,3
0100    0055    1206    	bcf	portb,4
0101    0056    2144    	call	demora
0102    0057    1086    	bcf	portb,1
0103    0058    1506    	bsf	portb,2
0104    0059    1586    	bsf	portb,3
0105    005A    1206    	bcf	portb,4
0106    005B    2144    	call 	demora
0107    005C            
0108    005C    1C05    	btfss	porta,0
0109    005D    2862    	goto	lono		;no
0110    005E    2150    	call	demora1		;si
0111    005F    1C05    	btfss	porta,0
0112    0060    2862    	goto	lono
0113    0061    2876    	goto	li7
0114    0062            
0115    0062    1D05    lono	btfss	porta,2
0116    0063    2868    	goto	lono2		;no
0117    0064    2150    	call	demora1		;si
0118    0065    1D05    	btfss	porta,2
0119    0066    2868    	goto	lono2
0120    0067    28BE    	goto	kiss
0121    0068            
0122    0068    1D85    lono2	btfss	porta,3
0123    0069    286E    	goto	lono3		;no
0124    006A    2150    	call	demora1		;si
0125    006B    1D85    	btfss	porta,3
0126    006C    286E    	goto 	lono3
0127    006D    2901    	goto	kiss2
0128    006E            
0129    006E    1C85    lono3	btfss	porta,1
0130    006F    2846    	goto	gogo		;no
0131    0070    2150    	call	demora1		;si
0132    0071    1C85    	btfss	porta,1
0133    0072    2846    	goto	gogo		;no
0134    0073    3001    	movlw	.1		;si
0135    0074    00AA    	movwf	2AH
0136    0075    283E    	goto	cambio		;pregunta si esta en 0
0137    0076            
0138    0076    1086    li7	bcf	portb,1
0139    0077    1106    	bcf	portb,2
0140    0078    1186    	bcf	portb,3
0141    0079    1206    	bcf	portb,4
0142    007A    1286    	bcf	portb,5
0143    007B    1306    	bcf	portb,6
0144    007C    1386    	bcf	portb,7
0145    007D    3002    	movlw	.2
0146    007E    00AA    	movwf	2AH
0147    007F    1805    poti	btfsc	porta,0
0148    0080    287F    	goto	poti
0149    0081    282A    	goto	inicio
0150    0082            				;Todo junto
0151    0082            		
0152    0082            gege
0153    0082    1306    	bcf	portb,6
0154    0083    1786    	bsf	portb,7
0155    0084            
0156    0084    1486    	bsf	portb,1
0157    0085    1506    	bsf	portb,2
0158    0086    1186    	bcf	portb,3
0159    0087    1206    	bcf	portb,4
0160    0088    2144    	call	demora
0161    0089    1486    	bsf	portb,1
0162    008A    1106    	bcf	portb,2
0163    008B    1186    	bcf	portb,3
0164    008C    1606    	bsf	portb,4
0165    008D    2144    	call	demora
0166    008E    1086    	bcf	portb,1
0167    008F    1106    	bcf	portb,2
0168    0090    1586    	bsf	portb,3
0169    0091    1606    	bsf	portb,4
0170    0092    2144    	call	demora
0171    0093    1086    	bcf	portb,1
0172    0094    1506    	bsf	portb,2
0173    0095    1586    	bsf	portb,3
0174    0096    1206    	bcf	portb,4
0175    0097    2144    	call 	demora
0176    0098            				;PREGUNTANDO
0177    0098    1C05    	btfss	porta,0		
0178    0099    28AA    	goto	noko		;NO
0179    009A    2150    	call	demora1		;SI
0180    009B    1C05    	btfss	porta,0
0181    009C    28AA    	goto	noko		;NO
0182    009D    289E    	goto	li8		;quiero apagar	
0183    009E            
0184    009E    1086    li8	bcf	portb,1
0185    009F    1106    	bcf	portb,2
0186    00A0    1186    	bcf	portb,3
0187    00A1    1206    	bcf	portb,4
0188    00A2    1286    	bcf	portb,5
0189    00A3    1306    	bcf	portb,6
0190    00A4    1386    	bcf	portb,7
0191    00A5    3001    	movlw	.1
0192    00A6    00AA    	movwf	2AH
0193    00A7    1805    yu	btfsc	porta,0 
0194    00A8    28A7    	goto	yu
0195    00A9    282A    	goto	inicio
0196    00AA            
0197    00AA    1D05    noko	btfss	porta,2
0198    00AB    28B0    	goto	noko1		;NO	
0199    00AC    2150    	call	demora1		;SI
0200    00AD    1D05    	btfss	porta,2
0201    00AE    28B0    	goto	noko1		;NO
0202    00AF    28BE    	goto	kiss
0203    00B0            
0204    00B0    1D85    noko1	btfss	porta,3
0205    00B1    28B6    	goto	noko2		;NO
0206    00B2    2144    	call	demora		;SI
0207    00B3    1D85    	btfss	porta,3
0208    00B4    28B6    	goto	noko2		;NO
0209    00B5    2901    	goto	kiss2
0210    00B6            
0211    00B6    1C85    noko2	btfss	porta,1
0212    00B7    2882    	goto	gege		;NO
0213    00B8    2150    	call	demora1		;SI
0214    00B9    1C85    	btfss	porta,1
0215    00BA    2882    	goto	gege		;NO
0216    00BB    3002    	movlw	.2		;Derecha
0217    00BC    00AA    	movwf	2AH		
0218    00BD    283E    	goto	cambio
0219    00BE            
0220    00BE    1905    kiss	btfsc	porta,2
0221    00BF    28BE    	goto	kiss		
0222    00C0    28C1    	goto	empiesa
0223    00C1            
0224    00C1    081B    empiesa	movfw	1BH		;.1 + 1		10
0225    00C2    021A    	subwf	1AH,W
0226    00C3    1D03    	btfss	status,2
0227    00C4    28CB    	goto	no2
0228    00C5    0A9A    	incf	1AH,F
0229    00C6    3002    	movlw	.2		;inicial	DEMORA
0230    00C7    009D    	movwf	1DH
0231    00C8    303D    	movlw	.61		;;inicial	TMR0
0232    00C9    00AC    	movwf	2CH
0233    00CA    2838    	goto	ra3
0234    00CB            
0235    00CB    081C    no2	movfw	1CH		;.2 + 1		15
0236    00CC    021A    	subwf	1AH,W
0237    00CD    1D03    	btfss	status,2
0238    00CE    28D6    	goto	no3
0239    00CF    28D0    	goto	as
0240    00D0    0A9A    as	incf	1AH,F
0241    00D1    3002    	movlw	.2		;inicial	DEMORA
0242    00D2    009D    	movwf	1DH
0243    00D3    307E    	movlw	.126		;;inicial	TMR0
0244    00D4    00AC    	movwf	2CH
0245    00D5    2838    	goto	ra3
0246    00D6            
0247    00D6    083A    no3	movfw	3AH		;.3 + 1 	20
0248    00D7    021A    	subwf	1AH,W
0249    00D8    1D03    	btfss	status,2
0250    00D9    28E1    	goto	no4
0251    00DA    28DB    	goto	ad
0252    00DB    0A9A    ad	incf	1AH,F
0253    00DC    3001    	movlw	.1		;inicial	DEMORA
0254    00DD    009D    	movwf	1DH
0255    00DE    303D    	movlw	.61		;;inicial	TMR0
0256    00DF    00AC    	movwf	2CH
0257    00E0    2838    	goto	ra3
0258    00E1            
0259    00E1    083B    no4	movfw	3BH		;.4 + 1		25
0260    00E2    021A    	subwf	1AH,W
0261    00E3    1D03    	btfss	status,2
0262    00E4    28EC    	goto	no5
0263    00E5    28E6    	goto	af
0264    00E6    0A9A    af	incf	1AH,F
0265    00E7    3001    	movlw	.1		;inicial	DEMORA
0266    00E8    009D    	movwf	1DH
0267    00E9    3064    	movlw	.100		;;inicial	TMR0
0268    00EA    00AC    	movwf	2CH
0269    00EB    2838    	goto	ra3
0270    00EC            
0271    00EC    084A    no5	movfw	4AH		;.5 + 1		30
0272    00ED    021A    	subwf	1AH,W
0273    00EE    1D03    	btfss	status,2
0274    00EF    28F7    	goto	gh		;no
0275    00F0    28F1    	goto	ag		;si
0276    00F1    0A9A    ag	incf	1AH,F
0277    00F2    3001    	movlw	.1		;inicial	DEMORA
0278    00F3    009D    	movwf	1DH
0279    00F4    307E    	movlw	.126		;;inicial	TMR0
0280    00F5    00AC    	movwf	2CH
0281    00F6    2838    	goto	ra3		;FIN
0282    00F7            
0283    00F7    084B    gh	movfw	4BH		;.6 + 1		35
0284    00F8    021A    	subwf	1AH,W
0285    00F9    1D03    	btfss	status,2
0286    00FA    2835    	goto	inicix
0287    00FB    0A9A    	incf	1AH,F
0288    00FC    3001    	movlw	.1		;inicial	DEMORA
0289    00FD    009D    	movwf	1DH
0290    00FE    3091    	movlw	.145		;;inicial	TMR0
0291    00FF    00AC    	movwf	2CH
0292    0100    2838    	goto	ra3		;FIN
0293    0101            
0294    0101            
0295    0101    1985    kiss2	btfsc	porta,3
0296    0102    2901    	goto	kiss2
0297    0103    2904    	goto	empies2		;EMPIESA 2
0298    0104            
0299    0104            empies2	
0300    0104    084C    nope1	movfw	4CH		;.7 - 1		30p
0301    0105    021A    	subwf	1AH,W
0302    0106    1D03    	btfss	status,2
0303    0107    290F    	goto	nope2
0304    0108    2909    	goto	sepe2
0305    0109    039A    sepe2	decf	1AH,F
0306    010A    3001    	movlw	.1		;inicial	DEMORA
0307    010B    009D    	movwf	1DH
0308    010C    307E    	movlw	.126		;;inicial	TMR0
0309    010D    00AC    	movwf	2CH
0310    010E    2835    	GOTO	inicix
0311    010F            
0312    010F    084B    nope2	movfw	4BH		;.6 - 1		25p
0313    0110    021A    	subwf	1AH,W
0314    0111    1D03    	btfss	status,2
0315    0112    291A    	goto	nope3
0316    0113    2914    	goto	sepe3
0317    0114    039A    sepe3	decf	1AH,F
0318    0115    3001    	movlw	.1		;inicial	DEMORA
0319    0116    009D    	movwf	1DH
0320    0117    3064    	movlw	.100		;;inicial	TMR0
0321    0118    00AC    	movwf	2CH
0322    0119    2835    	GOTO	inicix
0323    011A            
0324    011A    084A    nope3	movfw	4AH		;.5 - 1		20p
0325    011B    021A    	SUBWF	1AH,W
0326    011C    1D03    	BTFSS	status,2
0327    011D    2925    	GOTO	nope4
0328    011E    291F    	goto	sepe4
0329    011F    039A    sepe4	DECF	1AH,F
0330    0120    3001    	movlw	.1		;inicial	DEMORA
0331    0121    009D    	movwf	1DH
0332    0122    303D    	movlw	.61		;;inicial	TMR0
0333    0123    00AC    	movwf	2CH
0334    0124    2835    	GOTO	ra2
0335    0125            
0336    0125    083B    nope4	movfw	3BH		;.4 - 1		15p
0337    0126    021A    	SUBWF	1AH,W
0338    0127    1D03    	BTFSS	status,2
0339    0128    2930    	GOTO	nope5
0340    0129    292A    	goto	sepe5
0341    012A    039A    sepe5	DECF	1AH,F
0342    012B    3002    	movlw	.2		;inicial	DEMORA
0343    012C    009D    	movwf	1DH
0344    012D    307E    	movlw	.126		;;inicial	TMR0
0345    012E    00AC    	movwf	2CH
0346    012F    2835    	GOTO	ra2
0347    0130            
0348    0130    083A    nope5	movfw	3AH		;.3 - 1		10
0349    0131    021A    	subwf	1AH,W
0350    0132    1D03    	btfss	status,2
0351    0133    293A    	goto	nope7
0352    0134    039A    	decf	1AH,F
0353    0135    3002    	movlw	.2		;inicial	DEMORA
0354    0136    009D    	movwf	1DH
0355    0137    303D    	movlw	.61		;;inicial	TMR0
0356    0138    00AC    	movwf	2CH
0357    0139    2835    	GOTO	ra2	
0358    013A            
0359    013A    081C    nope7	movfw	1CH		;.2 - 1 	10
0360    013B    021A    	subwf	1AH,W
0361    013C    1D03    	btfss	status,2
0362    013D    2835    	goto	ra2
0363    013E    039A    	decf	1AH,F
0364    013F    3004    	movlw	.4		;inicial	DEMORA
0365    0140    009D    	movwf	1DH
0366    0141    303D    	movlw	.61		;;inicial	TMR0
0367    0142    00AC    	movwf	2CH
0368    0143    2835    	GOTO	ra2		
0369    0144            	
0370    0144            
0371    0144            
0372    0144    0181    demora	clrf	TMR0		;TMR0=0
0373    0145    081D    	movfw	1DH		;variable (TENGO .50)
0374    0146    00BD    	movwf	3DH		;permanente
0375    0147    110B    pipa	bcf	intcon,2
0376    0148    082C    	movfw	2CH		;variable (TENGO .50)
0377    0149    0081    	movwf	TMR0		;Permanente
0378    014A    1D0B    no	btfss	intcon,2
0379    014B    294A    	goto	no
0380    014C    294D    	goto	si9
0381    014D    0BBD    si9	decfsz	3DH,F
0382    014E    2947    	goto	pipa
0383    014F    0008    	return
0384    0150            
0385    0150    01AD    demora1	clrf	2DH
0386    0151    01AE    	clrf	2EH
0387    0152            	
0388    0152    30FF    NOPE299	MOVLW	.255		;NOPE2 CON NOPE FORMAN LOS SEGUNDOS
0389    0153    00AE    	MOVWF	2EH	
0390    0154    30FF    Nope99	MOVLW	.255		;NOPE2 CON NOPE FORMAN LOS SEGUNDOS
0391    0155    00AD    	MOVWF	2DH		;LO PONEMOS HAY	
0392    0156    0BAD    NOTRO	DECFSZ	2DH,F		;DECRECEMOS
0393    0157    2956    	goto	NOTRO		;SIGUE DECRECIENDO
0394    0158    2959    	goto	pepre		;TERMINO
0395    0159    0BAE    pepre	DECFSZ	2EH,F
0396    015A    2954    	goto	Nope99
0397    015B    295C    	goto	PEPE299
0398    015C    0008    PEPE299	return
0399    015D            	
0400    015D            	
---------------------------------------------
Number of errors = 0
