---------------------------------------------
PIC ASSEMBLER LISTING
Line    Address Opcode  Instruction
---------------------------------------------
0001    0000            	ORG   0      	;DIRECTIVA Origen del programa
0002    0000    1683    	bsf   STATUS,5   ;CAMBIO DE BANCO para configurar el Micro
0003    0001    0185    	clrf   TRISA      ;Todo en 0(8 bit)
0004    0002    0186    	clrf   TRISB      ;Todo en 0(8 bit)
0005    0003    3047    	movlw   b'1000111'
0006    0004    0081    	movwf   option	         
0007    0005    1405    	bsf   PORTA,0      ;para precionar entradas
0008    0006    1485    	bsf   PORTA,1      ;para precionar
0009    0007    1505    	bsf   PORTA,2      ;para precionar
0010    0008    1585    	bsf   PORTA,3      ;para precionar 
0011    0009    1605    	bsf   PORTA,4      ;para precionar         
0012    000A    1006    	bcf   PORTB,0      ;Salidas
0013    000B    1086    	bcf   PORTB,1
0014    000C    1106    	bcf   PORTB,2
0015    000D    1186    	bcf   PORTB,3
0016    000E    1206    	bcf   PORTB,4   
0017    000F            	;comandos para la Funcion velocidad
0018    000F    3001    	movlw   .1
0019    0010    00AA    	movwf   2ah
0020    0011    3002    	movlw   .2
0021    0012    00AB    	movwf   2bh
0022    0013    3003    	movlw   .3
0023    0014    00AC    	movwf   2ch
0024    0015    3004    	movlw   .4
0025    0016    00AD    	movwf   2dh
0026    0017    3005    	movlw   .5
0027    0018    00AE    	movwf   2eh
0028    0019            	;configuraciones de los colores a prender
0029    0019    1406    	bsf   portb,0      ;Verde prende
0030    001A    0806    	movfw   portb
0031    001B    00BA    	movwf   3ah
0032    001C    0186    	clrf   PORTB      ;TODO EN 0 
0033    001D    1486    	bsf   portb,1      ;Amarillo prende
0034    001E    0806    	movfw   portb
0035    001F    00BB    	movwf   3bh
0036    0020    0186    	clrf   PORTB      ;TODO EN 0          
0037    0021    1506    	bsf   portb,2      ;Azul prende
0038    0022    0806    	movfw   portb
0039    0023    00BC    	movwf   3ch
0040    0024    0186    	clrf   PORTB      ;TODO EN 0           
0041    0025    1586    	bsf   portb,3      ;Rojo prende
0042    0026    0806    	movfw   portb
0043    0027    00BD    	movwf   3dh
0044    0028    0186    	clrf   PORTB      ;TODO EN 0
0045    0029    1606    	bsf   portb,4      ;Blanco prende
0046    002A    0806    	movfw   portb
0047    002B    00BE    	movwf   3eh
0048    002C    0186    	clrf   PORTB      ;TODO EN 0
0049    002D            	;cierro el terminal de datos
0050    002D    1283    	bcf   STATUS,5   ;CAMBIO DE BANCO
0051    002E    0185    	clrf   PORTA      ;TODO EN 0 
0052    002F    0186    	clrf   PORTB      ;TODO EN 0
0053    0030            	          	            	        
0054    0030    1C05    inicio  btfss   porta,0		;Empesando con el sistema de velocidades, a elegir velocidad por colores
0055    0031    2838    	goto   NO      		;Sigue preguntando por los otros      
0056    0032    234E    	call   demora1      	;Si es si va por una velocidad de 1 segundo
0057    0033    1805    no1     btfsc   porta,0      	;Pregunto si solto el boton.
0058    0034    2833    	goto   no1      	;pregunto cuando lo suelto
0059    0035    3001    	movlw   .1      	;pongo .1 para indentificar la velocidades en la funcion de velocidad
0060    0036    009A    	movwf   1AH      	;variable entre .1 a .5
0061    0037    2858    	goto   F1      		;Funcion velocidad
0062    0038            	;Segunda pregunta de velocidad----------------------------------------------------------------    
0063    0038    1C85    NO      btfss    porta,1      ;pregunto por la segunda velocidad de 0,8 seg
0064    0039    2840    	goto   NO2
0065    003A    234E    	CALL   demora1      ;Si es si
0066    003B    1885    NO3     btfsc   porta,1
0067    003C    283B    	goto   NO3      ;pregunto cuando lo suelto
0068    003D    3002    	movlw   .2
0069    003E    009A    	movwf   1AH
0070    003F    2858    	goto   F1      ;Funcion velocidad
0071    0040            	;Tercera pregunta de velocidad-----------------------------------------------
0072    0040    1D05    NO2     btfss   porta,2      ;pregunto por la tercera velocidad que es 0,6 seg
0073    0041    2848    	goto   NO4
0074    0042    234E    	call   demora1
0075    0043    1905    no5     btfsc   porta,2
0076    0044    2843    	goto   no5
0077    0045    3003    	movlw   .3
0078    0046    009A    	movwf   1AH
0079    0047    2858    	goto   F1
0080    0048            	;Cuarta pregunta de velocidad------------------------------------------------
0081    0048    1D85    NO4     btfss   porta,3      ;pregunto por la tercera velocidad que es 0,5 seg   
0082    0049    2850    	goto   no6
0083    004A    234E    	call    demora1
0084    004B    1985    no7     btfsc   porta,3
0085    004C    284B    	goto   no7
0086    004D    3004    	movlw   .4
0087    004E    009A    	movwf   1AH
0088    004F    2858    	goto   F1
0089    0050            	;Quinta y ultima pregunta de velocidad--------------------------------------      
0090    0050    1E05    no6   btfss   porta,4      ;pregunto por la tercera velocidad que es 0,4 seg
0091    0051    2830    	goto   inicio      ;Me vuelvo para el principio (no se toco nada)
0092    0052    234E    	call    demora1
0093    0053    1A05    no8     btfsc   porta,4
0094    0054    2853    	goto   no8
0095    0055    3005    	movlw   .5
0096    0056    009A    	movwf   1AH
0097    0057    2858    	goto   F1	         
0098    0058            	;Fin de la pregunta de velocidades, empiesa el comando de velocidad--------
0099    0058    082A    F1      movfw   2AH      ;.1 - .1 deberia dar cero si se preciono porta,0
0100    0059    021A    	subwf   1AH,W
0101    005A    1D03    	btfss   status,2   ;Z = 1   el resultado dio cero
0102    005B    2861    	goto   NO9      ;Z no vale 0, pregunto por los otros
0103    005C    3014    	movlw   .20      ;.20 es que repite 20 veses 50mseg, Si el resultado da cero la velocidad es de 1seg
0104    005D    00B0    	movwf   30h      ;Donde pongo el dato de .20, variable del timer
0105    005E    303D    	movlw   .61      ;50 mseg
0106    005F    00B1    	movwf   31h      ;Donde pongo el dato de .61=50mseg, variable del timer
0107    0060    2885    	goto   juego      ;Empiesa el juego
0108    0061                           
0109    0061            	;comando de velocidad numero 2--------------------------------------------
0110    0061    082B    NO9     movfw   2BH      ;.2 - .1 deberia dar cero si se preciono porta,0
0111    0062    021A    	subwf   1AH,W
0112    0063    1D03    	btfss   status,2   ;Z = 1   el resultado dio cero
0113    0064    286A    	goto   NO10      ;Z no vale 0, pregunto por los otros
0114    0065    300E    	movlw   .14      ;.16 es que repite 16 veses 50mseg, Si el resultado da cero la velocidad es de 0,8seg
0115    0066    00B0    	movwf   30h      ;Donde pongo el dato de .16, variable del timer
0116    0067    303D    	movlw   .61      ;50 mseg
0117    0068    00B1    	movwf   31h      ;Donde pongo el dato de .61=50mseg, variable del timer
0118    0069    2885    	goto   juego      ;Empiesa el juego
0119    006A               
0120    006A            	;comando de velocidad numero 3-------------------------------------------
0121    006A    082C    NO10    movfw   2CH      ;.3 - .1 deberia dar cero si se preciono porta,0
0122    006B    021A    	subwf   1AH,W
0123    006C    1D03    	btfss   status,2   ;Z = 1   el resultado dio cero
0124    006D    2873    	goto   NO11      ;Z no vale 0, pregunto por los otros
0125    006E    300A    	movlw   .10      ;.12 es que repite 12 veses 50mseg, Si el resultado da cero la velocidad es de 0,6seg
0126    006F    00B0    	movwf   30h      ;Donde pongo el dato de .12, variable del timer
0127    0070    303D    	movlw   .61      ;50 mseg
0128    0071    00B1    	movwf   31h      ;Donde pongo el dato de .61=50mseg, variable del timer
0129    0072    2885    	goto   juego      ;Empiesa el juego
0130    0073                     
0131    0073            	;comando de velocidad numero 4-------------------------------------------
0132    0073    082D    NO11    movfw   2DH      ;.4 - .1 deberia dar cero si se preciono porta,0
0133    0074    021A    	subwf   1AH,W
0134    0075    1D03    	btfss   status,2   ;Z = 1   el resultado dio cero
0135    0076    287C    	goto   NO12      ;Z no vale 0, pregunto por los otros
0136    0077    3008    	movlw   .8      ;.10 es que repite 10 veses 50mseg, Si el resultado da cero la velocidad es de 0,4seg
0137    0078    00B0    	movwf   30h      ;Donde pongo el dato de .10, variable del timer
0138    0079    303D    	movlw   .61      ;50 mseg
0139    007A    00B1    	movwf   31h      ;Donde pongo el dato de .61=50mseg, variable del timer
0140    007B    2885    	goto   juego      ;Empiesa el juego
0141    007C                       
0142    007C            	;comando de velocidad numero 5-------------------------------------------
0143    007C    082E    NO12    movfw   2EH	;.5 - .1 deberia dar cero si se preciono porta,0
0144    007D    021A    	subwf   1AH,W
0145    007E    1D03    	btfss   status,2   ;Z = 1   el resultado dio cero
0146    007F    2830    	goto   inicio      ;Z no vale 0, pregunto por los otros
0147    0080    3003    	movlw   .3      ;.8 es que repite 8 veses 50mseg, Si el resultado da cero la velocidad es de 0,150seg
0148    0081    00B0    	movwf   30h      ;Donde pongo el dato de .8, variable del timer
0149    0082    303D    	movlw   .61      ;50 mseg
0150    0083    00B1    	movwf   31h      ;Donde pongo el dato de .61=50mseg, variable del timer
0151    0084    2885    	goto   juego      ;Empiesa el juego
0152    0085            
0153    0085                    ;EMPIESA EL JUEGO Codigo de muestreo-------------------------------------
0154    0085    0186    juego   clrf   portb      ;limpia el puerto b por las dudas
0155    0086    1406    	bsf   portb,0      ;Prende el verde
0156    0087    2342    	call   demorav      ;Demora variable
0157    0088    1006    	bcf   portb,0      ;apaga el verde
0158    0089    3001    	movlw   .1
0159    008A    00CA    	movwf   4ah
0160    008B                   
0161    008B            	;Primera pregunta--------------------------------------------------------
0162    008B    1C05    j1	btfss   porta,0		;aprete el puerto A,0?
0163    008C    2898    	goto   no13		;si es no me voy a preguntar por los otros puertos
0164    008D    3001    	movlw   .1		;si es si
0165    008E    00C0    	movwf   40h		;variable para restar despues
0166    008F    1406    	bsf   portb,0		;Prende el color del puertob,0
0167    0090                   	;Empiesa la funcion aleatoria--------------------------------------------
0168    0090    234E          call   demora1		;Anti rebote de 50mseg
0169    0091    1805    w1	btfsc   porta,0		;primera pregunta aleatoria
0170    0092    2894    	goto	no17
0171    0093    28CC    	goto	R1		;es la parte donde se le resta para hacer lo de aleatorio		
0172    0094    3001    no17	movlw	.1
0173    0095    07C9    	addwf	49h,f		;Se le suma .1 al 49h que es una memoria
0174    0096    2361    	call	demora3
0175    0097    2891    	goto	w1
0176    0098            		     
0177    0098            	;pregunta por el otro pulsador------------------------------------------
0178    0098    1C85    no13    btfss   porta,1      ;aprete el puerto A,1?
0179    0099    28A5    	goto    no14      ;si es no me voy a preguntar por los otros puertos
0180    009A    3002    	movlw   .2      ;si es si
0181    009B    00C0    	movwf   40h      ;variable para restar despues
0182    009C    1486    	bsf	portb,1      ;Prende el color del puertob,1
0183    009D                  	;Primera pregunta de la funcion aleatoria-------------------------------
0184    009D    234E          call	demora1		;Anti rebote de 50mseg
0185    009E    1885    w2	btfsc   porta,1		;primera pregunta aleatoria
0186    009F    28A1    	goto	no18
0187    00A0    28CC    	goto	R1
0188    00A1    3001    no18	movlw	.1
0189    00A2    07C9    	addwf	49h,f		;Se le suma .1 al 49h que es una memoria
0190    00A3    2361    	call	demora3
0191    00A4    289E    	goto	w2
0192    00A5                     
0193    00A5            	;pregunta por el otro pulsador------------------------------------------
0194    00A5    1D05    no14    btfss   porta,2      ;aprete el puerto A,2?
0195    00A6    28B2    	goto   no15      ;si es no me voy a preguntar por los otros puertos
0196    00A7    3003    	movlw   .3      ;si es si
0197    00A8    00C0    	movwf   40h      ;variable para restar despues
0198    00A9    1506    	bsf   portb,2      ;Prende el color del puertob,2
0199    00AA                  	;Primera pregunta de la funcion aleatoria-------------------------------
0200    00AA    234E          call   demora1      ;Anti rebote de 50mseg
0201    00AB    1905    w3	btfsc   porta,2      ;primera pregunta aleatoria
0202    00AC    28AE    	goto	no19
0203    00AD    28CC    	goto	R1
0204    00AE    3001    no19	movlw	.1
0205    00AF    07C9    	addwf	49h,f		;Se le suma .1 al 49h que es una memoria
0206    00B0    2361    	call	demora3
0207    00B1    28AB    	goto	w3
0208    00B2            	                 
0209    00B2            	;pregunta por el otro pulsador------------------------------------------
0210    00B2    1D85    no15    btfss   porta,3      ;aprete el puerto A,3?
0211    00B3    28BF    	goto   no16      ;si es no me voy a preguntar por los otros puertos
0212    00B4    3004    	movlw   .4      ;si es si
0213    00B5    00C0    	movwf   40h      ;variable para restar despues
0214    00B6    1586    	bsf   portb,3      ;Prende el color del puertob,3         
0215    00B7            	;Primera pregunta de la funcion aleatoria-------------------------------
0216    00B7    234E          call   demora1      ;Anti rebote de 50mseg
0217    00B8    1985    w4	btfsc   porta,3      ;primera pregunta aleatoria
0218    00B9    28BB    	goto	no20
0219    00BA    28CC    	goto	R1	
0220    00BB    3001    no20	movlw	.1
0221    00BC    07C9    	addwf	49h,f		;;Se le suma .1 al 49h que es una memoria
0222    00BD    2361    	call	demora3
0223    00BE    28B8    	goto	w4
0224    00BF               
0225    00BF            	;pregunta por el otro pulsador------------------------------------------
0226    00BF    1E05    no16	btfss   porta,4      ;aprete el puerto A,4?
0227    00C0    288B    	goto    j1      ;si es no me voy a preguntar por los otros puertos
0228    00C1    3005    	movlw   .5      ;si es si
0229    00C2    00C0    	movwf   40h      ;variable para restar despues
0230    00C3    1606    	bsf	portb,4      ;Prende el color del puertob,4 
0231    00C4            	;Primera pregunta de la funcion aleatoria-------------------------------
0232    00C4    234E    	call   demora1      ;Anti rebote de 50mseg
0233    00C5    1A05    w5	btfsc   porta,4      ;primera pregunta aleatoria
0234    00C6    28C8    	goto	no21
0235    00C7    28CC    	goto	R1	
0236    00C8    3001    no21	movlw	.1
0237    00C9    07C9    	addwf	49h,f		;;Se le suma .1 al 49h que es una memoria
0238    00CA    2361    	call	demora3
0239    00CB    28C5    	goto	w5
0240    00CC            	
0241    00CC             	;Funcion aleatorio de desconteo de 49H---------------------------------
0242    00CC    2361    R1	call	demora3
0243    00CD    0186    	clrf	portb
0244    00CE    302D    	movlw	.45		;Repite la operacion hasta dar cero
0245    00CF    02C9    	subwf	49h,f
0246    00D0    1D03    	btfss	status,2	;pregunta si la cuenta dio cero
0247    00D1    28D7    	goto	no22
0248    00D2    083A    	movfw	3ah		;mantiene el color adentro (verde)
0249    00D3    009B    	movwf	1bh		;lo usara despues para mostrarlo en la segunda fase
0250    00D4    3001    	movlw	.1		;el .1 equivale al color
0251    00D5    00CB    	movwf	4bh		;se guardara en 4bh para luego en la resta se dira si fue correcto o no
0252    00D6    2918    	goto	P		;funcion de saber si se preciono bien o no
0253    00D7            
0254    00D7    2361    no22	call	demora3
0255    00D8    302D    	movlw	.45		;Repite la operacion hasta dar cero
0256    00D9    02C9    	subwf	49h,f
0257    00DA    1D03    	btfss	status,2	;pregunta si la cuenta dio cero
0258    00DB    28E1    	goto	no23
0259    00DC    083B    	movfw	3bh		;mantiene el color adentro (verde)
0260    00DD    009B    	movwf	1bh		;lo usara despues para mostrarlo en la segunda fase
0261    00DE    3002    	movlw	.2		;el .1 equivale al color
0262    00DF    00CB    	movwf	4bh		;se guardara en 4bh para luego en la resta se dira si fue correcto o no
0263    00E0    2918    	goto	P		;funcion de saber si se preciono bien o no
0264    00E1            	
0265    00E1    2361    no23	call	demora3
0266    00E2    302D    	movlw	.45		;Repite la operacion hasta dar cero
0267    00E3    02C9    	subwf	49h,f
0268    00E4    1D03    	btfss	status,2	;pregunta si la cuenta dio cero
0269    00E5    28EB    	goto	no24
0270    00E6    083C    	movfw	3ch		;mantiene el color adentro (verde)
0271    00E7    009B    	movwf	1bh		;lo usara despues para mostrarlo en la segunda fase
0272    00E8    3003    	movlw	.3		;el .1 equivale al color
0273    00E9    00CB    	movwf	4bh		;se guardara en 4bh para luego en la resta se dira si fue correcto o no
0274    00EA    2918    	goto	P		;funcion de saber si se preciono bien o no
0275    00EB            
0276    00EB    2361    no24	call	demora3
0277    00EC    302D    	movlw	.45		;Repite la operacion hasta dar cero
0278    00ED    02C9    	subwf	49h,f
0279    00EE    1D03    	btfss	status,2	;pregunta si la cuenta dio cero
0280    00EF    28F5    	goto	no25
0281    00F0    083D    	movfw	3dh		;mantiene el color adentro (verde)
0282    00F1    009B    	movwf	1bh		;lo usara despues para mostrarlo en la segunda fase
0283    00F2    3004    	movlw	.4		;el .1 equivale al color
0284    00F3    00CB    	movwf	4bh		;se guardara en 4bh para luego en la resta se dira si fue correcto o no
0285    00F4    2918    	goto	P		;funcion de saber si se preciono bien o no
0286    00F5            
0287    00F5    2361    no25	call	demora3
0288    00F6    302D    	movlw	.45		;Repite la operacion hasta dar cero
0289    00F7    02C9    	subwf	49h,f
0290    00F8    1D03    	btfss	status,2	;pregunta si la cuenta dio cero
0291    00F9    28CC    	goto	R1
0292    00FA    083E    	movfw	3eh		;mantiene el color adentro (verde)
0293    00FB    009B    	movwf	1bh		;lo usara despues para mostrarlo en la segunda fase
0294    00FC    3005    	movlw	.5		;el .1 equivale al color
0295    00FD    00CB    	movwf	4bh		;se guardara en 4bh para luego en la resta se dira si fue correcto o no
0296    00FE    2918    	goto	P		;funcion de saber si se preciono bien o no
0297    00FF            
0298    00FF            	;datos para la fase 2---------------------------------------------------
0299    00FF    083A    si1     movfw   3ah      ;si sale para la prox el portb,o
0300    0100    009B    	movwf   1bh
0301    0101    3001    	movlw   .1
0302    0102    00CB    	movwf   4bh
0303    0103    2918    	goto    P
0304    0104    083B    si2	movfw   3bh      ;si sale para la prox el portb,1
0305    0105    009B    	movwf   1bh
0306    0106    3002    	movlw   .2
0307    0107    00CB    	movwf   4bh
0308    0108    2918    	goto    P
0309    0109    083C    si3   movfw     3ch      ;si sale para la prox el portb,2
0310    010A    009B    	movwf   1bh
0311    010B    3003    	movlw   .3
0312    010C    00CB    	movwf   4bh
0313    010D    2918    	goto    P
0314    010E    083D    si4	movfw   3dh      ;si sale para la prox el portb,3
0315    010F    009B    	movwf   1bh
0316    0110    3004    	movlw   .4
0317    0111    00CB    	movwf   4bh
0318    0112    2918    	goto    P
0319    0113    083E    si5	movfw   3eh      ;si sale para la prox el portb,4
0320    0114    009B    	movwf   1bh
0321    0115    3005    	movlw   .5
0322    0116    00CB    	movwf   4bh
0323    0117    2918    	goto	P
0324    0118            	;Empiesa a preguntar si el pulsador presioado es el correcto------------
0325    0118    0840    p   	movfw	40h		;varia dependiendo que boton precione (.1 deberia ser)
0326    0119    024A    	subwf	4ah,w		;mantiene en forma permanente el .1
0327    011A    1D03    	btfss	status,2	;pregunta si da cero
0328    011B    2B16    	goto	Perdi		;MODIFICAR
0329    011C    291D    	goto	bien1		;MODIFICAR
0330    011D            	
0331    011D            	;Segunda fase, la maquina muestra los colores---------------------------
0332    011D    0186    bien1	clrf	portb		;Esta demas por las dudas
0333    011E    1406    	bsf	portb,0		;Muestre el Ra0 (ej: Verde)
0334    011F    2342    	call	demorav		;Demora variable
0335    0120    1006    	bcf	portb,0		;Apaga el Ra0
0336    0121    2355    	call	demora2
0337    0122    081B    	movfw	1bh		
0338    0123    0086    	movwf	portb
0339    0124    2342    	call	demorav
0340    0125    0186    	clrf	portb
0341    0126    3002    	movlw	.2
0342    0127    0090    	movwf	10h
0343    0128    2355    	call	demora2
0344    0129            	;configuraciones de los colores a prender-------------------------------
0345    0129    1406    	bsf   portb,0      ;Verde prende
0346    012A    0806    	movfw   portb
0347    012B    00BA    	movwf   3ah
0348    012C    0186    	clrf   PORTB      ;TODO EN 0
0349    012D    1486    	bsf   portb,1      ;Amarillo prende
0350    012E    0806    	movfw   portb
0351    012F    00BB    	movwf   3bh
0352    0130    0186    	clrf   PORTB      ;TODO EN 0           
0353    0131    1506    	bsf   portb,2      ;Azul prende
0354    0132    0806    	movfw   portb
0355    0133    00BC    	movwf   3ch
0356    0134    0186    	clrf   PORTB      ;TODO EN 0           
0357    0135    1586    	bsf   portb,3      ;Rojo prende
0358    0136    0806    	movfw   portb
0359    0137    00BD    	movwf   3dh
0360    0138    0186    	clrf   PORTB      ;TODO EN 0	
0361    0139    1606    	bsf   portb,4      ;Blanco prende
0362    013A    0806    	movfw   portb
0363    013B    00BE    	movwf   3eh
0364    013C    0186    	clrf   PORTB      ;TODO EN 0
0365    013D            	;Empiesa las preguntas-------------------------------------------------
0366    013D    1C05    j2	btfss   porta,0     	;aprete el puerto A,0?
0367    013E    2949    	goto   no27      	;si es no me voy a preguntar por los otros puertos
0368    013F    3001    	movlw   .1      	;si es si
0369    0140    00C0    	movwf   40h      	;variable para restar despues
0370    0141    1406    	bsf   portb,0      	;Prende el color del puertob,0         
0371    0142            	;Primera pregunta de la funcion aleatoria-------------------------------
0372    0142    234E          call   demora1      	;Anti rebote de 50mseg
0373    0143    1805    w6	btfsc   porta,0      	;primera pregunta aleatoria
0374    0144    2946    	goto	no31
0375    0145    2979    	goto	R2		;es la parte de la funcion aleatoria
0376    0146    3001    no31	movlw	.1		
0377    0147    07C9    	addwf	49h,f		;Se le suma .1 al 49h que es una memoria
0378    0148    2943    	goto	w6		
0379    0149            
0380    0149            no27	;Pregunta por el otro pulsador------------------------------------------
0381    0149    1C85    	btfss   porta,1     	;aprete el puerto A,1?
0382    014A    2955    	goto   no28      	;si es no me voy a preguntar por los otros puertos
0383    014B    3002    	movlw   .2      	;si es si
0384    014C    00C0    	movwf   40h      	;variable para restar despues
0385    014D    1486    	bsf   portb,1      	;Prende el color del puertob,1         
0386    014E            	;Primera pregunta de la funcion aleatoria-------------------------------
0387    014E    234E            call   demora1      	;Anti rebote de 50mseg
0388    014F    1885    w7	btfsc   porta,1      	;primera pregunta aleatoria
0389    0150    2952    	goto	no32
0390    0151    2979    	goto	R2		;es la parte de la funcion aleatoria
0391    0152    3001    no32	movlw	.1		
0392    0153    07C9    	addwf	49h,f		;Se le suma .1 al 49h que es una memoria
0393    0154    294F    	goto	w7	
0394    0155            
0395    0155            no28	;Pregunta por el otro pulsador------------------------------------------
0396    0155    1D05    	btfss   porta,2     	;aprete el puerto A,2?
0397    0156    2961    	goto   no29      	;si es no me voy a preguntar por los otros puertos
0398    0157    3003    	movlw   .3      	;si es si
0399    0158    00C0    	movwf   40h      	;variable para restar despues
0400    0159    1506    	bsf   portb,2      	;Prende el color del puertob,2         
0401    015A            	;Primera pregunta de la funcion aleatoria-------------------------------
0402    015A    234E          call   demora1      	;Anti rebote de 50mseg
0403    015B    1905    w8	btfsc   porta,2      	;primera pregunta aleatoria
0404    015C    295E    	goto	no33
0405    015D    2979    	goto	R2		;es la parte de la funcion aleatoria
0406    015E    3001    no33	movlw	.1		
0407    015F    07C9    	addwf	49h,f		;Se le suma .1 al 49h que es una memoria
0408    0160    295B    	goto	w8	
0409    0161            
0410    0161            no29	;Pregunta por el otro pulsador------------------------------------------
0411    0161    1D85    	btfss   porta,3     	;aprete el puerto A,3?
0412    0162    296D    	goto   no30     	;si es no me voy a preguntar por los otros puertos
0413    0163    3004    	movlw   .4      	;si es si
0414    0164    00C0    	movwf   40h      	;variable para restar despues
0415    0165    1586    	bsf   portb,3      	;Prende el color del puertob,3         
0416    0166            	;Primera pregunta de la funcion aleatoria-------------------------------
0417    0166    234E          call   	demora1		;Anti rebote de 50mseg
0418    0167    1985    w9	btfsc   porta,3      	;primera pregunta aleatoria
0419    0168    296A    	goto	no34
0420    0169    2979    	goto	R2		;es la parte de la funcion aleatoria
0421    016A    3001    no34	movlw	.1		
0422    016B    07C9    	addwf	49h,f		;Se le suma .1 al 49h que es una memoria
0423    016C    2967    	goto	w9
0424    016D            	
0425    016D            
0426    016D            no30	;Pregunta por el otro pulsador------------------------------------------
0427    016D    1E05    	btfss   porta,4     	;aprete el puerto A,3?
0428    016E    293D    	goto   	j2	     	;si es no me voy a preguntar por los otros puertos
0429    016F    3005    	movlw   .5      	;si es si
0430    0170    00C0    	movwf   40h      	;variable para restar despues
0431    0171    1606    	bsf   portb,4      	;Prende el color del puertob,3         
0432    0172            	;Primera pregunta de la funcion aleatoria-------------------------------
0433    0172    234E          call   demora1      	;Anti rebote de 50mseg
0434    0173    1A05    w10	btfsc   porta,4      	;primera pregunta aleatoria
0435    0174    2976    	goto	no35
0436    0175    2979    	goto	R2		;es la parte de la funcion aleatoria
0437    0176    3001    no35	movlw	.1		
0438    0177    07C9    	addwf	49h,f		;Se le suma .1 al 49h que es una memoria
0439    0178    2973    	goto	w10
0440    0179            
0441    0179            R2	;Empiesa la funcion aleatoria, pregunta cuado 49h,f da cero-------------
0442    0179    0186    	clrf	portb
0443    017A    300F    	movlw	.15		;Repite la operacion hasta dar cero
0444    017B    02C9    	subwf	49h,f
0445    017C    1D03    	btfss	status,2	;pregunta si la cuenta dio cero
0446    017D    2983    	goto	no36
0447    017E    083A    	movfw	3ah		;mantiene el color adentro (verde)
0448    017F    009C    	movwf	1ch		;lo usara despues para mostrarlo en la segunda fase
0449    0180    3001    	movlw	.1		;el .1 equivale al color
0450    0181    00CC    	movwf	4ch		;se guardara en 4bh para luego en la resta se dira si fue correcto o no
0451    0182    29A7    	goto	P2		;funcion de saber si se preciono bien o no
0452    0183            
0453    0183    300F    no36	movlw	.15		;Repite la operacion hasta dar cero
0454    0184    02C9    	subwf	49h,f
0455    0185    1D03    	btfss	status,2	;pregunta si la cuenta dio cero
0456    0186    298C    	goto	no37
0457    0187    083B    	movfw	3bh		;mantiene el color adentro (amarillo)
0458    0188    009C    	movwf	1ch		;lo usara despues para mostrarlo en la segunda fase
0459    0189    3002    	movlw	.2		;el .1 equivale al color
0460    018A    00CC    	movwf	4ch		;se guardara en 4bh para luego en la resta se dira si fue correcto o no
0461    018B    29A7    	goto	P2		;funcion de saber si se preciono bien o no
0462    018C            	
0463    018C    300F    no37	movlw	.15		;Repite la operacion hasta dar cero
0464    018D    02C9    	subwf	49h,f
0465    018E    1D03    	btfss	status,2	;pregunta si la cuenta dio cero
0466    018F    2995    	goto	no38
0467    0190    083C    	movfw	3ch		;mantiene el color adentro (azul)
0468    0191    009C    	movwf	1ch		;lo usara despues para mostrarlo en la segunda fase
0469    0192    3003    	movlw	.3		;el .1 equivale al color
0470    0193    00CC    	movwf	4ch		;se guardara en 4bh para luego en la resta se dira si fue correcto o no
0471    0194    29A7    	goto	P2		;funcion de saber si se preciono bien o no
0472    0195            
0473    0195    300F    no38	movlw	.15		;Repite la operacion hasta dar cero
0474    0196    02C9    	subwf	49h,f
0475    0197    1D03    	btfss	status,2	;pregunta si la cuenta dio cero
0476    0198    299E    	goto	no39
0477    0199    083D    	movfw	3dh		;mantiene el color adentro (rojo)
0478    019A    009C    	movwf	1ch		;lo usara despues para mostrarlo en la segunda fase
0479    019B    3004    	movlw	.4		;el .1 equivale al color
0480    019C    00CC    	movwf	4ch		;se guardara en 4bh para luego en la resta se dira si fue correcto o no
0481    019D    29A7    	goto	P2		;funcion de saber si se preciono bien o no
0482    019E            
0483    019E    300F    no39	movlw	.15		;Repite la operacion hasta dar cero
0484    019F    02C9    	subwf	49h,f
0485    01A0    1D03    	btfss	status,2	;pregunta si la cuenta dio cero
0486    01A1    2979    	goto	R2
0487    01A2    083E    	movfw	3eh		;mantiene el color adentro (blanco)
0488    01A3    009C    	movwf	1ch		;lo usara despues para mostrarlo en la segunda fase
0489    01A4    3005    	movlw	.5		;el .1 equivale al color
0490    01A5    00CC    	movwf	4ch		;se guardara en 4bh para luego en la resta se dira si fue correcto o no
0491    01A6    29A7    	goto	P2		;funcion de saber si se preciono bien o no
0492    01A7            
0493    01A7            P2	;Funcion si se preciono bien o no---------------------------------------
0494    01A7    3001    	movlw	.1
0495    01A8    0290    	subwf	10h,f
0496    01A9    1D03    	btfss	status,2	;Z = 1 osea que si dio cero la resta
0497    01AA    29B0    	goto	no40	 	;Significa que solo dio una vuelta y pregunta por el primero
0498    01AB    0840    	movfw	40h		;si es si
0499    01AC    024B    	subwf	4bh,w		;al ser ,w mantiene el valor que adquirio paras otras fases
0500    01AD    1D03    	btfss	status,2	;Z = 1 osea que si dio cero la resta
0501    01AE    2B16    	goto	perdi
0502    01AF    29B6    	goto	bien2
0503    01B0            
0504    01B0    0840    no40	movfw	40h		;si es si
0505    01B1    024A    	subwf	4ah,w		;al ser ,w mantiene el valor que adquirido para otras fases
0506    01B2    1D03    	btfss	status,2	;Z = 1 osea que si dio cero la resta
0507    01B3    2B16    	goto	perdi
0508    01B4    2355    	call	demora2
0509    01B5    293D    	goto	j2		;Vuelve para la segunda vuelta
0510    01B6            
0511    01B6            	;Tercera Fase del simon say---------------------------------------------
0512    01B6    0186    bien2	clrf	portb		;Esta demas por las dudas
0513    01B7    1406    	bsf	portb,0		;Muestre el Ra0 (ej: Verde)
0514    01B8    2342    	call	demorav		;Demora variable
0515    01B9    1006    	bcf	portb,0		;Apaga el Ra0
0516    01BA    2355    	call	demora2
0517    01BB    081B    	movfw	1bh		
0518    01BC    0086    	movwf	portb
0519    01BD    2342    	call	demorav
0520    01BE    0186    	clrf	portb
0521    01BF    2355    	call	demora2
0522    01C0    081C    	movfw	1ch		
0523    01C1    0086    	movwf	portb
0524    01C2    2342    	call	demorav
0525    01C3    0186    	clrf	portb	
0526    01C4    3002    	movlw	.2
0527    01C5    0090    	movwf	10h
0528    01C6    3003    	movlw	.3
0529    01C7    008C    	movwf	0ch
0530    01C8            
0531    01C8            	;configuraciones de los colores a prender
0532    01C8    1406    	bsf   portb,0      ;Verde prende
0533    01C9    0806    	movfw   portb
0534    01CA    00BA    	movwf   3ah
0535    01CB    0186    	clrf   PORTB      ;TODO EN 0
0536    01CC    1486    	bsf   portb,1      ;Amarillo prende
0537    01CD    0806    	movfw   portb
0538    01CE    00BB    	movwf   3bh
0539    01CF    0186    	clrf   PORTB      ;TODO EN 0          
0540    01D0    1506    	bsf   portb,2      ;Azul prende
0541    01D1    0806    	movfw   portb
0542    01D2    00BC    	movwf   3ch
0543    01D3    0186    	clrf   PORTB      ;TODO EN 0           
0544    01D4    1586    	bsf   portb,3      ;Rojo prende
0545    01D5    0806    	movfw   portb
0546    01D6    00BD    	movwf   3dh
0547    01D7    0186    	clrf   PORTB      ;TODO EN 0
0548    01D8    1606    	bsf   portb,4      ;Blanco prende
0549    01D9    0806    	movfw   portb
0550    01DA    00BE    	movwf   3eh
0551    01DB    0186    	clrf   PORTB      ;TODO EN 0
0552    01DC            
0553    01DC            	;Empiesa las preguntas-------------------------------------------------
0554    01DC    1C05    j3	btfss   porta,0     	;aprete el puerto A,0?
0555    01DD    29E8    	goto   no410     	;si es no me voy a preguntar por los otros puertos
0556    01DE    3001    	movlw   .1      	;si es si
0557    01DF    00C0    	movwf   40h      	;variable para restar despues
0558    01E0    1406    	bsf   portb,0      	;Prende el color del puertob,0         
0559    01E1            	;Primera pregunta de la funcion aleatoria-------------------------------
0560    01E1    234E            call   demora1      	;Anti rebote de 50mseg
0561    01E2    1805    w11	btfsc   porta,0      	;primera pregunta aleatoria
0562    01E3    29E5    	goto	no41
0563    01E4    2A18    	goto	R3		;es la parte de la funcion aleatoria
0564    01E5    3001    no41	movlw	.1		
0565    01E6    07C9    	addwf	49h,f		;Se le suma .1 al 49h que es una memoria
0566    01E7    29E2    	goto	w11
0567    01E8            
0568    01E8            no410	;Pregunta por el otro pulsador-----------------------------------------
0569    01E8    1C85    	btfss   porta,1     	;aprete el puerto A,1?
0570    01E9    29F4    	goto   no42      	;si es no me voy a preguntar por los otros puertos
0571    01EA    3002    	movlw   .2      	;si es si
0572    01EB    00C0    	movwf   40h      	;variable para restar despues
0573    01EC    1486    	bsf   portb,1      	;Prende el color del puertob,1         
0574    01ED            	;Primera pregunta de la funcion aleatoria-------------------------------
0575    01ED    234E            call   demora1      	;Anti rebote de 50mseg
0576    01EE    1885    w12	btfsc   porta,1      	;primera pregunta aleatoria
0577    01EF    29F1    	goto	no43
0578    01F0    2A18    	goto	R3		;es la parte de la funcion aleatoria
0579    01F1    3001    no43	movlw	.1		
0580    01F2    07C9    	addwf	49h,f		;Se le suma .1 al 49h que es una memoria
0581    01F3    29EE    	goto	w12
0582    01F4            
0583    01F4    1D05    no42	btfss   porta,2     	;aprete el puerto A,2?
0584    01F5    2A00    	goto   no44     	;si es no me voy a preguntar por los otros puertos
0585    01F6    3003    	movlw   .3	     	;si es si
0586    01F7    00C0    	movwf   40h      	;variable para restar despues
0587    01F8    1506    	bsf   portb,2      	;Prende el color del puertob,2         
0588    01F9            	;Primera pregunta de la funcion aleatoria-------------------------------
0589    01F9    234E            call   demora1      	;Anti rebote de 50mseg
0590    01FA    1905    w13	btfsc   porta,2      	;primera pregunta aleatoria
0591    01FB    29FD    	goto	no45
0592    01FC    2A18    	goto	R3		;es la parte de la funcion aleatoria
0593    01FD    3001    no45	movlw	.1		
0594    01FE    07C9    	addwf	49h,f		;Se le suma .1 al 49h que es una memoria
0595    01FF    29FA    	goto	w13
0596    0200            
0597    0200    1D85    no44	btfss   porta,3     	;aprete el puerto A,3?
0598    0201    2A0C    	goto   no46     	;si es no me voy a preguntar por los otros puertos
0599    0202    3004    	movlw   .4	     	;si es si
0600    0203    00C0    	movwf   40h      	;variable para restar despues
0601    0204    1586    	bsf   	portb,3      	;Prende el color del puertob,3         
0602    0205            	;Primera pregunta de la funcion aleatoria-------------------------------
0603    0205    234E            call   demora1      	;Anti rebote de 50mseg
0604    0206    1985    w14	btfsc   porta,3      	;primera pregunta aleatoria
0605    0207    2A09    	goto	no47
0606    0208    2A18    	goto	R3		;es la parte de la funcion aleatoria
0607    0209    3001    no47	movlw	.1		
0608    020A    07C9    	addwf	49h,f		;Se le suma .1 al 49h que es una memoria
0609    020B    2A06    	goto	w14
0610    020C            
0611    020C    1E05    no46	btfss   porta,4     	;aprete el puerto A,4?
0612    020D    29DC    	goto   	j3    		;si es no me voy a preguntar por los otros puertos
0613    020E    3005    	movlw   .5	     	;si es si
0614    020F    00C0    	movwf   40h      	;variable para restar despues
0615    0210    1606    	bsf   	portb,4      	;Prende el color del puertob,4         
0616    0211            	;Primera pregunta de la funcion aleatoria-------------------------------
0617    0211    234E            call   demora1      	;Anti rebote de 50mseg
0618    0212    1A05    w15	btfsc   porta,4      	;primera pregunta aleatoria
0619    0213    2A15    	goto	no48
0620    0214    2A18    	goto	R3		;es la parte de la funcion aleatoria
0621    0215    3001    no48	movlw	.1		
0622    0216    07C9    	addwf	49h,f		;Se le suma .1 al 49h que es una memoria
0623    0217    2A12    	goto	w15
0624    0218            
0625    0218            	;parte aleatoria para la proxima fase con desconteo de 49h--------------
0626    0218    0186    R3	clrf	portb
0627    0219            
0628    0219    3023    R3m	movlw	.35		;Repite la operacion hasta dar cero
0629    021A    02C9    	subwf	49h,f
0630    021B    1D03    	btfss	status,2	;pregunta si la cuenta dio cero
0631    021C    2A22    	goto	no49
0632    021D    083A    	movfw	3ah		;mantiene el color adentro (verde)
0633    021E    009D    	movwf	1dh		;lo usara despues para mostrarlo en la segunda fase
0634    021F    3001    	movlw	.1		;el .1 equivale al color
0635    0220    00CD    	movwf	4dh		;se guardara en 4bh para luego en la resta se dira si fue correcto o no
0636    0221    2A46    	goto	P3		;funcion de saber si se preciono bien o no
0637    0222            
0638    0222    3023    no49	movlw	.35		;Repite la operacion hasta dar cero
0639    0223    02C9    	subwf	49h,f
0640    0224    1D03    	btfss	status,2	;pregunta si la cuenta dio cero
0641    0225    2A2B    	goto	no50
0642    0226    083B    	movfw	3bh		;mantiene el color adentro (amarillo)
0643    0227    009D    	movwf	1dh		;lo usara despues para mostrarlo en la segunda fase
0644    0228    3002    	movlw	.2		;el .1 equivale al color
0645    0229    00CD    	movwf	4dh		;se guardara en 4bh para luego en la resta se dira si fue correcto o no
0646    022A    2A46    	goto	P3		;funcion de saber si se preciono bien o no
0647    022B            	
0648    022B    3023    no50	movlw	.35		;Repite la operacion hasta dar cero
0649    022C    02C9    	subwf	49h,f
0650    022D    1D03    	btfss	status,2	;pregunta si la cuenta dio cero
0651    022E    2A34    	goto	no51
0652    022F    083C    	movfw	3ch		;mantiene el color adentro (azul)
0653    0230    009D    	movwf	1dh		;lo usara despues para mostrarlo en la segunda fase
0654    0231    3003    	movlw	.3		;el .1 equivale al color
0655    0232    00CD    	movwf	4dh		;se guardara en 4bh para luego en la resta se dira si fue correcto o no
0656    0233    2A46    	goto	P3		;funcion de saber si se preciono bien o no
0657    0234            
0658    0234    3023    no51	movlw	.35		;Repite la operacion hasta dar cero
0659    0235    02C9    	subwf	49h,f
0660    0236    1D03    	btfss	status,2	;pregunta si la cuenta dio cero
0661    0237    2A3D    	goto	no52
0662    0238    083D    	movfw	3dh		;mantiene el color adentro (rojo)
0663    0239    009D    	movwf	1dh		;lo usara despues para mostrarlo en la segunda fase
0664    023A    3004    	movlw	.4		;el .1 equivale al color
0665    023B    00CD    	movwf	4dh		;se guardara en 4bh para luego en la resta se dira si fue correcto o no
0666    023C    2A46    	goto	P3		;funcion de saber si se preciono bien o no
0667    023D            
0668    023D    3023    no52	movlw	.35		;Repite la operacion hasta dar cero
0669    023E    02C9    	subwf	49h,f
0670    023F    1D03    	btfss	status,2	;pregunta si la cuenta dio cero
0671    0240    2A19    	goto	R3m
0672    0241    083E    	movfw	3eh		;mantiene el color adentro (blanco)
0673    0242    009D    	movwf	1dh		;lo usara despues para mostrarlo en la segunda fase
0674    0243    3005    	movlw	.5		;el .1 equivale al color
0675    0244    00CD    	movwf	4dh		;se guardara en 4bh para luego en la resta se dira si fue correcto o no
0676    0245    2A46    	goto	P3		;funcion de saber si se preciono bien o no
0677    0246            
0678    0246            	;Funcion si se preciono bien o no---------------------------------------
0679    0246    3001    P3	movlw	.1
0680    0247    028C    	subwf	0CH,f
0681    0248    1D03    	btfss	status,2
0682    0249    2A4F    	goto	no53
0683    024A    0840    	movfw	40h
0684    024B    024C    	subwf	4ch,w
0685    024C    1D03    	btfss	status,2
0686    024D    2B16    	goto	perdi
0687    024E    2A5E    	goto	bien3
0688    024F            
0689    024F    3001    no53	movlw	.1
0690    0250    0290    	subwf	10h,f
0691    0251    1D03    	btfss	status,2	;Z = 1 osea que si dio cero la resta
0692    0252    2A58    	goto	no54	 	;Significa que solo dio una vuelta y pregunta por el primero
0693    0253    0840    	movfw	40h		;si es si
0694    0254    024B    	subwf	4bh,w		;al ser ,w mantiene el valor que adquirio paras otras fases
0695    0255    1D03    	btfss	status,2	;Z = 1 osea que si dio cero la resta
0696    0256    2B16    	goto	perdi
0697    0257    29DC    	goto	j3
0698    0258            
0699    0258    0840    no54	movfw	40h		;si es si
0700    0259    024A    	subwf	4ah,w		;al ser ,w mantiene el valor que adquirido para otras fases
0701    025A    1D03    	btfss	status,2	;Z = 1 osea que si dio cero la resta
0702    025B    2B16    	goto	perdi
0703    025C    2355    	call	demora2
0704    025D    29DC    	goto	j3		;Vuelve para la segunda vuelta
0705    025E            
0706    025E            	;Cuarta fase de simon say-----------------------------------------------
0707    025E    0186    bien3	clrf	portb		;Esta demas por las dudas
0708    025F    1406    	bsf	portb,0		;Muestre el Ra0 (ej: Verde)
0709    0260    2342    	call	demorav		;Demora variable
0710    0261    1006    	bcf	portb,0		;Apaga el Ra0
0711    0262    2355    	call	demora2
0712    0263    081B    	movfw	1bh		
0713    0264    0086    	movwf	portb
0714    0265    2342    	call	demorav
0715    0266    0186    	clrf	portb
0716    0267    2355    	call	demora2
0717    0268    081C    	movfw	1ch		
0718    0269    0086    	movwf	portb
0719    026A    2342    	call	demorav
0720    026B    0186    	clrf	portb
0721    026C    2355    	call	demora2
0722    026D    081D    	movfw	1dh		
0723    026E    0086    	movwf	portb
0724    026F    2342    	call	demorav
0725    0270    0186    	clrf	portb		
0726    0271    3002    	movlw	.2
0727    0272    0090    	movwf	10h
0728    0273    3003    	movlw	.3
0729    0274    008C    	movwf	0ch
0730    0275    3004    	movlw	.4
0731    0276    008D    	movwf	0dh
0732    0277            	;configuraciones de los colores a prender
0733    0277    1406    	bsf   portb,0      ;Verde prende
0734    0278    0806    	movfw   portb
0735    0279    00BA    	movwf   3ah
0736    027A    0186    	clrf   PORTB      ;TODO EN 0
0737    027B    1486    	bsf   portb,1      ;Amarillo prende
0738    027C    0806    	movfw   portb
0739    027D    00BB    	movwf   3bh
0740    027E    0186    	clrf   PORTB      ;TODO EN 0          
0741    027F    1506    	bsf   portb,2      ;Azul prende
0742    0280    0806    	movfw   portb
0743    0281    00BC    	movwf   3ch
0744    0282    0186    	clrf   PORTB      ;TODO EN 0           
0745    0283    1586    	bsf   portb,3      ;Rojo prende
0746    0284    0806    	movfw   portb
0747    0285    00BD    	movwf   3dh
0748    0286    0186    	clrf   PORTB      ;TODO EN 0
0749    0287    1606    	bsf   portb,4      ;Blanco prende
0750    0288    0806    	movfw   portb
0751    0289    00BE    	movwf   3eh
0752    028A    0186    	clrf   PORTB      ;TODO EN 0
0753    028B            
0754    028B            	;Empiesa las preguntas-------------------------------------------------
0755    028B    1C05    j4	btfss   porta,0     	;aprete el puerto A,0?
0756    028C    2A97    	goto   no55     	;si es no me voy a preguntar por los otros puertos
0757    028D    3001    	movlw   .1      	;si es si
0758    028E    00C0    	movwf   40h      	;variable para restar despues
0759    028F    1406    	bsf   portb,0      	;Prende el color del puertob,0         
0760    0290            	;Primera pregunta de la funcion aleatoria-------------------------------
0761    0290    234E            call   demora1      	;Anti rebote de 50mseg
0762    0291    1805    w16	btfsc   porta,0      	;primera pregunta aleatoria
0763    0292    2A94    	goto	no56
0764    0293    2AC7    	goto	R4		;es la parte de la funcion aleatoria
0765    0294    3001    no56	movlw	.1		
0766    0295    07C9    	addwf	49h,f		;Se le suma .1 al 49h que es una memoria
0767    0296    2A91    	goto	w16
0768    0297            
0769    0297            no55	;Pregunta por el otro--------------------------------------------------
0770    0297    1C85    	btfss   porta,1     	;aprete el puerto A,1?
0771    0298    2AA3    	goto   no57     	;si es no me voy a preguntar por los otros puertos
0772    0299    3002    	movlw   .2      	;si es si
0773    029A    00C0    	movwf   40h      	;variable para restar despues
0774    029B    1486    	bsf   portb,1      	;Prende el color del puertob,1         
0775    029C            	;Primera pregunta de la funcion aleatoria-------------------------------
0776    029C    234E            call   demora1      	;Anti rebote de 50mseg
0777    029D    1885    w17	btfsc   porta,1      	;primera pregunta aleatoria
0778    029E    2AA0    	goto	no58
0779    029F    2AC7    	goto	R4		;es la parte de la funcion aleatoria
0780    02A0    3001    no58	movlw	.1		
0781    02A1    07C9    	addwf	49h,f		;Se le suma .1 al 49h que es una memoria
0782    02A2    2A9D    	goto	w17
0783    02A3            
0784    02A3    1D05    no57	btfss   porta,2     	;aprete el puerto A,2?
0785    02A4    2AAF    	goto   no59     	;si es no me voy a preguntar por los otros puertos
0786    02A5    3003    	movlw   .3      	;si es si
0787    02A6    00C0    	movwf   40h      	;variable para restar despues
0788    02A7    1506    	bsf   portb,2      	;Prende el color del puertob,2         
0789    02A8            	;Primera pregunta de la funcion aleatoria-------------------------------
0790    02A8    234E            call   demora1      	;Anti rebote de 50mseg
0791    02A9    1905    w18	btfsc   porta,2      	;primera pregunta aleatoria
0792    02AA    2AAC    	goto	no60
0793    02AB    2AC7    	goto	R4		;es la parte de la funcion aleatoria
0794    02AC    3001    no60	movlw	.1		
0795    02AD    07C9    	addwf	49h,f		;Se le suma .1 al 49h que es una memoria
0796    02AE    2AA9    	goto	w18
0797    02AF            
0798    02AF    1D85    no59	btfss   porta,3     	;aprete el puerto A,3?
0799    02B0    2ABB    	goto   no61     	;si es no me voy a preguntar por los otros puertos
0800    02B1    3004    	movlw   .4      	;si es si
0801    02B2    00C0    	movwf   40h      	;variable para restar despues
0802    02B3    1586    	bsf   portb,3      	;Prende el color del puertob,3         
0803    02B4            	;Primera pregunta de la funcion aleatoria-------------------------------
0804    02B4    234E            call   demora1      	;Anti rebote de 50mseg
0805    02B5    1985    w19	btfsc   porta,3      	;primera pregunta aleatoria
0806    02B6    2AB8    	goto	no62
0807    02B7    2AC7    	goto	R4		;es la parte de la funcion aleatoria
0808    02B8    3001    no62	movlw	.1		
0809    02B9    07C9    	addwf	49h,f		;Se le suma .1 al 49h que es una memoria
0810    02BA    2AB5    	goto	w19
0811    02BB            
0812    02BB    1E05    no61	btfss   porta,4     	;aprete el puerto A,4?
0813    02BC    2A8B    	goto  	j4     		;si es no me voy a preguntar por los otros puertos
0814    02BD    3005    	movlw   .5      	;si es si
0815    02BE    00C0    	movwf   40h      	;variable para restar despues
0816    02BF    1606    	bsf   portb,4      	;Prende el color del puertob,4         
0817    02C0            	;Primera pregunta de la funcion aleatoria-------------------------------
0818    02C0    234E            call   demora1      	;Anti rebote de 50mseg
0819    02C1    1A05    w20	btfsc   porta,4      	;primera pregunta aleatoria
0820    02C2    2AC4    	goto	no63
0821    02C3    2AC7    	goto	R4		;es la parte de la funcion aleatoria
0822    02C4    3001    no63	movlw	.1		
0823    02C5    07C9    	addwf	49h,f		;Se le suma .1 al 49h que es una memoria
0824    02C6    2AC1    	goto	w20
0825    02C7            
0826    02C7            R4	;parte aleatoria para la proxima fase con desconteo de 49h--------------
0827    02C7    0186    	clrf	portb
0828    02C8    3005    RAm	movlw	.5		;Repite la operacion hasta dar cero
0829    02C9    02C9    	subwf	49h,f
0830    02CA    1D03    	btfss	status,2	;pregunta si la cuenta dio cero
0831    02CB    2AD1    	goto	no64
0832    02CC    083A    	movfw	3ah		;mantiene el color adentro (verde)
0833    02CD    009E    	movwf	1eh		;lo usara despues para mostrarlo en la segunda fase
0834    02CE    3001    	movlw	.1		;el .1 equivale al color
0835    02CF    00CE    	movwf	4eh		;se guardara en 4bh para luego en la resta se dira si fue correcto o no
0836    02D0    2AF5    	goto	P4		;funcion de saber si se preciono bien o no
0837    02D1            
0838    02D1    3005    no64	movlw	.5		;Repite la operacion hasta dar cero
0839    02D2    02C9    	subwf	49h,f
0840    02D3    1D03    	btfss	status,2	;pregunta si la cuenta dio cero
0841    02D4    2ADA    	goto	no65
0842    02D5    083B    	movfw	3bh		;mantiene el color adentro (amarillo)
0843    02D6    009E    	movwf	1eh		;lo usara despues para mostrarlo en la segunda fase
0844    02D7    3002    	movlw	.2		;el .1 equivale al color
0845    02D8    00CE    	movwf	4eh		;se guardara en 4bh para luego en la resta se dira si fue correcto o no
0846    02D9    2AF5    	goto	P4		;funcion de saber si se preciono bien o no
0847    02DA            	
0848    02DA    3005    no65	movlw	.5		;Repite la operacion hasta dar cero
0849    02DB    02C9    	subwf	49h,f
0850    02DC    1D03    	btfss	status,2	;pregunta si la cuenta dio cero
0851    02DD    2AE3    	goto	no66
0852    02DE    083C    	movfw	3ch		;mantiene el color adentro (azul)
0853    02DF    009E    	movwf	1eh		;lo usara despues para mostrarlo en la segunda fase
0854    02E0    3003    	movlw	.3		;el .1 equivale al color
0855    02E1    00CE    	movwf	4eh		;se guardara en 4bh para luego en la resta se dira si fue correcto o no
0856    02E2    2AF5    	goto	P4		;funcion de saber si se preciono bien o no
0857    02E3            
0858    02E3    3005    no66	movlw	.5		;Repite la operacion hasta dar cero
0859    02E4    02C9    	subwf	49h,f
0860    02E5    1D03    	btfss	status,2	;pregunta si la cuenta dio cero
0861    02E6    2AEC    	goto	no67
0862    02E7    083D    	movfw	3dh		;mantiene el color adentro (rojo)
0863    02E8    009E    	movwf	1eh		;lo usara despues para mostrarlo en la segunda fase
0864    02E9    3004    	movlw	.4		;el .1 equivale al color
0865    02EA    00CE    	movwf	4eh		;se guardara en 4bh para luego en la resta se dira si fue correcto o no
0866    02EB    2AF5    	goto	P4		;funcion de saber si se preciono bien o no
0867    02EC            
0868    02EC    3005    no67	movlw	.5		;Repite la operacion hasta dar cero
0869    02ED    02C9    	subwf	49h,f
0870    02EE    1D03    	btfss	status,2	;pregunta si la cuenta dio cero
0871    02EF    2AC8    	goto	RAm		;Vuelve para arriba
0872    02F0    083E    	movfw	3eh		;mantiene el color adentro (blanco)
0873    02F1    009E    	movwf	1eh		;lo usara despues para mostrarlo en la segunda fase
0874    02F2    3005    	movlw	.5		;el .1 equivale al color
0875    02F3    00CE    	movwf	4eh		;se guardara en 4bh para luego en la resta se dira si fue correcto o no
0876    02F4    2AF5    	goto	P4		;funcion de saber si se preciono bien o no
0877    02F5            
0878    02F5            	;Funcion si se preciono bien o no---------------------------------------
0879    02F5    3001    P4	movlw	.1
0880    02F6    028D    	subwf	0dh,f
0881    02F7    1D03    	btfss	status,2
0882    02F8    2AFE    	goto	no70
0883    02F9    0840    	movfw	40h
0884    02FA    024D    	subwf	4dh,w
0885    02FB    1D03    	btfss	status,2
0886    02FC    2B16    	goto	perdi
0887    02FD    2B2E    	goto	win
0888    02FE            	
0889    02FE    3001    no70	movlw	.1
0890    02FF    028C    	subwf	0CH,f
0891    0300    1D03    	btfss	status,2	;Z = 1 osea que si dio cero la resta
0892    0301    2B07    	goto	no68		;Significa que solo dio una vuelta y pregunta por el primero
0893    0302    0840    	movfw	40h
0894    0303    024C    	subwf	4ch,w		;al ser ,w mantiene el valor que adquirio paras otras fases
0895    0304    1D03    	btfss	status,2	;Z = 1 osea que si dio cero la resta
0896    0305    2B16    	goto	perdi
0897    0306    2A8B    	goto	j4
0898    0307            
0899    0307    3001    no68	movlw	.1
0900    0308    0290    	subwf	10h,f
0901    0309    1D03    	btfss	status,2	;Z = 1 osea que si dio cero la resta
0902    030A    2B10    	goto	no69	 	;Significa que solo dio una vuelta y pregunta por el primero
0903    030B    0840    	movfw	40h		;si es si
0904    030C    024B    	subwf	4bh,w		;al ser ,w mantiene el valor que adquirio paras otras fases
0905    030D    1D03    	btfss	status,2	;Z = 1 osea que si dio cero la resta
0906    030E    2B16    	goto	perdi
0907    030F    2A8B    	goto	j4
0908    0310            
0909    0310    0840    no69	movfw	40h		;si es si
0910    0311    024A    	subwf	4ah,w		;al ser ,w mantiene el valor que adquirido para otras fases
0911    0312    1D03    	btfss	status,2	;Z = 1 osea que si dio cero la resta
0912    0313    2B16    	goto	perdi
0913    0314    2355    	call	demora2
0914    0315    2A8B    	goto	j4		;Vuelve para la segunda vuelta
0915    0316            
0916    0316            	;Perdiste (Game Over)----------------------------------------------------
0917    0316    1406    Perdi	bsf	portb,0
0918    0317    1486    	bsf	portb,1
0919    0318    1506    	bsf	portb,2
0920    0319    1586    	bsf	portb,3
0921    031A    1606    	bsf	portb,4
0922    031B    2355    	call 	demora2
0923    031C    0186    	clrf	portb
0924    031D    2355    	call 	demora2
0925    031E    1406    	bsf	portb,0
0926    031F    1486    	bsf	portb,1
0927    0320    1506    	bsf	portb,2
0928    0321    1586    	bsf	portb,3
0929    0322    1606    	bsf	portb,4
0930    0323    2342    	call 	demorav
0931    0324    0186    	clrf	portb
0932    0325    2355    	call 	demora2
0933    0326    1406    	bsf	portb,0
0934    0327    1486    	bsf	portb,1
0935    0328    1506    	bsf	portb,2
0936    0329    1586    	bsf	portb,3
0937    032A    1606    	bsf	portb,4
0938    032B    2355    	call 	demora2
0939    032C    0186    	clrf	portb
0940    032D    2830    	goto	inicio
0941    032E            	;Ganaste (Win)------------------------------------------------------------
0942    032E    1406    win	bsf	portb,0
0943    032F    2355    	call	demora2
0944    0330    1486    	bsf	portb,1
0945    0331    2355    	call	demora2
0946    0332    1506    	bsf	portb,2
0947    0333    2342    	call	demorav
0948    0334    1586    	bsf	portb,3
0949    0335    2355    	call	demora2
0950    0336    1606    	bsf	portb,4
0951    0337    2355    	call	demora2
0952    0338    0186    	clrf	portb
0953    0339    2355    	call 	demora2
0954    033A    1406    	bsf	portb,0
0955    033B    1486    	bsf	portb,1
0956    033C    1506    	bsf	portb,2
0957    033D    1586    	bsf	portb,3
0958    033E    1606    	bsf	portb,4
0959    033F    2355    	call 	demora2
0960    0340    0186    	clrf	portb
0961    0341    2830    	goto	inicio 
0962    0342            	;Demoras de tiempos------------------------------------------------------
0963    0342    0181    demorav	clrf	TMR0      	;TMR0=0 limpio el timer
0964    0343    0830    	movfw   30h		;va 30H
0965    0344    00BF    	movwf   3FH      	;permanente
0966    0345    110B    pipa    bcf	intcon,2
0967    0346    303D    	movlw	.61		;variable (tengo .61 = 50mseg) ESTABA 31H
0968    0347    0081    	movwf   TMR0		;Permanente, 31h le pasa el .61 al timer
0969    0348    1D0B    ni      btfss   intcon,2	;cuenta hasta llegar a cero
0970    0349    2B48    	goto	ni		;repite hasta llegar a cero
0971    034A    2B4B    	goto	si9		;llego a cero intcon,2
0972    034B    0BBF    si9     decfsz	3FH,f		;es la variable que se resta
0973    034C    2B45    	goto	pipa
0974    034D    0008    	return          	;vuelve de donde vino----------------------------
0975    034E    0181    demora1	clrf   TMR0		;limpiando timer, hacer de 50 mseg
0976    034F    303D    	movlw   d'61'		;Seria .61
0977    0350    0081    	movwf   TMR0		;TMRO=178
0978    0351    1D0B    N	btfss	intcon,2
0979    0352    2B51    	goto	N
0980    0353    110B    	bcf	intcon,2
0981    0354    0008    	return			;;vuelve de donde vino----------------------------
0982    0355    0181    demora2	clrf	TMR0      	;TMR0=0 limpio el timer
0983    0356    3005    	movlw   .5		;con esto hace un demora de 500 mseg
0984    0357    00C8    	movwf   48H      	;permanente
0985    0358    110B    pipa2   bcf	intcon,2
0986    0359    303D    	movlw	.61		;variable (tengo .61 = 50mseg) ESTABA 31H
0987    035A    0081    	movwf   TMR0		;Permanente, 31h le pasa el .61 al timer
0988    035B    1D0B    niii    btfss   intcon,2	;cuenta hasta llegar a cero
0989    035C    2B5B    	goto	niii		;repite hasta llegar a cero
0990    035D    2B5E    	goto	siz		;llego a cero intcon,2
0991    035E    0BC8    siz     decfsz	48H,f		;es la variable que se resta
0992    035F    2B58    	goto	pipa2
0993    0360    0008    	return			;vuelve de donde vino----------------------------
0994    0361    0181    demora3	clrf	TMR0      	;TMR0=0 limpio el timer
0995    0362    3001    	movlw   .1		;con esto hace un demora de 500 mseg
0996    0363    00C7    	movwf   47H      	;permanente
0997    0364    110B    pipa3   bcf	intcon,2
0998    0365    30FF    	movlw	.255		;variable (tengo .61 = 50mseg) ESTABA 31H
0999    0366    0081    	movwf   TMR0		;Permanente, 31h le pasa el .61 al timer
1000    0367    1D0B    niiii   btfss   intcon,2	;cuenta hasta llegar a cero
1001    0368    2B67    	goto	niiii		;repite hasta llegar a cero
1002    0369    2B6A    	goto	sizz		;llego a cero intcon,2
1003    036A    0BC7    sizz     decfsz	47H,f		;es la variable que se resta
1004    036B    2B64    	goto	pipa3
1005    036C    0008    	return			;vuelve de donde vino----------------------------
---------------------------------------------
Number of errors = 0
